INFO  2019-04-08T15:46:34,673 (com.serotonin.m2m2.Main.main:101) - Starting Mango 3.5.6 with Schema Version: 26 
INFO  2019-04-08T15:46:36,437 (com.serotonin.m2m2.Main.loadModules:588) - Loading module 'asciiFile', v3.5.0 by Infinite Automation Systems Inc. 
INFO  2019-04-08T15:46:36,489 (com.serotonin.m2m2.Main.loadModules:588) - Loading module 'BACnet', v3.5.1 by Infinite Automation Systems Inc. 
INFO  2019-04-08T15:46:36,510 (com.serotonin.m2m2.Main.loadModules:588) - Loading module 'controlcore', v3.5.0 by Infinite Automation Systems Inc. 
INFO  2019-04-08T15:46:36,530 (com.serotonin.m2m2.Main.loadModules:588) - Loading module 'dashboardDesigner', v3.5.1 by Infinite Automation Systems Inc. 
INFO  2019-04-08T15:46:36,540 (com.serotonin.m2m2.util.DocumentationManifest.parseManifestFile:60) - Documentation manifest file not found: C:\free-m2m2-core-3.5.6\web\modules\dashboardDesigner\web\dox\manifest.xml 
INFO  2019-04-08T15:46:36,558 (com.serotonin.m2m2.Main.loadModules:588) - Loading module 'dataFile', v3.5.0 by Infinite Automation Systems Inc. 
INFO  2019-04-08T15:46:36,601 (com.serotonin.m2m2.Main.loadModules:588) - Loading module 'dataImport', v3.5.0 by Infinite Automation Systems Inc. 
INFO  2019-04-08T15:46:36,621 (com.serotonin.m2m2.Main.loadModules:588) - Loading module 'deviceConfig', v3.5.0 by Infinite Automation Systems Inc. 
INFO  2019-04-08T15:46:36,621 (com.serotonin.m2m2.util.DocumentationManifest.parseManifestFile:60) - Documentation manifest file not found: C:\free-m2m2-core-3.5.6\web\modules\deviceConfig\web\dox\manifest.xml 
INFO  2019-04-08T15:46:36,639 (com.serotonin.m2m2.Main.loadModules:588) - Loading module 'dnp3', v3.5.0 by Infinite Automation Systems Inc. 
INFO  2019-04-08T15:46:36,651 (com.serotonin.m2m2.Main.loadModules:588) - Loading module 'egauge', v3.5.0 by Infinite Automation Systems Inc. 
INFO  2019-04-08T15:46:36,671 (com.serotonin.m2m2.Main.loadModules:588) - Loading module 'envcands', v3.5.0 by Infinite Automation Systems Inc. 
INFO  2019-04-08T15:46:36,681 (com.serotonin.m2m2.Main.loadModules:588) - Loading module 'excelReports', v3.5.3 by Infinite Automation Systems Inc. 
INFO  2019-04-08T15:46:36,732 (com.serotonin.m2m2.Main.loadModules:588) - Loading module 'graphicalViews', v3.5.2 by Infinite Automation Systems Inc. 
INFO  2019-04-08T15:46:36,812 (com.serotonin.m2m2.Main.loadModules:588) - Loading module 'Haystack', v3.5.0 by Infinite Automation Systems Inc. 
INFO  2019-04-08T15:46:36,843 (com.serotonin.m2m2.Main.loadModules:588) - Loading module 'http', v3.5.1 by Infinite Automation Systems Inc. 
INFO  2019-04-08T15:46:36,873 (com.serotonin.m2m2.Main.loadModules:588) - Loading module 'jsonFileImport', v3.5.0 by Infinite Automation Systems Inc. 
INFO  2019-04-08T15:46:36,893 (com.serotonin.m2m2.Main.loadModules:588) - Loading module 'log4jDS', v3.5.0 by Infinite Automation Systems Inc. 
INFO  2019-04-08T15:46:36,934 (com.serotonin.m2m2.Main.loadModules:588) - Loading module 'log4JReset', v3.5.0 by Infinite Automation Systems Inc. 
INFO  2019-04-08T15:46:36,944 (com.serotonin.m2m2.Main.loadModules:588) - Loading module 'loggingConsole', v3.5.0 by Infinite Automation Systems Inc. 
INFO  2019-04-08T15:46:36,964 (com.serotonin.m2m2.Main.loadModules:588) - Loading module 'maintenanceEvents', v3.5.0 by Infinite Automation Systems Inc. 
INFO  2019-04-08T15:46:36,982 (com.serotonin.m2m2.Main.loadModules:588) - Loading module 'mangoApi', v3.5.2 by Infinite Automation Systems Inc. 
INFO  2019-04-08T15:46:37,025 (com.serotonin.m2m2.Main.loadModules:588) - Loading module 'mangoUI', v3.5.5 by Infinite Automation Systems Inc. 
INFO  2019-04-08T15:46:37,033 (com.serotonin.m2m2.util.DocumentationManifest.parseManifestFile:60) - Documentation manifest file not found: C:\free-m2m2-core-3.5.6\web\modules\mangoUI\web\dox\manifest.xml 
INFO  2019-04-08T15:46:37,216 (com.serotonin.m2m2.Main.loadModules:588) - Loading module 'mbus', v3.5.0 by Infinite Automation Systems Inc. 
INFO  2019-04-08T15:46:37,247 (com.serotonin.m2m2.Main.loadModules:588) - Loading module 'meta', v3.5.0 by Infinite Automation Systems Inc. 
INFO  2019-04-08T15:46:37,275 (com.serotonin.m2m2.Main.loadModules:588) - Loading module 'modbus', v3.5.0 by Infinite Automation Systems Inc. 
INFO  2019-04-08T15:46:37,317 (com.serotonin.m2m2.Main.loadModules:588) - Loading module 'onewire', v3.5.0 by Infinite Automation Systems Inc. 
INFO  2019-04-08T15:46:37,366 (com.serotonin.m2m2.Main.loadModules:588) - Loading module 'opcda', v3.5.0 by Infinite Automation Systems Inc. 
INFO  2019-04-08T15:46:37,378 (com.serotonin.m2m2.Main.loadModules:588) - Loading module 'pakbus', v3.5.4 by Infinite Automation Systems Inc. 
INFO  2019-04-08T15:46:37,416 (com.serotonin.m2m2.Main.loadModules:588) - Loading module 'pointLinks', v3.5.1 by Infinite Automation Systems Inc. 
INFO  2019-04-08T15:46:37,439 (com.serotonin.m2m2.Main.loadModules:588) - Loading module 'pop3', v3.5.0 by Infinite Automation Systems Inc. 
INFO  2019-04-08T15:46:37,469 (com.serotonin.m2m2.Main.loadModules:588) - Loading module 'reports', v3.5.0 by Infinite Automation Systems Inc. 
INFO  2019-04-08T15:46:37,530 (com.serotonin.m2m2.Main.loadModules:588) - Loading module 'scheduledEvents', v3.5.0 by Infinite Automation Systems Inc. 
INFO  2019-04-08T15:46:37,560 (com.serotonin.m2m2.Main.loadModules:588) - Loading module 'scripting', v3.5.1 by Infinite Automation Systems Inc. 
INFO  2019-04-08T15:46:37,580 (com.serotonin.m2m2.Main.loadModules:588) - Loading module 'serial', v3.5.1 by Infinite Automation Systems Inc. 
INFO  2019-04-08T15:46:37,590 (com.serotonin.m2m2.Main.loadModules:588) - Loading module 'snmp', v3.5.0 by Infinite Automation Systems Inc. 
INFO  2019-04-08T15:46:37,631 (com.serotonin.m2m2.Main.loadModules:588) - Loading module 'sqlConsole', v3.5.1 by Infinite Automation Systems Inc. 
INFO  2019-04-08T15:46:37,651 (com.serotonin.m2m2.Main.loadModules:588) - Loading module 'sqlds', v3.5.0 by Infinite Automation Systems Inc. 
INFO  2019-04-08T15:46:37,671 (com.serotonin.m2m2.Main.loadModules:588) - Loading module 'ssh', v3.5.0 by Infinite Automation Systems Inc. 
INFO  2019-04-08T15:46:37,691 (com.serotonin.m2m2.Main.loadModules:588) - Loading module 'sstGlobalScripts', v3.5.0 by Infinite Automation Systems Inc. 
INFO  2019-04-08T15:46:37,720 (com.serotonin.m2m2.Main.loadModules:588) - Loading module 'sstGraphics', v3.5.0 by Infinite Automation Systems Inc. 
INFO  2019-04-08T15:46:37,833 (com.serotonin.m2m2.Main.loadModules:588) - Loading module 'TCPIP', v3.5.0 by Infinite Automation Systems Inc. 
INFO  2019-04-08T15:46:37,863 (com.serotonin.m2m2.Main.loadModules:588) - Loading module 'templateConfig', v3.5.0 by Infinite Automation Systems Inc. 
INFO  2019-04-08T15:46:37,883 (com.serotonin.m2m2.Main.loadModules:588) - Loading module 'twilio', v3.5.0 by Infinite Automation Systems Inc. 
INFO  2019-04-08T15:46:37,923 (com.serotonin.m2m2.Main.loadModules:588) - Loading module 'virtualDS', v3.5.0 by Infinite Automation Systems Inc. 
INFO  2019-04-08T15:46:37,941 (com.serotonin.m2m2.Main.loadModules:588) - Loading module 'vmstat', v3.5.0 by Infinite Automation Systems Inc. 
INFO  2019-04-08T15:46:37,964 (com.serotonin.m2m2.Main.loadModules:588) - Loading module 'watchlists', v3.5.0 by Infinite Automation Systems Inc. 
INFO  2019-04-08T15:46:38,024 (com.serotonin.m2m2.Main.loadModules:588) - Loading module 'internal', v3.5.0 by Infinite Automation Systems Inc. 
INFO  2019-04-08T15:46:47,101 (com.serotonin.m2m2.Lifecycle.loadLic:604) - Checking license... 
INFO  2019-04-08T15:46:47,101 (com.serotonin.m2m2.Lifecycle.loadLic:690) - License file not found 
INFO  2019-04-08T15:46:47,615 (com.serotonin.m2m2.db.H2Proxy.initializeImpl:42) - Initializing H2 connection manager 
INFO  2019-04-08T15:46:54,157 (com.serotonin.m2m2.db.upgrade.DBUpgrade.checkUpgrade:38) - Starting instance with core version 3.5.6, db 26 
INFO  2019-04-08T15:46:59,659 (com.infiniteautomation.mango.spring.MangoRuntimeContextConfiguration.contextRefreshed:120) - Spring context 'runtimeContext' refreshed: org.springframework.context.annotation.AnnotationConfigApplicationContext@6d11ceef 
INFO  2019-04-08T15:46:59,687 (com.infiniteautomation.mango.spring.MangoRuntimeContextConfiguration.contextStarted:134) - Spring context 'runtimeContext' started: org.springframework.context.annotation.AnnotationConfigApplicationContext@6d11ceef 
INFO  2019-04-08T15:47:00,090 (com.serotonin.m2m2.rt.DataSourceGroupInitializer.initialize:77) - Initializing 2 NORMAL priority data sources in 8 threads. 
INFO  2019-04-08T15:47:00,143 (com.serotonin.m2m2.rt.RuntimeManagerImpl.initializeDataSourceStartup:380) - Data source 'Test' initialized 
INFO  2019-04-08T15:47:00,143 (com.serotonin.m2m2.rt.RuntimeManagerImpl.initializeDataSourceStartup:385) - Data source 'Test' took 41.469982ms to start 
INFO  2019-04-08T15:47:00,373 (com.serotonin.m2m2.rt.RuntimeManagerImpl.initializeDataSourceStartup:380) - Data source 'Mango Internal' initialized 
INFO  2019-04-08T15:47:00,373 (com.serotonin.m2m2.rt.RuntimeManagerImpl.initializeDataSourceStartup:385) - Data source 'Mango Internal' took 270.385531ms to start 
INFO  2019-04-08T15:47:00,403 (com.serotonin.m2m2.rt.DataSourceGroupInitializer.initialize:109) - Initialization of 2 NORMAL priority data sources took 313ms 
INFO  2019-04-08T15:47:00,514 (com.serotonin.m2m2.rt.RuntimeManagerImpl.initialize:156) - Starting 0 Publishers... 
INFO  2019-04-08T15:47:00,514 (com.serotonin.m2m2.rt.RuntimeManagerImpl.initialize:168) - 0 Publisher's started in 8ms 
INFO  2019-04-08T15:47:03,422 (com.serotonin.m2m2.web.M2M2ContextListener.contextInitialized:32) - Mango Automation context starting 
INFO  2019-04-08T15:47:03,422 (com.serotonin.m2m2.web.M2M2ContextListener.contextInitialized:40) - Mango Automation context started 
INFO  2019-04-08T15:47:08,821 (com.infiniteautomation.mango.spring.MangoRuntimeContextConfiguration.contextRefreshed:120) - Spring context 'rootWebContext' refreshed: Root WebApplicationContext 
WARN  2019-04-08T15:47:12,652 (org.springframework.web.servlet.handler.SimpleUrlHandlerMapping.registerHandlers:114) - Neither 'urlMap' nor 'mappings' set on SimpleUrlHandlerMapping 
INFO  2019-04-08T15:47:12,765 (com.infiniteautomation.mango.spring.MangoRuntimeContextConfiguration.contextRefreshed:120) - Spring context 'jspDispatcherContext' refreshed: WebApplicationContext for namespace 'JSP_DISPATCHER-servlet' 
INFO  2019-04-08T15:47:16,298 (com.serotonin.m2m2.web.mvc.rest.v1.BacnetDiscoveryRestController.<init>:54) - Creating Discovery Rest Controller 
INFO  2019-04-08T15:47:17,128 (com.serotonin.m2m2.web.mvc.rest.v1.DataPointRestController.<init>:76) - Creating Data Point Rest Controller. 
INFO  2019-04-08T15:47:17,723 (com.serotonin.m2m2.web.mvc.rest.v1.DataSourceRestController.<init>:62) - Creating DS Rest Controller 
INFO  2019-04-08T15:47:18,238 (com.infiniteautomation.mango.rest.v2.MetaRestController.<init>:52) - Creating meta rest controller. 
INFO  2019-04-08T15:47:19,298 (com.infiniteautomation.mango.rest.v2.DataPointRestController.<init>:96) - Creating Data Point v2 Rest Controller. 
INFO  2019-04-08T15:47:21,064 (com.infiniteautomation.mango.spring.MangoRuntimeContextConfiguration.contextRefreshed:120) - Spring context 'restDispatcherContext' refreshed: WebApplicationContext for namespace 'REST_DISPATCHER-servlet' 
INFO  2019-04-08T15:47:21,074 (com.serotonin.m2m2.Lifecycle.configureDwr:1249) - Added DWR definition for: EnvCanEditDwr 
INFO  2019-04-08T15:47:21,084 (com.serotonin.m2m2.Lifecycle.configureDwr:1249) - Added DWR definition for: HttpDataSourceDwr 
INFO  2019-04-08T15:47:21,084 (com.serotonin.m2m2.Lifecycle.configureDwr:1249) - Added DWR definition for: TcpIpDataSourceEditDwr 
INFO  2019-04-08T15:47:21,094 (com.serotonin.m2m2.Lifecycle.configureDwr:1249) - Added DWR definition for: Pop3EditDwr 
INFO  2019-04-08T15:47:21,094 (com.serotonin.m2m2.Lifecycle.configureDwr:1249) - Added DWR definition for: HaystackDataSourceDwr 
INFO  2019-04-08T15:47:21,094 (com.serotonin.m2m2.Lifecycle.configureDwr:1242) - Duplicate definition of DWR class ignored: com.serotonin.m2m2.http.dwr.HttpDataSourceDwr 
INFO  2019-04-08T15:47:21,102 (com.serotonin.m2m2.Lifecycle.configureDwr:1249) - Added DWR definition for: DataFileDataSourceEditDwr 
INFO  2019-04-08T15:47:21,104 (com.serotonin.m2m2.Lifecycle.configureDwr:1249) - Added DWR definition for: OPCDAEditDwr 
INFO  2019-04-08T15:47:21,114 (com.serotonin.m2m2.Lifecycle.configureDwr:1249) - Added DWR definition for: BACnetMSTPEditDwr 
INFO  2019-04-08T15:47:21,124 (com.serotonin.m2m2.Lifecycle.configureDwr:1249) - Added DWR definition for: PakBusEditDwr 
INFO  2019-04-08T15:47:21,124 (com.serotonin.m2m2.Lifecycle.configureDwr:1249) - Added DWR definition for: MBusEditDwr 
INFO  2019-04-08T15:47:21,134 (com.serotonin.m2m2.Lifecycle.configureDwr:1242) - Duplicate definition of DWR class ignored: com.infiniteautomation.mango.pakbus.dwr.PakBusEditDwr 
INFO  2019-04-08T15:47:21,145 (com.serotonin.m2m2.Lifecycle.configureDwr:1249) - Added DWR definition for: SNMPEditDwr 
INFO  2019-04-08T15:47:21,145 (com.serotonin.m2m2.Lifecycle.configureDwr:1249) - Added DWR definition for: InternalEditDwr 
INFO  2019-04-08T15:47:21,155 (com.serotonin.m2m2.Lifecycle.configureDwr:1249) - Added DWR definition for: SerialEditDwr 
INFO  2019-04-08T15:47:21,165 (com.serotonin.m2m2.Lifecycle.configureDwr:1249) - Added DWR definition for: MetaEditDwr 
INFO  2019-04-08T15:47:21,165 (com.serotonin.m2m2.Lifecycle.configureDwr:1249) - Added DWR definition for: DnpEditDwr 
INFO  2019-04-08T15:47:21,175 (com.serotonin.m2m2.Lifecycle.configureDwr:1249) - Added DWR definition for: ModbusEditDwr 
INFO  2019-04-08T15:47:21,183 (com.serotonin.m2m2.Lifecycle.configureDwr:1249) - Added DWR definition for: Log4jEditDwr 
INFO  2019-04-08T15:47:21,185 (com.serotonin.m2m2.Lifecycle.configureDwr:1249) - Added DWR definition for: ScriptingEditDwr 
INFO  2019-04-08T15:47:21,195 (com.serotonin.m2m2.Lifecycle.configureDwr:1249) - Added DWR definition for: SshDataSourceEditDwr 
INFO  2019-04-08T15:47:21,195 (com.serotonin.m2m2.Lifecycle.configureDwr:1249) - Added DWR definition for: AsciiFileEditDwr 
INFO  2019-04-08T15:47:21,203 (com.serotonin.m2m2.Lifecycle.configureDwr:1242) - Duplicate definition of DWR class ignored: com.serotonin.m2m2.http.dwr.HttpDataSourceDwr 
INFO  2019-04-08T15:47:21,205 (com.serotonin.m2m2.Lifecycle.configureDwr:1249) - Added DWR definition for: OneWireEditDwr 
INFO  2019-04-08T15:47:21,213 (com.serotonin.m2m2.Lifecycle.configureDwr:1249) - Added DWR definition for: SqlEditDwr 
INFO  2019-04-08T15:47:21,215 (com.serotonin.m2m2.Lifecycle.configureDwr:1249) - Added DWR definition for: VMStatEditDwr 
INFO  2019-04-08T15:47:21,223 (com.serotonin.m2m2.Lifecycle.configureDwr:1249) - Added DWR definition for: EgaugeDataSourceDwr 
INFO  2019-04-08T15:47:21,223 (com.serotonin.m2m2.Lifecycle.configureDwr:1242) - Duplicate definition of DWR class ignored: com.serotonin.m2m2.http.dwr.HttpDataSourceDwr 
INFO  2019-04-08T15:47:21,225 (com.serotonin.m2m2.Lifecycle.configureDwr:1249) - Added DWR definition for: BACnetIPEditDwr 
INFO  2019-04-08T15:47:21,225 (com.serotonin.m2m2.Lifecycle.configureDwr:1242) - Duplicate definition of DWR class ignored: br.org.scadabr.dnp3.dwr.DnpEditDwr 
INFO  2019-04-08T15:47:21,235 (com.serotonin.m2m2.Lifecycle.configureDwr:1249) - Added DWR definition for: ControlCoreEditDwr 
INFO  2019-04-08T15:47:21,235 (com.serotonin.m2m2.Lifecycle.configureDwr:1242) - Duplicate definition of DWR class ignored: com.serotonin.m2m2.modbus.dwr.ModbusEditDwr 
INFO  2019-04-08T15:47:21,235 (com.serotonin.m2m2.Lifecycle.configureDwr:1242) - Duplicate definition of DWR class ignored: com.serotonin.m2m2.http.dwr.HttpDataSourceDwr 
INFO  2019-04-08T15:47:21,246 (com.serotonin.m2m2.Lifecycle.configureDwr:1249) - Added DWR definition for: VirtualEditDwr 
INFO  2019-04-08T15:47:21,326 (org.springframework.web.servlet.handler.AbstractUrlHandlerMapping.registerHandler:373) - Mapped URL path [/data_point_details.shtm] onto handler of type [class com.serotonin.m2m2.web.mvc.UrlHandlerController] 
INFO  2019-04-08T15:47:21,326 (org.springframework.web.servlet.handler.AbstractUrlHandlerMapping.registerHandler:373) - Mapped URL path [/events.shtm] onto handler of type [class com.serotonin.m2m2.web.mvc.UrlHandlerController] 
INFO  2019-04-08T15:47:21,326 (org.springframework.web.servlet.handler.AbstractUrlHandlerMapping.registerHandler:373) - Mapped URL path [/pending_alarms.shtm] onto handler of type [class com.serotonin.m2m2.web.mvc.UrlHandlerController] 
INFO  2019-04-08T15:47:21,326 (org.springframework.web.servlet.handler.AbstractUrlHandlerMapping.registerHandler:373) - Mapped URL path [/event_handlers.shtm] onto handler of type [class com.serotonin.m2m2.web.mvc.UrlHandlerController] 
INFO  2019-04-08T15:47:21,326 (org.springframework.web.servlet.handler.AbstractUrlHandlerMapping.registerHandler:373) - Mapped URL path [/data_sources.shtm] onto handler of type [class com.serotonin.m2m2.web.mvc.UrlHandlerController] 
INFO  2019-04-08T15:47:21,326 (org.springframework.web.servlet.handler.AbstractUrlHandlerMapping.registerHandler:373) - Mapped URL path [/point_hierarchy.shtm] onto handler of type [class com.serotonin.m2m2.web.mvc.UrlHandlerController] 
INFO  2019-04-08T15:47:21,326 (org.springframework.web.servlet.handler.AbstractUrlHandlerMapping.registerHandler:373) - Mapped URL path [/mailing_lists.shtm] onto handler of type [class com.serotonin.m2m2.web.mvc.UrlHandlerController] 
INFO  2019-04-08T15:47:21,326 (org.springframework.web.servlet.handler.AbstractUrlHandlerMapping.registerHandler:373) - Mapped URL path [/publishers.shtm] onto handler of type [class com.serotonin.m2m2.web.mvc.UrlHandlerController] 
INFO  2019-04-08T15:47:21,326 (org.springframework.web.servlet.handler.AbstractUrlHandlerMapping.registerHandler:373) - Mapped URL path [/system_settings.shtm] onto handler of type [class com.serotonin.m2m2.web.mvc.UrlHandlerController] 
INFO  2019-04-08T15:47:21,326 (org.springframework.web.servlet.handler.AbstractUrlHandlerMapping.registerHandler:373) - Mapped URL path [/modules.shtm] onto handler of type [class com.serotonin.m2m2.web.mvc.UrlHandlerController] 
INFO  2019-04-08T15:47:21,326 (org.springframework.web.servlet.handler.AbstractUrlHandlerMapping.registerHandler:373) - Mapped URL path [/emport.shtm] onto handler of type [class com.serotonin.m2m2.web.mvc.UrlHandlerController] 
INFO  2019-04-08T15:47:21,326 (org.springframework.web.servlet.handler.AbstractUrlHandlerMapping.registerHandler:373) - Mapped URL path [/error.htm] onto handler of type [class com.serotonin.m2m2.web.mvc.UrlHandlerController] 
INFO  2019-04-08T15:47:21,326 (org.springframework.web.servlet.handler.AbstractUrlHandlerMapping.registerHandler:373) - Mapped URL path [/not-found.htm] onto handler of type [class com.serotonin.m2m2.web.mvc.UrlHandlerController] 
INFO  2019-04-08T15:47:21,326 (org.springframework.web.servlet.handler.AbstractUrlHandlerMapping.registerHandler:373) - Mapped URL path [/unauthorized.htm] onto handler of type [class com.serotonin.m2m2.web.mvc.UrlHandlerController] 
INFO  2019-04-08T15:47:21,326 (org.springframework.web.servlet.handler.AbstractUrlHandlerMapping.registerHandler:373) - Mapped URL path [/upload.shtm] onto handler of type [class com.serotonin.m2m2.web.mvc.UrlHandlerController] 
INFO  2019-04-08T15:47:21,326 (org.springframework.web.servlet.handler.AbstractUrlHandlerMapping.registerHandler:373) - Mapped URL path [/mobile_data_point_details.shtm] onto handler of type [class com.serotonin.m2m2.web.mvc.UrlHandlerController] 
INFO  2019-04-08T15:47:21,326 (org.springframework.web.servlet.handler.AbstractUrlHandlerMapping.registerHandler:373) - Mapped URL path [/dataImport.shtm] onto handler of type [class com.serotonin.m2m2.web.mvc.UrlHandlerController] 
INFO  2019-04-08T15:47:21,357 (org.springframework.web.servlet.handler.AbstractUrlHandlerMapping.registerHandler:373) - Mapped URL path [/csvDataImport.shtm] onto handler of type [class com.serotonin.m2m2.web.mvc.UrlHandlerController] 
INFO  2019-04-08T15:47:21,357 (org.springframework.web.servlet.handler.AbstractUrlHandlerMapping.registerHandler:373) - Mapped URL path [/excel-reports.shtm] onto handler of type [class com.serotonin.m2m2.web.mvc.UrlHandlerController] 
INFO  2019-04-08T15:47:21,357 (org.springframework.web.servlet.handler.AbstractUrlHandlerMapping.registerHandler:373) - Mapped URL path [/public_view.htm] onto handler of type [class com.serotonin.m2m2.web.mvc.UrlHandlerController] 
INFO  2019-04-08T15:47:21,367 (org.springframework.web.servlet.handler.AbstractUrlHandlerMapping.registerHandler:373) - Mapped URL path [/views.shtm] onto handler of type [class com.serotonin.m2m2.web.mvc.UrlHandlerController] 
INFO  2019-04-08T15:47:21,367 (org.springframework.web.servlet.handler.AbstractUrlHandlerMapping.registerHandler:373) - Mapped URL path [/logging_console.shtm] onto handler of type [class com.serotonin.m2m2.web.mvc.UrlHandlerController] 
INFO  2019-04-08T15:47:21,367 (org.springframework.web.servlet.handler.AbstractUrlHandlerMapping.registerHandler:373) - Mapped URL path [/maintenance_events.shtm] onto handler of type [class com.serotonin.m2m2.web.mvc.UrlHandlerController] 
INFO  2019-04-08T15:47:21,367 (org.springframework.web.servlet.handler.AbstractUrlHandlerMapping.registerHandler:373) - Mapped URL path [/point_links.shtm] onto handler of type [class com.serotonin.m2m2.web.mvc.UrlHandlerController] 
INFO  2019-04-08T15:47:21,367 (org.springframework.web.servlet.handler.AbstractUrlHandlerMapping.registerHandler:373) - Mapped URL path [/m2m_report_import.shtm] onto handler of type [class com.serotonin.m2m2.web.mvc.UrlHandlerController] 
INFO  2019-04-08T15:47:21,367 (org.springframework.web.servlet.handler.AbstractUrlHandlerMapping.registerHandler:373) - Mapped URL path [/reports.shtm] onto handler of type [class com.serotonin.m2m2.web.mvc.UrlHandlerController] 
INFO  2019-04-08T15:47:21,367 (org.springframework.web.servlet.handler.AbstractUrlHandlerMapping.registerHandler:373) - Mapped URL path [/reportChart.shtm] onto handler of type [class com.serotonin.m2m2.web.mvc.UrlHandlerController] 
INFO  2019-04-08T15:47:21,367 (org.springframework.web.servlet.handler.AbstractUrlHandlerMapping.registerHandler:373) - Mapped URL path [/templateConfig.shtm] onto handler of type [class com.serotonin.m2m2.web.mvc.UrlHandlerController] 
INFO  2019-04-08T15:47:21,377 (org.springframework.web.servlet.handler.AbstractUrlHandlerMapping.registerHandler:373) - Mapped URL path [/mobile/watch_list.shtm] onto handler of type [class com.serotonin.m2m2.web.mvc.UrlHandlerController] 
INFO  2019-04-08T15:47:21,377 (org.springframework.web.servlet.handler.AbstractUrlHandlerMapping.registerHandler:373) - Mapped URL path [/watch_list.shtm] onto handler of type [class com.serotonin.m2m2.web.mvc.UrlHandlerController] 
INFO  2019-04-08T15:47:21,377 (org.springframework.web.servlet.handler.AbstractUrlHandlerMapping.registerHandler:373) - Mapped URL path [/internal/status.shtm] onto handler of type [class com.serotonin.m2m2.web.mvc.UrlHandlerController] 
INFO  2019-04-08T15:47:21,377 (org.springframework.web.servlet.handler.AbstractUrlHandlerMapping.registerHandler:373) - Mapped URL path [/internal/threads.shtm] onto handler of type [class com.serotonin.m2m2.web.mvc.UrlHandlerController] 
INFO  2019-04-08T15:47:21,377 (org.springframework.web.servlet.handler.AbstractUrlHandlerMapping.registerHandler:373) - Mapped URL path [/internal/tasks.shtm] onto handler of type [class com.serotonin.m2m2.web.mvc.UrlHandlerController] 
INFO  2019-04-08T15:47:21,377 (org.springframework.web.servlet.handler.AbstractUrlHandlerMapping.registerHandler:373) - Mapped URL path [/internal/queueStats.shtm] onto handler of type [class com.serotonin.m2m2.web.mvc.UrlHandlerController] 
INFO  2019-04-08T15:47:21,377 (org.springframework.web.servlet.handler.AbstractUrlHandlerMapping.registerHandler:373) - Mapped URL path [/internal/workItems.shtm] onto handler of type [class com.serotonin.m2m2.web.mvc.UrlHandlerController] 
INFO  2019-04-08T15:47:21,377 (org.springframework.web.servlet.handler.AbstractUrlHandlerMapping.registerHandler:373) - Mapped URL path [/data_point_edit.shtm] onto handler of type [class com.serotonin.m2m2.web.mvc.controller.DataPointEditController] 
INFO  2019-04-08T15:47:21,377 (org.springframework.web.servlet.handler.AbstractUrlHandlerMapping.registerHandler:373) - Mapped URL path [/data_source_properties.shtm] onto handler of type [class com.serotonin.m2m2.web.mvc.controller.DataSourcePropertiesController] 
INFO  2019-04-08T15:47:21,377 (org.springframework.web.servlet.handler.AbstractUrlHandlerMapping.registerHandler:373) - Mapped URL path [/data_source_edit.shtm] onto handler of type [class com.serotonin.m2m2.web.mvc.controller.DataSourceEditController] 
INFO  2019-04-08T15:47:21,377 (org.springframework.web.servlet.handler.AbstractUrlHandlerMapping.registerHandler:373) - Mapped URL path [/data_source_properties_error.shtm] onto handler of type [class com.serotonin.m2m2.web.mvc.controller.DataSourceEditController] 
INFO  2019-04-08T15:47:21,377 (org.springframework.web.servlet.handler.AbstractUrlHandlerMapping.registerHandler:373) - Mapped URL path [/help.htm] onto handler of type [class com.serotonin.m2m2.web.mvc.controller.HelpController] 
INFO  2019-04-08T15:47:21,377 (org.springframework.web.servlet.handler.AbstractUrlHandlerMapping.registerHandler:373) - Mapped URL path [/startup.htm] onto handler of type [class com.serotonin.m2m2.web.mvc.controller.StartupController] 
INFO  2019-04-08T15:47:21,377 (org.springframework.web.servlet.handler.AbstractUrlHandlerMapping.registerHandler:373) - Mapped URL path [/shutdown.htm] onto handler of type [class com.serotonin.m2m2.web.mvc.controller.ShutdownController] 
INFO  2019-04-08T15:47:21,377 (org.springframework.web.servlet.handler.AbstractUrlHandlerMapping.registerHandler:373) - Mapped URL path [/publisher_edit.shtm] onto handler of type [class com.serotonin.m2m2.web.mvc.controller.PublisherEditController] 
INFO  2019-04-08T15:47:21,377 (org.springframework.web.servlet.handler.AbstractUrlHandlerMapping.registerHandler:373) - Mapped URL path [/users.shtm] onto handler of type [class com.serotonin.m2m2.web.mvc.controller.UsersController] 
INFO  2019-04-08T15:47:21,387 (org.springframework.web.servlet.handler.AbstractUrlHandlerMapping.registerHandler:373) - Mapped URL path [/view_edit.shtm] onto handler of type [class com.serotonin.m2m2.web.mvc.UrlHandlerController] 
INFO  2019-04-08T15:47:21,387 (org.springframework.web.servlet.handler.AbstractUrlHandlerMapping.registerHandler:373) - Mapped URL path [/scheduled_events.shtm] onto handler of type [class com.serotonin.m2m2.web.mvc.UrlHandlerController] 
INFO  2019-04-08T15:47:21,407 (org.springframework.web.servlet.handler.AbstractUrlHandlerMapping.registerHandler:373) - Mapped URL path [/sqlConsole.shtm] onto handler of type [class com.serotonin.m2m2.web.mvc.UrlHandlerController] 
INFO  2019-04-08T15:47:21,407 (org.springframework.web.servlet.handler.AbstractUrlHandlerMapping.registerHandler:373) - Mapped URL path [/globalScripts.shtm] onto handler of type [class com.serotonin.m2m2.web.mvc.UrlHandlerController] 
WARN  2019-04-08T16:04:16,459 (com.infiniteautomation.mango.rest.v2.ServerRestV2Controller.postClientError:223) - Client error
[user=admin, cause=, location=http://localhost:8080/ui/administration/dashboard-designer/e43e0a66-f251-4dcb-a239-bab1353087d5, userAgent=Mozilla/5.0 (Windows NT 10.0; Win64; x64; rv:66.0) Gecko/20100101 Firefox/66.0, language=en-US, date=2019-04-08T16:04:16.410-04:00, timezone=America/New_York]
Error: Cannot transition to abstract state 'ui.help.dashboardDesigner'
	at S/y.transitionTo (http://localhost:8080/modules/mangoUI/web/mangoUi~ngMango.js?v=1dfa5170b7822c28b0be:90:12244)
	at S/y.go (http://localhost:8080/modules/mangoUI/web/mangoUi~ngMango.js?v=1dfa5170b7822c28b0be:90:11323)
	at v/this.followLink (http://localhost:8080/modules/mangoUI/web/ui.main.js?v=7745e7050a32a1c78744:1:133332)
	at fn (http://localhost:8080/modules/mangoUI/web/mangoUi~ngMango~ngMangoServices.js?v=0f03d20f7b30b4a597f9 line 78 > Function:4:255)
	at a (http://localhost:8080/modules/mangoUI/web/mangoUi~ngMango~ngMangoServices.js?v=0f03d20f7b30b4a597f9:78:149877)
	at $eval (http://localhost:8080/modules/mangoUI/web/mangoUi~ngMango~ngMangoServices.js?v=0f03d20f7b30b4a597f9:78:102170)
	at $apply (http://localhost:8080/modules/mangoUI/web/mangoUi~ngMango~ngMangoServices.js?v=0f03d20f7b30b4a597f9:78:102412)
	at compile/</< (http://localhost:8080/modules/mangoUI/web/mangoUi~ngMango~ngMangoServices.js?v=0f03d20f7b30b4a597f9:78:149960)
	at dispatch (http://localhost:8080/modules/mangoUI/web/mangoUi~ngMango~ngMangoServices.js?v=0f03d20f7b30b4a597f9:39:37882)
	at add/g.handle (http://localhost:8080/modules/mangoUI/web/mangoUi~ngMango~ngMangoServices.js?v=0f03d20f7b30b4a597f9:39:35947) 
WARN  2019-04-08T16:24:36,757 (com.infiniteautomation.mango.rest.v2.ServerRestV2Controller.postClientError:223) - Client error
[user=admin, cause=, location=http://localhost:8080/ui/administration/edit-menu, userAgent=Mozilla/5.0 (Windows NT 10.0; Win64; x64; rv:66.0) Gecko/20100101 Firefox/66.0, language=en-US, date=2019-04-08T16:24:36.746-04:00, timezone=America/New_York]
TypeError: this.visibleMap[t.name] is undefined
	at p/this.isVisible (http://localhost:8080/modules/mangoUI/web/ui.main.js?v=7745e7050a32a1c78744:1:132154)
	at fn (http://localhost:8080/modules/mangoUI/web/mangoUi~ngMango~ngMangoServices.js?v=0f03d20f7b30b4a597f9 line 78 > Function:4:243)
	at $digest (http://localhost:8080/modules/mangoUI/web/mangoUi~ngMango~ngMangoServices.js?v=0f03d20f7b30b4a597f9:78:100478)
	at $evalAsync/< (http://localhost:8080/modules/mangoUI/web/mangoUi~ngMango~ngMangoServices.js?v=0f03d20f7b30b4a597f9:78:102259)
	at Qr/this.$get</</this.completeTask (http://localhost:8080/modules/mangoUI/web/mangoUi~ngMango~ngMangoServices.js?v=0f03d20f7b30b4a597f9:78:122757)
	at ln/this.$get</</i.defer/r< (http://localhost:8080/modules/mangoUI/web/mangoUi~ngMango~ngMangoServices.js?v=0f03d20f7b30b4a597f9:78:34323) 
WARN  2019-04-08T16:50:39,127 (com.infiniteautomation.mango.rest.v2.ServerRestV2Controller.postClientError:223) - Client error
[user=admin, cause=<marker inkscape:stockid="EmptyTriangleInL" orient="auto" refY="0.0" refX="0.0" id="EmptyTriangleInL" style="overflow:visible" inkscape:isstock="true">, location=http://localhost:8080/ui/examples/svg/basic-usage, userAgent=Mozilla/5.0 (Windows NT 10.0; Win64; x64; rv:66.0) Gecko/20100101 Firefox/66.0, language=en-US, date=2019-04-08T16:50:39.109-04:00, timezone=America/New_York]
ReferenceError: google is not defined
	at i (http://localhost:8080/modules/mangoUI/web/mangoUi~ngMango.js?v=1dfa5170b7822c28b0be:84:722253)
	at pe/< (http://localhost:8080/modules/mangoUI/web/mangoUi~ngMango~ngMangoServices.js?v=0f03d20f7b30b4a597f9:78:7416)
	at Re (http://localhost:8080/modules/mangoUI/web/mangoUi~ngMango~ngMangoServices.js?v=0f03d20f7b30b4a597f9:78:56644)
	at ie (http://localhost:8080/modules/mangoUI/web/mangoUi~ngMango~ngMangoServices.js?v=0f03d20f7b30b4a597f9:78:51450)
	at ce/< (http://localhost:8080/modules/mangoUI/web/mangoUi~ngMango~ngMangoServices.js?v=0f03d20f7b30b4a597f9:78:44321)
	at ce/< (http://localhost:8080/modules/mangoUI/web/mangoUi~ngMango~ngMangoServices.js?v=0f03d20f7b30b4a597f9:78:44338)
	at ce/< (http://localhost:8080/modules/mangoUI/web/mangoUi~ngMango~ngMangoServices.js?v=0f03d20f7b30b4a597f9:78:44338)
	at oe/< (http://localhost:8080/modules/mangoUI/web/mangoUi~ngMango~ngMangoServices.js?v=0f03d20f7b30b4a597f9:78:43534)
	at link (http://localhost:8080/modules/mangoUI/web/mangoUi~ngMango~ngMangoServices.js?v=0f03d20f7b30b4a597f9:78:151780)
	at pe/< (http://localhost:8080/modules/mangoUI/web/mangoUi~ngMango~ngMangoServices.js?v=0f03d20f7b30b4a597f9:78:7416)
	at Re (http://localhost:8080/modules/mangoUI/web/mangoUi~ngMango~ngMangoServices.js?v=0f03d20f7b30b4a597f9:78:56644)
	at ie (http://localhost:8080/modules/mangoUI/web/mangoUi~ngMango~ngMangoServices.js?v=0f03d20f7b30b4a597f9:78:51450)
	at ce/< (http://localhost:8080/modules/mangoUI/web/mangoUi~ngMango~ngMangoServices.js?v=0f03d20f7b30b4a597f9:78:44321)
	at oe/< (http://localhost:8080/modules/mangoUI/web/mangoUi~ngMango~ngMangoServices.js?v=0f03d20f7b30b4a597f9:78:43534)
	at Me/< (http://localhost:8080/modules/mangoUI/web/mangoUi~ngMango~ngMangoServices.js?v=0f03d20f7b30b4a597f9:78:46739)
	at r (http://localhost:8080/modules/mangoUI/web/mangoUi~ngMango~ngMangoServices.js?v=0f03d20f7b30b4a597f9:78:44683)
	at M (http://localhost:8080/modules/mangoUI/web/mangoUi~ngMango~ngMangoServices.js?v=0f03d20f7b30b4a597f9:78:49936)
	at compile/</</< (http://localhost:8080/modules/mangoUI/web/mangoUi~ngMango~ngMangoServices.js?v=0f03d20f7b30b4a597f9:78:151265)
	at l/</< (http://localhost:8080/modules/mangoUI/web/mangoUi~ngMango~ngMangoServices.js?v=0f03d20f7b30b4a597f9:78:94737)
	at l/< (http://localhost:8080/modules/mangoUI/web/mangoUi~ngMango~ngMangoServices.js?v=0f03d20f7b30b4a597f9:78:94582)
	at $digest (http://localhost:8080/modules/mangoUI/web/mangoUi~ngMango~ngMangoServices.js?v=0f03d20f7b30b4a597f9:78:100276)
	at $apply (http://localhost:8080/modules/mangoUI/web/mangoUi~ngMango~ngMangoServices.js?v=0f03d20f7b30b4a597f9:78:102465)
	at o/c< (http://localhost:8080/modules/mangoUI/web/mangoUi~ngMango~ngMangoServices.js?v=0f03d20f7b30b4a597f9:78:124794)
	at Qr/this.$get</</this.completeTask (http://localhost:8080/modules/mangoUI/web/mangoUi~ngMango~ngMangoServices.js?v=0f03d20f7b30b4a597f9:78:122757)
	at ln/this.$get</</i.defer/r< (http://localhost:8080/modules/mangoUI/web/mangoUi~ngMango~ngMangoServices.js?v=0f03d20f7b30b4a597f9:78:34323) 
WARN  2019-04-08T17:03:19,578 (com.infiniteautomation.mango.rest.v2.ServerRestV2Controller.postClientError:223) - Client error
[user=admin, cause=<marker inkscape:stockid="EmptyTriangleInL" orient="auto" refY="0.0" refX="0.0" id="EmptyTriangleInL" style="overflow:visible" inkscape:isstock="true">, location=http://localhost:8080/ui/examples/svg/basic-usage, userAgent=Mozilla/5.0 (Windows NT 10.0; Win64; x64; rv:66.0) Gecko/20100101 Firefox/66.0, language=en-US, date=2019-04-08T17:03:19.563-04:00, timezone=America/New_York]
ReferenceError: google is not defined
	at i (http://localhost:8080/modules/mangoUI/web/mangoUi~ngMango.js?v=1dfa5170b7822c28b0be:84:722253)
	at pe/< (http://localhost:8080/modules/mangoUI/web/mangoUi~ngMango~ngMangoServices.js?v=0f03d20f7b30b4a597f9:78:7416)
	at Re (http://localhost:8080/modules/mangoUI/web/mangoUi~ngMango~ngMangoServices.js?v=0f03d20f7b30b4a597f9:78:56644)
	at ie (http://localhost:8080/modules/mangoUI/web/mangoUi~ngMango~ngMangoServices.js?v=0f03d20f7b30b4a597f9:78:51450)
	at ce/< (http://localhost:8080/modules/mangoUI/web/mangoUi~ngMango~ngMangoServices.js?v=0f03d20f7b30b4a597f9:78:44321)
	at ce/< (http://localhost:8080/modules/mangoUI/web/mangoUi~ngMango~ngMangoServices.js?v=0f03d20f7b30b4a597f9:78:44338)
	at ce/< (http://localhost:8080/modules/mangoUI/web/mangoUi~ngMango~ngMangoServices.js?v=0f03d20f7b30b4a597f9:78:44338)
	at oe/< (http://localhost:8080/modules/mangoUI/web/mangoUi~ngMango~ngMangoServices.js?v=0f03d20f7b30b4a597f9:78:43534)
	at link (http://localhost:8080/modules/mangoUI/web/mangoUi~ngMango~ngMangoServices.js?v=0f03d20f7b30b4a597f9:78:151780)
	at pe/< (http://localhost:8080/modules/mangoUI/web/mangoUi~ngMango~ngMangoServices.js?v=0f03d20f7b30b4a597f9:78:7416)
	at Re (http://localhost:8080/modules/mangoUI/web/mangoUi~ngMango~ngMangoServices.js?v=0f03d20f7b30b4a597f9:78:56644)
	at ie (http://localhost:8080/modules/mangoUI/web/mangoUi~ngMango~ngMangoServices.js?v=0f03d20f7b30b4a597f9:78:51450)
	at ce/< (http://localhost:8080/modules/mangoUI/web/mangoUi~ngMango~ngMangoServices.js?v=0f03d20f7b30b4a597f9:78:44321)
	at oe/< (http://localhost:8080/modules/mangoUI/web/mangoUi~ngMango~ngMangoServices.js?v=0f03d20f7b30b4a597f9:78:43534)
	at Me/< (http://localhost:8080/modules/mangoUI/web/mangoUi~ngMango~ngMangoServices.js?v=0f03d20f7b30b4a597f9:78:46739)
	at r (http://localhost:8080/modules/mangoUI/web/mangoUi~ngMango~ngMangoServices.js?v=0f03d20f7b30b4a597f9:78:44683)
	at M (http://localhost:8080/modules/mangoUI/web/mangoUi~ngMango~ngMangoServices.js?v=0f03d20f7b30b4a597f9:78:49936)
	at compile/</</< (http://localhost:8080/modules/mangoUI/web/mangoUi~ngMango~ngMangoServices.js?v=0f03d20f7b30b4a597f9:78:151265)
	at l/</< (http://localhost:8080/modules/mangoUI/web/mangoUi~ngMango~ngMangoServices.js?v=0f03d20f7b30b4a597f9:78:94737)
	at l/< (http://localhost:8080/modules/mangoUI/web/mangoUi~ngMango~ngMangoServices.js?v=0f03d20f7b30b4a597f9:78:94582)
	at $digest (http://localhost:8080/modules/mangoUI/web/mangoUi~ngMango~ngMangoServices.js?v=0f03d20f7b30b4a597f9:78:100276)
	at $apply (http://localhost:8080/modules/mangoUI/web/mangoUi~ngMango~ngMangoServices.js?v=0f03d20f7b30b4a597f9:78:102465)
	at I (http://localhost:8080/modules/mangoUI/web/mangoUi~ngMango~ngMangoServices.js?v=0f03d20f7b30b4a597f9:78:40363)
	at $digest (http://localhost:8080/modules/mangoUI/web/mangoUi~ngMango~ngMangoServices.js?v=0f03d20f7b30b4a597f9:78:101076)
	at $apply (http://localhost:8080/modules/mangoUI/web/mangoUi~ngMango~ngMangoServices.js?v=0f03d20f7b30b4a597f9:78:102465)
	at compile/</< (http://localhost:8080/modules/mangoUI/web/mangoUi~ngMango~ngMangoServices.js?v=0f03d20f7b30b4a597f9:78:149960)
	at dispatch (http://localhost:8080/modules/mangoUI/web/mangoUi~ngMango~ngMangoServices.js?v=0f03d20f7b30b4a597f9:39:37882)
	at add/g.handle (http://localhost:8080/modules/mangoUI/web/mangoUi~ngMango~ngMangoServices.js?v=0f03d20f7b30b4a597f9:39:35947) 
WARN  2019-04-08T19:01:19,005 (com.serotonin.m2m2.web.mvc.spring.security.MangoAuthenticationFailureHandler.logException:163) - Failed login attempt on user 'user' from IP 0:0:0:0:0:0:0:1 
