INFO  2019-04-12T14:07:44,971 (com.serotonin.m2m2.Main.main:101) - Starting Mango 3.5.6 with Schema Version: 26 
INFO  2019-04-12T14:07:45,980 (com.serotonin.m2m2.Main.loadModules:588) - Loading module 'asciiFile', v3.5.0 by Infinite Automation Systems Inc. 
INFO  2019-04-12T14:07:46,005 (com.serotonin.m2m2.Main.loadModules:588) - Loading module 'BACnet', v3.5.1 by Infinite Automation Systems Inc. 
INFO  2019-04-12T14:07:46,017 (com.serotonin.m2m2.Main.loadModules:588) - Loading module 'controlcore', v3.5.0 by Infinite Automation Systems Inc. 
INFO  2019-04-12T14:07:46,026 (com.serotonin.m2m2.Main.loadModules:588) - Loading module 'dashboardDesigner', v3.5.1 by Infinite Automation Systems Inc. 
INFO  2019-04-12T14:07:46,029 (com.serotonin.m2m2.util.DocumentationManifest.parseManifestFile:60) - Documentation manifest file not found: C:\free-m2m2-core-3.5.6\web\modules\dashboardDesigner\web\dox\manifest.xml 
INFO  2019-04-12T14:07:46,036 (com.serotonin.m2m2.Main.loadModules:588) - Loading module 'dataFile', v3.5.0 by Infinite Automation Systems Inc. 
INFO  2019-04-12T14:07:46,062 (com.serotonin.m2m2.Main.loadModules:588) - Loading module 'dataImport', v3.5.0 by Infinite Automation Systems Inc. 
INFO  2019-04-12T14:07:46,071 (com.serotonin.m2m2.Main.loadModules:588) - Loading module 'deviceConfig', v3.5.0 by Infinite Automation Systems Inc. 
INFO  2019-04-12T14:07:46,074 (com.serotonin.m2m2.util.DocumentationManifest.parseManifestFile:60) - Documentation manifest file not found: C:\free-m2m2-core-3.5.6\web\modules\deviceConfig\web\dox\manifest.xml 
INFO  2019-04-12T14:07:46,081 (com.serotonin.m2m2.Main.loadModules:588) - Loading module 'dnp3', v3.5.0 by Infinite Automation Systems Inc. 
INFO  2019-04-12T14:07:46,091 (com.serotonin.m2m2.Main.loadModules:588) - Loading module 'egauge', v3.5.0 by Infinite Automation Systems Inc. 
INFO  2019-04-12T14:07:46,098 (com.serotonin.m2m2.Main.loadModules:588) - Loading module 'envcands', v3.5.0 by Infinite Automation Systems Inc. 
INFO  2019-04-12T14:07:46,106 (com.serotonin.m2m2.Main.loadModules:588) - Loading module 'excelReports', v3.5.3 by Infinite Automation Systems Inc. 
INFO  2019-04-12T14:07:46,132 (com.serotonin.m2m2.Main.loadModules:588) - Loading module 'graphicalViews', v3.5.2 by Infinite Automation Systems Inc. 
INFO  2019-04-12T14:07:46,174 (com.serotonin.m2m2.Main.loadModules:588) - Loading module 'Haystack', v3.5.0 by Infinite Automation Systems Inc. 
INFO  2019-04-12T14:07:46,187 (com.serotonin.m2m2.Main.loadModules:588) - Loading module 'http', v3.5.1 by Infinite Automation Systems Inc. 
INFO  2019-04-12T14:07:46,203 (com.serotonin.m2m2.Main.loadModules:588) - Loading module 'jsonFileImport', v3.5.0 by Infinite Automation Systems Inc. 
INFO  2019-04-12T14:07:46,213 (com.serotonin.m2m2.Main.loadModules:588) - Loading module 'log4jDS', v3.5.0 by Infinite Automation Systems Inc. 
INFO  2019-04-12T14:07:46,222 (com.serotonin.m2m2.Main.loadModules:588) - Loading module 'log4JReset', v3.5.0 by Infinite Automation Systems Inc. 
INFO  2019-04-12T14:07:46,226 (com.serotonin.m2m2.Main.loadModules:588) - Loading module 'loggingConsole', v3.5.0 by Infinite Automation Systems Inc. 
INFO  2019-04-12T14:07:46,234 (com.serotonin.m2m2.Main.loadModules:588) - Loading module 'maintenanceEvents', v3.5.0 by Infinite Automation Systems Inc. 
INFO  2019-04-12T14:07:46,245 (com.serotonin.m2m2.Main.loadModules:588) - Loading module 'mangoApi', v3.5.2 by Infinite Automation Systems Inc. 
INFO  2019-04-12T14:07:46,260 (com.serotonin.m2m2.Main.loadModules:588) - Loading module 'mangoUI', v3.5.5 by Infinite Automation Systems Inc. 
INFO  2019-04-12T14:07:46,263 (com.serotonin.m2m2.util.DocumentationManifest.parseManifestFile:60) - Documentation manifest file not found: C:\free-m2m2-core-3.5.6\web\modules\mangoUI\web\dox\manifest.xml 
INFO  2019-04-12T14:07:46,357 (com.serotonin.m2m2.Main.loadModules:588) - Loading module 'mbus', v3.5.0 by Infinite Automation Systems Inc. 
INFO  2019-04-12T14:07:46,368 (com.serotonin.m2m2.Main.loadModules:588) - Loading module 'meta', v3.5.0 by Infinite Automation Systems Inc. 
INFO  2019-04-12T14:07:46,379 (com.serotonin.m2m2.Main.loadModules:588) - Loading module 'modbus', v3.5.0 by Infinite Automation Systems Inc. 
INFO  2019-04-12T14:07:46,393 (com.serotonin.m2m2.Main.loadModules:588) - Loading module 'onewire', v3.5.0 by Infinite Automation Systems Inc. 
INFO  2019-04-12T14:07:46,403 (com.serotonin.m2m2.Main.loadModules:588) - Loading module 'opcda', v3.5.0 by Infinite Automation Systems Inc. 
INFO  2019-04-12T14:07:46,411 (com.serotonin.m2m2.Main.loadModules:588) - Loading module 'pakbus', v3.5.4 by Infinite Automation Systems Inc. 
INFO  2019-04-12T14:07:46,421 (com.serotonin.m2m2.Main.loadModules:588) - Loading module 'pointLinks', v3.5.1 by Infinite Automation Systems Inc. 
INFO  2019-04-12T14:07:46,435 (com.serotonin.m2m2.Main.loadModules:588) - Loading module 'pop3', v3.5.0 by Infinite Automation Systems Inc. 
INFO  2019-04-12T14:07:46,444 (com.serotonin.m2m2.Main.loadModules:588) - Loading module 'reports', v3.5.0 by Infinite Automation Systems Inc. 
INFO  2019-04-12T14:07:46,462 (com.serotonin.m2m2.Main.loadModules:588) - Loading module 'scheduledEvents', v3.5.0 by Infinite Automation Systems Inc. 
INFO  2019-04-12T14:07:46,475 (com.serotonin.m2m2.Main.loadModules:588) - Loading module 'scripting', v3.5.1 by Infinite Automation Systems Inc. 
INFO  2019-04-12T14:07:46,484 (com.serotonin.m2m2.Main.loadModules:588) - Loading module 'serial', v3.5.1 by Infinite Automation Systems Inc. 
INFO  2019-04-12T14:07:46,494 (com.serotonin.m2m2.Main.loadModules:588) - Loading module 'snmp', v3.5.0 by Infinite Automation Systems Inc. 
INFO  2019-04-12T14:07:46,512 (com.serotonin.m2m2.Main.loadModules:588) - Loading module 'sqlConsole', v3.5.1 by Infinite Automation Systems Inc. 
INFO  2019-04-12T14:07:46,524 (com.serotonin.m2m2.Main.loadModules:588) - Loading module 'sqlds', v3.5.0 by Infinite Automation Systems Inc. 
INFO  2019-04-12T14:07:46,535 (com.serotonin.m2m2.Main.loadModules:588) - Loading module 'ssh', v3.5.0 by Infinite Automation Systems Inc. 
INFO  2019-04-12T14:07:46,544 (com.serotonin.m2m2.Main.loadModules:588) - Loading module 'sstGlobalScripts', v3.5.0 by Infinite Automation Systems Inc. 
INFO  2019-04-12T14:07:46,555 (com.serotonin.m2m2.Main.loadModules:588) - Loading module 'sstGraphics', v3.5.0 by Infinite Automation Systems Inc. 
INFO  2019-04-12T14:07:46,620 (com.serotonin.m2m2.Main.loadModules:588) - Loading module 'TCPIP', v3.5.0 by Infinite Automation Systems Inc. 
INFO  2019-04-12T14:07:46,629 (com.serotonin.m2m2.Main.loadModules:588) - Loading module 'templateConfig', v3.5.0 by Infinite Automation Systems Inc. 
INFO  2019-04-12T14:07:46,639 (com.serotonin.m2m2.Main.loadModules:588) - Loading module 'twilio', v3.5.0 by Infinite Automation Systems Inc. 
INFO  2019-04-12T14:07:46,651 (com.serotonin.m2m2.Main.loadModules:588) - Loading module 'virtualDS', v3.5.0 by Infinite Automation Systems Inc. 
INFO  2019-04-12T14:07:46,663 (com.serotonin.m2m2.Main.loadModules:588) - Loading module 'vmstat', v3.5.0 by Infinite Automation Systems Inc. 
INFO  2019-04-12T14:07:46,671 (com.serotonin.m2m2.Main.loadModules:588) - Loading module 'watchlists', v3.5.0 by Infinite Automation Systems Inc. 
INFO  2019-04-12T14:07:46,693 (com.serotonin.m2m2.Main.loadModules:588) - Loading module 'internal', v3.5.0 by Infinite Automation Systems Inc. 
INFO  2019-04-12T14:07:50,062 (com.serotonin.m2m2.Lifecycle.loadLic:604) - Checking license... 
INFO  2019-04-12T14:07:50,062 (com.serotonin.m2m2.Lifecycle.loadLic:690) - License file not found 
INFO  2019-04-12T14:07:50,329 (com.serotonin.m2m2.db.H2Proxy.initializeImpl:42) - Initializing H2 connection manager 
INFO  2019-04-12T14:07:55,216 (com.serotonin.m2m2.db.upgrade.DBUpgrade.checkUpgrade:38) - Starting instance with core version 3.5.6, db 26 
INFO  2019-04-12T14:07:59,176 (com.infiniteautomation.mango.spring.MangoRuntimeContextConfiguration.contextRefreshed:120) - Spring context 'runtimeContext' refreshed: org.springframework.context.annotation.AnnotationConfigApplicationContext@72e295cc 
INFO  2019-04-12T14:07:59,189 (com.infiniteautomation.mango.spring.MangoRuntimeContextConfiguration.contextStarted:134) - Spring context 'runtimeContext' started: org.springframework.context.annotation.AnnotationConfigApplicationContext@72e295cc 
INFO  2019-04-12T14:07:59,395 (com.serotonin.m2m2.rt.DataSourceGroupInitializer.initialize:77) - Initializing 3 NORMAL priority data sources in 8 threads. 
INFO  2019-04-12T14:07:59,548 (com.serotonin.m2m2.rt.RuntimeManagerImpl.initializeDataSourceStartup:380) - Data source 'Test' initialized 
INFO  2019-04-12T14:07:59,549 (com.serotonin.m2m2.rt.RuntimeManagerImpl.initializeDataSourceStartup:385) - Data source 'Test' took 149.587251ms to start 
INFO  2019-04-12T14:07:59,637 (com.serotonin.m2m2.rt.RuntimeManagerImpl.initializeDataSourceStartup:380) - Data source 'Mango Internal' initialized 
INFO  2019-04-12T14:07:59,637 (com.serotonin.m2m2.rt.RuntimeManagerImpl.initializeDataSourceStartup:385) - Data source 'Mango Internal' took 237.508322ms to start 
INFO  2019-04-12T14:07:59,839 (com.serotonin.m2m2.rt.RuntimeManagerImpl.initializeDataSourceStartup:380) - Data source 'Test2' initialized 
INFO  2019-04-12T14:07:59,840 (com.serotonin.m2m2.rt.RuntimeManagerImpl.initializeDataSourceStartup:385) - Data source 'Test2' took 439.939915ms to start 
INFO  2019-04-12T14:07:59,868 (com.serotonin.m2m2.rt.DataSourceGroupInitializer.initialize:109) - Initialization of 3 NORMAL priority data sources took 473ms 
INFO  2019-04-12T14:07:59,947 (com.serotonin.m2m2.rt.RuntimeManagerImpl.initialize:156) - Starting 0 Publishers... 
INFO  2019-04-12T14:07:59,948 (com.serotonin.m2m2.rt.RuntimeManagerImpl.initialize:168) - 0 Publisher's started in 4ms 
INFO  2019-04-12T14:08:02,249 (com.serotonin.m2m2.web.M2M2ContextListener.contextInitialized:32) - Mango Automation context starting 
INFO  2019-04-12T14:08:02,249 (com.serotonin.m2m2.web.M2M2ContextListener.contextInitialized:40) - Mango Automation context started 
INFO  2019-04-12T14:08:07,066 (com.infiniteautomation.mango.spring.MangoRuntimeContextConfiguration.contextRefreshed:120) - Spring context 'rootWebContext' refreshed: Root WebApplicationContext 
WARN  2019-04-12T14:08:11,669 (org.springframework.web.servlet.handler.SimpleUrlHandlerMapping.registerHandlers:114) - Neither 'urlMap' nor 'mappings' set on SimpleUrlHandlerMapping 
INFO  2019-04-12T14:08:11,946 (com.infiniteautomation.mango.spring.MangoRuntimeContextConfiguration.contextRefreshed:120) - Spring context 'jspDispatcherContext' refreshed: WebApplicationContext for namespace 'JSP_DISPATCHER-servlet' 
INFO  2019-04-12T14:08:15,610 (com.serotonin.m2m2.web.mvc.rest.v1.DataPointRestController.<init>:76) - Creating Data Point Rest Controller. 
INFO  2019-04-12T14:08:16,263 (com.serotonin.m2m2.web.mvc.rest.v1.DataSourceRestController.<init>:62) - Creating DS Rest Controller 
INFO  2019-04-12T14:08:16,906 (com.serotonin.m2m2.web.mvc.rest.v1.BacnetDiscoveryRestController.<init>:54) - Creating Discovery Rest Controller 
INFO  2019-04-12T14:08:17,827 (com.infiniteautomation.mango.rest.v2.DataPointRestController.<init>:96) - Creating Data Point v2 Rest Controller. 
INFO  2019-04-12T14:08:18,695 (com.infiniteautomation.mango.rest.v2.MetaRestController.<init>:52) - Creating meta rest controller. 
INFO  2019-04-12T14:08:20,149 (com.infiniteautomation.mango.spring.MangoRuntimeContextConfiguration.contextRefreshed:120) - Spring context 'restDispatcherContext' refreshed: WebApplicationContext for namespace 'REST_DISPATCHER-servlet' 
INFO  2019-04-12T14:08:20,157 (com.serotonin.m2m2.Lifecycle.configureDwr:1249) - Added DWR definition for: EnvCanEditDwr 
INFO  2019-04-12T14:08:20,161 (com.serotonin.m2m2.Lifecycle.configureDwr:1249) - Added DWR definition for: HttpDataSourceDwr 
INFO  2019-04-12T14:08:20,164 (com.serotonin.m2m2.Lifecycle.configureDwr:1249) - Added DWR definition for: TcpIpDataSourceEditDwr 
INFO  2019-04-12T14:08:20,166 (com.serotonin.m2m2.Lifecycle.configureDwr:1249) - Added DWR definition for: Pop3EditDwr 
INFO  2019-04-12T14:08:20,170 (com.serotonin.m2m2.Lifecycle.configureDwr:1249) - Added DWR definition for: HaystackDataSourceDwr 
INFO  2019-04-12T14:08:20,170 (com.serotonin.m2m2.Lifecycle.configureDwr:1242) - Duplicate definition of DWR class ignored: com.serotonin.m2m2.http.dwr.HttpDataSourceDwr 
INFO  2019-04-12T14:08:20,174 (com.serotonin.m2m2.Lifecycle.configureDwr:1249) - Added DWR definition for: DataFileDataSourceEditDwr 
INFO  2019-04-12T14:08:20,178 (com.serotonin.m2m2.Lifecycle.configureDwr:1249) - Added DWR definition for: OPCDAEditDwr 
INFO  2019-04-12T14:08:20,185 (com.serotonin.m2m2.Lifecycle.configureDwr:1249) - Added DWR definition for: BACnetMSTPEditDwr 
INFO  2019-04-12T14:08:20,189 (com.serotonin.m2m2.Lifecycle.configureDwr:1249) - Added DWR definition for: PakBusEditDwr 
INFO  2019-04-12T14:08:20,194 (com.serotonin.m2m2.Lifecycle.configureDwr:1249) - Added DWR definition for: MBusEditDwr 
INFO  2019-04-12T14:08:20,194 (com.serotonin.m2m2.Lifecycle.configureDwr:1242) - Duplicate definition of DWR class ignored: com.infiniteautomation.mango.pakbus.dwr.PakBusEditDwr 
INFO  2019-04-12T14:08:20,199 (com.serotonin.m2m2.Lifecycle.configureDwr:1249) - Added DWR definition for: SNMPEditDwr 
INFO  2019-04-12T14:08:20,203 (com.serotonin.m2m2.Lifecycle.configureDwr:1249) - Added DWR definition for: InternalEditDwr 
INFO  2019-04-12T14:08:20,208 (com.serotonin.m2m2.Lifecycle.configureDwr:1249) - Added DWR definition for: SerialEditDwr 
INFO  2019-04-12T14:08:20,213 (com.serotonin.m2m2.Lifecycle.configureDwr:1249) - Added DWR definition for: MetaEditDwr 
INFO  2019-04-12T14:08:20,217 (com.serotonin.m2m2.Lifecycle.configureDwr:1249) - Added DWR definition for: DnpEditDwr 
INFO  2019-04-12T14:08:20,220 (com.serotonin.m2m2.Lifecycle.configureDwr:1249) - Added DWR definition for: ModbusEditDwr 
INFO  2019-04-12T14:08:20,223 (com.serotonin.m2m2.Lifecycle.configureDwr:1249) - Added DWR definition for: Log4jEditDwr 
INFO  2019-04-12T14:08:20,227 (com.serotonin.m2m2.Lifecycle.configureDwr:1249) - Added DWR definition for: ScriptingEditDwr 
INFO  2019-04-12T14:08:20,230 (com.serotonin.m2m2.Lifecycle.configureDwr:1249) - Added DWR definition for: SshDataSourceEditDwr 
INFO  2019-04-12T14:08:20,233 (com.serotonin.m2m2.Lifecycle.configureDwr:1249) - Added DWR definition for: AsciiFileEditDwr 
INFO  2019-04-12T14:08:20,233 (com.serotonin.m2m2.Lifecycle.configureDwr:1242) - Duplicate definition of DWR class ignored: com.serotonin.m2m2.http.dwr.HttpDataSourceDwr 
INFO  2019-04-12T14:08:20,236 (com.serotonin.m2m2.Lifecycle.configureDwr:1249) - Added DWR definition for: OneWireEditDwr 
INFO  2019-04-12T14:08:20,238 (com.serotonin.m2m2.Lifecycle.configureDwr:1249) - Added DWR definition for: SqlEditDwr 
INFO  2019-04-12T14:08:20,241 (com.serotonin.m2m2.Lifecycle.configureDwr:1249) - Added DWR definition for: VMStatEditDwr 
INFO  2019-04-12T14:08:20,243 (com.serotonin.m2m2.Lifecycle.configureDwr:1249) - Added DWR definition for: EgaugeDataSourceDwr 
INFO  2019-04-12T14:08:20,243 (com.serotonin.m2m2.Lifecycle.configureDwr:1242) - Duplicate definition of DWR class ignored: com.serotonin.m2m2.http.dwr.HttpDataSourceDwr 
INFO  2019-04-12T14:08:20,248 (com.serotonin.m2m2.Lifecycle.configureDwr:1249) - Added DWR definition for: BACnetIPEditDwr 
INFO  2019-04-12T14:08:20,248 (com.serotonin.m2m2.Lifecycle.configureDwr:1242) - Duplicate definition of DWR class ignored: br.org.scadabr.dnp3.dwr.DnpEditDwr 
INFO  2019-04-12T14:08:20,250 (com.serotonin.m2m2.Lifecycle.configureDwr:1249) - Added DWR definition for: ControlCoreEditDwr 
INFO  2019-04-12T14:08:20,250 (com.serotonin.m2m2.Lifecycle.configureDwr:1242) - Duplicate definition of DWR class ignored: com.serotonin.m2m2.modbus.dwr.ModbusEditDwr 
INFO  2019-04-12T14:08:20,250 (com.serotonin.m2m2.Lifecycle.configureDwr:1242) - Duplicate definition of DWR class ignored: com.serotonin.m2m2.http.dwr.HttpDataSourceDwr 
INFO  2019-04-12T14:08:20,254 (com.serotonin.m2m2.Lifecycle.configureDwr:1249) - Added DWR definition for: VirtualEditDwr 
INFO  2019-04-12T14:08:20,327 (org.springframework.web.servlet.handler.AbstractUrlHandlerMapping.registerHandler:373) - Mapped URL path [/data_point_details.shtm] onto handler of type [class com.serotonin.m2m2.web.mvc.UrlHandlerController] 
INFO  2019-04-12T14:08:20,328 (org.springframework.web.servlet.handler.AbstractUrlHandlerMapping.registerHandler:373) - Mapped URL path [/events.shtm] onto handler of type [class com.serotonin.m2m2.web.mvc.UrlHandlerController] 
INFO  2019-04-12T14:08:20,328 (org.springframework.web.servlet.handler.AbstractUrlHandlerMapping.registerHandler:373) - Mapped URL path [/pending_alarms.shtm] onto handler of type [class com.serotonin.m2m2.web.mvc.UrlHandlerController] 
INFO  2019-04-12T14:08:20,328 (org.springframework.web.servlet.handler.AbstractUrlHandlerMapping.registerHandler:373) - Mapped URL path [/event_handlers.shtm] onto handler of type [class com.serotonin.m2m2.web.mvc.UrlHandlerController] 
INFO  2019-04-12T14:08:20,328 (org.springframework.web.servlet.handler.AbstractUrlHandlerMapping.registerHandler:373) - Mapped URL path [/data_sources.shtm] onto handler of type [class com.serotonin.m2m2.web.mvc.UrlHandlerController] 
INFO  2019-04-12T14:08:20,328 (org.springframework.web.servlet.handler.AbstractUrlHandlerMapping.registerHandler:373) - Mapped URL path [/point_hierarchy.shtm] onto handler of type [class com.serotonin.m2m2.web.mvc.UrlHandlerController] 
INFO  2019-04-12T14:08:20,329 (org.springframework.web.servlet.handler.AbstractUrlHandlerMapping.registerHandler:373) - Mapped URL path [/mailing_lists.shtm] onto handler of type [class com.serotonin.m2m2.web.mvc.UrlHandlerController] 
INFO  2019-04-12T14:08:20,329 (org.springframework.web.servlet.handler.AbstractUrlHandlerMapping.registerHandler:373) - Mapped URL path [/publishers.shtm] onto handler of type [class com.serotonin.m2m2.web.mvc.UrlHandlerController] 
INFO  2019-04-12T14:08:20,329 (org.springframework.web.servlet.handler.AbstractUrlHandlerMapping.registerHandler:373) - Mapped URL path [/system_settings.shtm] onto handler of type [class com.serotonin.m2m2.web.mvc.UrlHandlerController] 
INFO  2019-04-12T14:08:20,330 (org.springframework.web.servlet.handler.AbstractUrlHandlerMapping.registerHandler:373) - Mapped URL path [/modules.shtm] onto handler of type [class com.serotonin.m2m2.web.mvc.UrlHandlerController] 
INFO  2019-04-12T14:08:20,331 (org.springframework.web.servlet.handler.AbstractUrlHandlerMapping.registerHandler:373) - Mapped URL path [/emport.shtm] onto handler of type [class com.serotonin.m2m2.web.mvc.UrlHandlerController] 
INFO  2019-04-12T14:08:20,331 (org.springframework.web.servlet.handler.AbstractUrlHandlerMapping.registerHandler:373) - Mapped URL path [/error.htm] onto handler of type [class com.serotonin.m2m2.web.mvc.UrlHandlerController] 
INFO  2019-04-12T14:08:20,331 (org.springframework.web.servlet.handler.AbstractUrlHandlerMapping.registerHandler:373) - Mapped URL path [/not-found.htm] onto handler of type [class com.serotonin.m2m2.web.mvc.UrlHandlerController] 
INFO  2019-04-12T14:08:20,332 (org.springframework.web.servlet.handler.AbstractUrlHandlerMapping.registerHandler:373) - Mapped URL path [/unauthorized.htm] onto handler of type [class com.serotonin.m2m2.web.mvc.UrlHandlerController] 
INFO  2019-04-12T14:08:20,332 (org.springframework.web.servlet.handler.AbstractUrlHandlerMapping.registerHandler:373) - Mapped URL path [/upload.shtm] onto handler of type [class com.serotonin.m2m2.web.mvc.UrlHandlerController] 
INFO  2019-04-12T14:08:20,332 (org.springframework.web.servlet.handler.AbstractUrlHandlerMapping.registerHandler:373) - Mapped URL path [/mobile_data_point_details.shtm] onto handler of type [class com.serotonin.m2m2.web.mvc.UrlHandlerController] 
INFO  2019-04-12T14:08:20,355 (org.springframework.web.servlet.handler.AbstractUrlHandlerMapping.registerHandler:373) - Mapped URL path [/csvDataImport.shtm] onto handler of type [class com.serotonin.m2m2.web.mvc.UrlHandlerController] 
INFO  2019-04-12T14:08:20,356 (org.springframework.web.servlet.handler.AbstractUrlHandlerMapping.registerHandler:373) - Mapped URL path [/dataImport.shtm] onto handler of type [class com.serotonin.m2m2.web.mvc.UrlHandlerController] 
INFO  2019-04-12T14:08:20,356 (org.springframework.web.servlet.handler.AbstractUrlHandlerMapping.registerHandler:373) - Mapped URL path [/excel-reports.shtm] onto handler of type [class com.serotonin.m2m2.web.mvc.UrlHandlerController] 
INFO  2019-04-12T14:08:20,361 (org.springframework.web.servlet.handler.AbstractUrlHandlerMapping.registerHandler:373) - Mapped URL path [/public_view.htm] onto handler of type [class com.serotonin.m2m2.web.mvc.UrlHandlerController] 
INFO  2019-04-12T14:08:20,371 (org.springframework.web.servlet.handler.AbstractUrlHandlerMapping.registerHandler:373) - Mapped URL path [/views.shtm] onto handler of type [class com.serotonin.m2m2.web.mvc.UrlHandlerController] 
INFO  2019-04-12T14:08:20,372 (org.springframework.web.servlet.handler.AbstractUrlHandlerMapping.registerHandler:373) - Mapped URL path [/logging_console.shtm] onto handler of type [class com.serotonin.m2m2.web.mvc.UrlHandlerController] 
INFO  2019-04-12T14:08:20,375 (org.springframework.web.servlet.handler.AbstractUrlHandlerMapping.registerHandler:373) - Mapped URL path [/maintenance_events.shtm] onto handler of type [class com.serotonin.m2m2.web.mvc.UrlHandlerController] 
INFO  2019-04-12T14:08:20,375 (org.springframework.web.servlet.handler.AbstractUrlHandlerMapping.registerHandler:373) - Mapped URL path [/point_links.shtm] onto handler of type [class com.serotonin.m2m2.web.mvc.UrlHandlerController] 
INFO  2019-04-12T14:08:20,375 (org.springframework.web.servlet.handler.AbstractUrlHandlerMapping.registerHandler:373) - Mapped URL path [/m2m_report_import.shtm] onto handler of type [class com.serotonin.m2m2.web.mvc.UrlHandlerController] 
INFO  2019-04-12T14:08:20,382 (org.springframework.web.servlet.handler.AbstractUrlHandlerMapping.registerHandler:373) - Mapped URL path [/reportChart.shtm] onto handler of type [class com.serotonin.m2m2.web.mvc.UrlHandlerController] 
INFO  2019-04-12T14:08:20,382 (org.springframework.web.servlet.handler.AbstractUrlHandlerMapping.registerHandler:373) - Mapped URL path [/reports.shtm] onto handler of type [class com.serotonin.m2m2.web.mvc.UrlHandlerController] 
INFO  2019-04-12T14:08:20,382 (org.springframework.web.servlet.handler.AbstractUrlHandlerMapping.registerHandler:373) - Mapped URL path [/templateConfig.shtm] onto handler of type [class com.serotonin.m2m2.web.mvc.UrlHandlerController] 
INFO  2019-04-12T14:08:20,387 (org.springframework.web.servlet.handler.AbstractUrlHandlerMapping.registerHandler:373) - Mapped URL path [/watch_list.shtm] onto handler of type [class com.serotonin.m2m2.web.mvc.UrlHandlerController] 
INFO  2019-04-12T14:08:20,392 (org.springframework.web.servlet.handler.AbstractUrlHandlerMapping.registerHandler:373) - Mapped URL path [/mobile/watch_list.shtm] onto handler of type [class com.serotonin.m2m2.web.mvc.UrlHandlerController] 
INFO  2019-04-12T14:08:20,392 (org.springframework.web.servlet.handler.AbstractUrlHandlerMapping.registerHandler:373) - Mapped URL path [/internal/threads.shtm] onto handler of type [class com.serotonin.m2m2.web.mvc.UrlHandlerController] 
INFO  2019-04-12T14:08:20,392 (org.springframework.web.servlet.handler.AbstractUrlHandlerMapping.registerHandler:373) - Mapped URL path [/internal/queueStats.shtm] onto handler of type [class com.serotonin.m2m2.web.mvc.UrlHandlerController] 
INFO  2019-04-12T14:08:20,392 (org.springframework.web.servlet.handler.AbstractUrlHandlerMapping.registerHandler:373) - Mapped URL path [/internal/workItems.shtm] onto handler of type [class com.serotonin.m2m2.web.mvc.UrlHandlerController] 
INFO  2019-04-12T14:08:20,393 (org.springframework.web.servlet.handler.AbstractUrlHandlerMapping.registerHandler:373) - Mapped URL path [/internal/tasks.shtm] onto handler of type [class com.serotonin.m2m2.web.mvc.UrlHandlerController] 
INFO  2019-04-12T14:08:20,393 (org.springframework.web.servlet.handler.AbstractUrlHandlerMapping.registerHandler:373) - Mapped URL path [/internal/status.shtm] onto handler of type [class com.serotonin.m2m2.web.mvc.UrlHandlerController] 
INFO  2019-04-12T14:08:20,393 (org.springframework.web.servlet.handler.AbstractUrlHandlerMapping.registerHandler:373) - Mapped URL path [/data_point_edit.shtm] onto handler of type [class com.serotonin.m2m2.web.mvc.controller.DataPointEditController] 
INFO  2019-04-12T14:08:20,394 (org.springframework.web.servlet.handler.AbstractUrlHandlerMapping.registerHandler:373) - Mapped URL path [/data_source_properties.shtm] onto handler of type [class com.serotonin.m2m2.web.mvc.controller.DataSourcePropertiesController] 
INFO  2019-04-12T14:08:20,394 (org.springframework.web.servlet.handler.AbstractUrlHandlerMapping.registerHandler:373) - Mapped URL path [/data_source_edit.shtm] onto handler of type [class com.serotonin.m2m2.web.mvc.controller.DataSourceEditController] 
INFO  2019-04-12T14:08:20,394 (org.springframework.web.servlet.handler.AbstractUrlHandlerMapping.registerHandler:373) - Mapped URL path [/data_source_properties_error.shtm] onto handler of type [class com.serotonin.m2m2.web.mvc.controller.DataSourceEditController] 
INFO  2019-04-12T14:08:20,394 (org.springframework.web.servlet.handler.AbstractUrlHandlerMapping.registerHandler:373) - Mapped URL path [/help.htm] onto handler of type [class com.serotonin.m2m2.web.mvc.controller.HelpController] 
INFO  2019-04-12T14:08:20,394 (org.springframework.web.servlet.handler.AbstractUrlHandlerMapping.registerHandler:373) - Mapped URL path [/startup.htm] onto handler of type [class com.serotonin.m2m2.web.mvc.controller.StartupController] 
INFO  2019-04-12T14:08:20,395 (org.springframework.web.servlet.handler.AbstractUrlHandlerMapping.registerHandler:373) - Mapped URL path [/shutdown.htm] onto handler of type [class com.serotonin.m2m2.web.mvc.controller.ShutdownController] 
INFO  2019-04-12T14:08:20,395 (org.springframework.web.servlet.handler.AbstractUrlHandlerMapping.registerHandler:373) - Mapped URL path [/publisher_edit.shtm] onto handler of type [class com.serotonin.m2m2.web.mvc.controller.PublisherEditController] 
INFO  2019-04-12T14:08:20,395 (org.springframework.web.servlet.handler.AbstractUrlHandlerMapping.registerHandler:373) - Mapped URL path [/users.shtm] onto handler of type [class com.serotonin.m2m2.web.mvc.controller.UsersController] 
INFO  2019-04-12T14:08:20,399 (org.springframework.web.servlet.handler.AbstractUrlHandlerMapping.registerHandler:373) - Mapped URL path [/view_edit.shtm] onto handler of type [class com.serotonin.m2m2.web.mvc.UrlHandlerController] 
INFO  2019-04-12T14:08:20,400 (org.springframework.web.servlet.handler.AbstractUrlHandlerMapping.registerHandler:373) - Mapped URL path [/scheduled_events.shtm] onto handler of type [class com.serotonin.m2m2.web.mvc.UrlHandlerController] 
INFO  2019-04-12T14:08:20,402 (org.springframework.web.servlet.handler.AbstractUrlHandlerMapping.registerHandler:373) - Mapped URL path [/sqlConsole.shtm] onto handler of type [class com.serotonin.m2m2.web.mvc.UrlHandlerController] 
INFO  2019-04-12T14:08:20,402 (org.springframework.web.servlet.handler.AbstractUrlHandlerMapping.registerHandler:373) - Mapped URL path [/globalScripts.shtm] onto handler of type [class com.serotonin.m2m2.web.mvc.UrlHandlerController] 
WARN  2019-04-12T14:29:42,225 (com.infiniteautomation.mango.rest.v2.ServerRestV2Controller.postClientError:223) - Client error
[user=admin, cause=, location=http://localhost:8080/ui/administration/edit-pages/0c1e7fd1-4f22-4c87-b0bb-f561ce2ad0bc, userAgent=Mozilla/5.0 (Windows NT 10.0; Win64; x64; rv:66.0) Gecko/20100101 Firefox/66.0, language=en-US, date=2019-04-12T14:29:42.187-04:00, timezone=America/New_York]
Error: [$compile:ctreq] Controller 'ngModel', required by directive 'mdSelect', can't be found!
https://errors.angularjs.org/1.7.3/$compile/ctreq?p0=ngModel&p1=mdSelect
	at a/< (http://localhost:8080/modules/mangoUI/web/mangoUi~ngMango~ngMangoServices.js?v=0f03d20f7b30b4a597f9:78:832)
	at ve (http://localhost:8080/modules/mangoUI/web/mangoUi~ngMango~ngMangoServices.js?v=0f03d20f7b30b4a597f9:78:51872)
	at ve (http://localhost:8080/modules/mangoUI/web/mangoUi~ngMango~ngMangoServices.js?v=0f03d20f7b30b4a597f9:78:52008)
	at ie (http://localhost:8080/modules/mangoUI/web/mangoUi~ngMango~ngMangoServices.js?v=0f03d20f7b30b4a597f9:78:51494)
	at ce/< (http://localhost:8080/modules/mangoUI/web/mangoUi~ngMango~ngMangoServices.js?v=0f03d20f7b30b4a597f9:78:44321)
	at ie (http://localhost:8080/modules/mangoUI/web/mangoUi~ngMango~ngMangoServices.js?v=0f03d20f7b30b4a597f9:78:51401)
	at ce/< (http://localhost:8080/modules/mangoUI/web/mangoUi~ngMango~ngMangoServices.js?v=0f03d20f7b30b4a597f9:78:44321)
	at ie (http://localhost:8080/modules/mangoUI/web/mangoUi~ngMango~ngMangoServices.js?v=0f03d20f7b30b4a597f9:78:51401)
	at ce/< (http://localhost:8080/modules/mangoUI/web/mangoUi~ngMango~ngMangoServices.js?v=0f03d20f7b30b4a597f9:78:44321)
	at ce/< (http://localhost:8080/modules/mangoUI/web/mangoUi~ngMango~ngMangoServices.js?v=0f03d20f7b30b4a597f9:78:44338)
	at oe/< (http://localhost:8080/modules/mangoUI/web/mangoUi~ngMango~ngMangoServices.js?v=0f03d20f7b30b4a597f9:78:43534)
	at k.prototype.updatePreview (http://localhost:8080/modules/mangoUI/web/mangoUi.js?v=7420dd568f397afe5313:1:153418)
	at k.prototype.$onChanges (http://localhost:8080/modules/mangoUI/web/mangoUi.js?v=7420dd568f397afe5313:1:153192)
	at l (http://localhost:8080/modules/mangoUI/web/mangoUi~ngMango~ngMangoServices.js?v=0f03d20f7b30b4a597f9:78:56981)
	at I/< (http://localhost:8080/modules/mangoUI/web/mangoUi~ngMango~ngMangoServices.js?v=0f03d20f7b30b4a597f9:78:40422)
	at $eval (http://localhost:8080/modules/mangoUI/web/mangoUi~ngMango~ngMangoServices.js?v=0f03d20f7b30b4a597f9:78:102170)
	at $apply (http://localhost:8080/modules/mangoUI/web/mangoUi~ngMango~ngMangoServices.js?v=0f03d20f7b30b4a597f9:78:102412)
	at I (http://localhost:8080/modules/mangoUI/web/mangoUi~ngMango~ngMangoServices.js?v=0f03d20f7b30b4a597f9:78:40363)
	at $digest (http://localhost:8080/modules/mangoUI/web/mangoUi~ngMango~ngMangoServices.js?v=0f03d20f7b30b4a597f9:78:101076)
	at $apply (http://localhost:8080/modules/mangoUI/web/mangoUi~ngMango~ngMangoServices.js?v=0f03d20f7b30b4a597f9:78:102465)
	at o/c< (http://localhost:8080/modules/mangoUI/web/mangoUi~ngMango~ngMangoServices.js?v=0f03d20f7b30b4a597f9:78:124794)
	at Qr/this.$get</</this.completeTask (http://localhost:8080/modules/mangoUI/web/mangoUi~ngMango~ngMangoServices.js?v=0f03d20f7b30b4a597f9:78:122757)
	at ln/this.$get</</i.defer/r< (http://localhost:8080/modules/mangoUI/web/mangoUi~ngMango~ngMangoServices.js?v=0f03d20f7b30b4a597f9:78:34323) 
WARN  2019-04-12T14:29:42,225 (com.infiniteautomation.mango.rest.v2.ServerRestV2Controller.postClientError:223) - Client error
[user=admin, cause=, location=http://localhost:8080/ui/administration/edit-pages/0c1e7fd1-4f22-4c87-b0bb-f561ce2ad0bc, userAgent=Mozilla/5.0 (Windows NT 10.0; Win64; x64; rv:66.0) Gecko/20100101 Firefox/66.0, language=en-US, date=2019-04-12T14:29:42.189-04:00, timezone=America/New_York]
TypeError: d.ngModel is undefined
	at l/< (http://localhost:8080/modules/mangoUI/web/mangoUi~ngMango.js?v=1dfa5170b7822c28b0be:77:165923)
	at $watchCollection/< (http://localhost:8080/modules/mangoUI/web/mangoUi~ngMango~ngMangoServices.js?v=0f03d20f7b30b4a597f9:78:99919)
	at $digest (http://localhost:8080/modules/mangoUI/web/mangoUi~ngMango~ngMangoServices.js?v=0f03d20f7b30b4a597f9:78:100596)
	at $apply (http://localhost:8080/modules/mangoUI/web/mangoUi~ngMango~ngMangoServices.js?v=0f03d20f7b30b4a597f9:78:102465)
	at I (http://localhost:8080/modules/mangoUI/web/mangoUi~ngMango~ngMangoServices.js?v=0f03d20f7b30b4a597f9:78:40363)
	at $digest (http://localhost:8080/modules/mangoUI/web/mangoUi~ngMango~ngMangoServices.js?v=0f03d20f7b30b4a597f9:78:101076)
	at $apply (http://localhost:8080/modules/mangoUI/web/mangoUi~ngMango~ngMangoServices.js?v=0f03d20f7b30b4a597f9:78:102465)
	at o/c< (http://localhost:8080/modules/mangoUI/web/mangoUi~ngMango~ngMangoServices.js?v=0f03d20f7b30b4a597f9:78:124794)
	at Qr/this.$get</</this.completeTask (http://localhost:8080/modules/mangoUI/web/mangoUi~ngMango~ngMangoServices.js?v=0f03d20f7b30b4a597f9:78:122757)
	at ln/this.$get</</i.defer/r< (http://localhost:8080/modules/mangoUI/web/mangoUi~ngMango~ngMangoServices.js?v=0f03d20f7b30b4a597f9:78:34323) 
INFO  2019-04-12T15:05:49,085 (com.serotonin.m2m2.rt.RuntimeManagerImpl.initializeDataSourceStartup:380) - Data source 'Weather' initialized 
INFO  2019-04-12T15:05:49,085 (com.serotonin.m2m2.rt.RuntimeManagerImpl.initializeDataSourceStartup:385) - Data source 'Weather' took 7.142939ms to start 
INFO  2019-04-12T15:09:21,849 (com.serotonin.m2m2.rt.RuntimeManagerImpl.stopDataSourceShutdown:423) - Data source 'Weather' stopped 
INFO  2019-04-12T15:09:21,860 (com.serotonin.m2m2.rt.RuntimeManagerImpl.initializeDataSourceStartup:380) - Data source 'Weather' initialized 
INFO  2019-04-12T15:09:21,861 (com.serotonin.m2m2.rt.RuntimeManagerImpl.initializeDataSourceStartup:385) - Data source 'Weather' took 7.732145ms to start 
INFO  2019-04-12T15:14:26,792 (com.serotonin.m2m2.rt.RuntimeManagerImpl.stopDataSourceShutdown:423) - Data source 'Weather' stopped 
INFO  2019-04-12T15:14:26,805 (com.serotonin.m2m2.rt.RuntimeManagerImpl.initializeDataSourceStartup:380) - Data source 'Weather' initialized 
INFO  2019-04-12T15:14:26,806 (com.serotonin.m2m2.rt.RuntimeManagerImpl.initializeDataSourceStartup:385) - Data source 'Weather' took 8.705351ms to start 
INFO  2019-04-12T15:14:28,065 (com.serotonin.m2m2.rt.RuntimeManagerImpl.stopDataSourceShutdown:423) - Data source 'Weather' stopped 
INFO  2019-04-12T15:14:28,078 (com.serotonin.m2m2.rt.RuntimeManagerImpl.initializeDataSourceStartup:380) - Data source 'Weather' initialized 
INFO  2019-04-12T15:14:28,079 (com.serotonin.m2m2.rt.RuntimeManagerImpl.initializeDataSourceStartup:385) - Data source 'Weather' took 5.992294ms to start 
WARN  2019-04-12T15:31:26,407 (com.infiniteautomation.mango.rest.v2.ServerRestV2Controller.postClientError:223) - Client error
[user=admin, cause=<marker inkscape:stockid="EmptyTriangleInL" orient="auto" refY="0.0" refX="0.0" id="EmptyTriangleInL" style="overflow:visible" inkscape:isstock="true">, location=http://localhost:8080/ui/examples/svg/basic-usage, userAgent=Mozilla/5.0 (Windows NT 10.0; Win64; x64; rv:66.0) Gecko/20100101 Firefox/66.0, language=en-US, date=2019-04-12T15:31:26.369-04:00, timezone=America/New_York]
ReferenceError: google is not defined
	at i (http://localhost:8080/modules/mangoUI/web/mangoUi~ngMango.js?v=1dfa5170b7822c28b0be:84:722253)
	at pe/< (http://localhost:8080/modules/mangoUI/web/mangoUi~ngMango~ngMangoServices.js?v=0f03d20f7b30b4a597f9:78:7416)
	at Re (http://localhost:8080/modules/mangoUI/web/mangoUi~ngMango~ngMangoServices.js?v=0f03d20f7b30b4a597f9:78:56644)
	at ie (http://localhost:8080/modules/mangoUI/web/mangoUi~ngMango~ngMangoServices.js?v=0f03d20f7b30b4a597f9:78:51450)
	at ce/< (http://localhost:8080/modules/mangoUI/web/mangoUi~ngMango~ngMangoServices.js?v=0f03d20f7b30b4a597f9:78:44321)
	at ce/< (http://localhost:8080/modules/mangoUI/web/mangoUi~ngMango~ngMangoServices.js?v=0f03d20f7b30b4a597f9:78:44338)
	at ce/< (http://localhost:8080/modules/mangoUI/web/mangoUi~ngMango~ngMangoServices.js?v=0f03d20f7b30b4a597f9:78:44338)
	at oe/< (http://localhost:8080/modules/mangoUI/web/mangoUi~ngMango~ngMangoServices.js?v=0f03d20f7b30b4a597f9:78:43534)
	at link (http://localhost:8080/modules/mangoUI/web/mangoUi~ngMango~ngMangoServices.js?v=0f03d20f7b30b4a597f9:78:151780)
	at pe/< (http://localhost:8080/modules/mangoUI/web/mangoUi~ngMango~ngMangoServices.js?v=0f03d20f7b30b4a597f9:78:7416)
	at Re (http://localhost:8080/modules/mangoUI/web/mangoUi~ngMango~ngMangoServices.js?v=0f03d20f7b30b4a597f9:78:56644)
	at ie (http://localhost:8080/modules/mangoUI/web/mangoUi~ngMango~ngMangoServices.js?v=0f03d20f7b30b4a597f9:78:51450)
	at ce/< (http://localhost:8080/modules/mangoUI/web/mangoUi~ngMango~ngMangoServices.js?v=0f03d20f7b30b4a597f9:78:44321)
	at oe/< (http://localhost:8080/modules/mangoUI/web/mangoUi~ngMango~ngMangoServices.js?v=0f03d20f7b30b4a597f9:78:43534)
	at Me/< (http://localhost:8080/modules/mangoUI/web/mangoUi~ngMango~ngMangoServices.js?v=0f03d20f7b30b4a597f9:78:46739)
	at r (http://localhost:8080/modules/mangoUI/web/mangoUi~ngMango~ngMangoServices.js?v=0f03d20f7b30b4a597f9:78:44683)
	at M (http://localhost:8080/modules/mangoUI/web/mangoUi~ngMango~ngMangoServices.js?v=0f03d20f7b30b4a597f9:78:49936)
	at compile/</</< (http://localhost:8080/modules/mangoUI/web/mangoUi~ngMango~ngMangoServices.js?v=0f03d20f7b30b4a597f9:78:151265)
	at l/</< (http://localhost:8080/modules/mangoUI/web/mangoUi~ngMango~ngMangoServices.js?v=0f03d20f7b30b4a597f9:78:94737)
	at l/< (http://localhost:8080/modules/mangoUI/web/mangoUi~ngMango~ngMangoServices.js?v=0f03d20f7b30b4a597f9:78:94582)
	at $digest (http://localhost:8080/modules/mangoUI/web/mangoUi~ngMango~ngMangoServices.js?v=0f03d20f7b30b4a597f9:78:100276)
	at $apply (http://localhost:8080/modules/mangoUI/web/mangoUi~ngMango~ngMangoServices.js?v=0f03d20f7b30b4a597f9:78:102465)
	at Vn/this.$get</</</h.$$intervalId< (http://localhost:8080/modules/mangoUI/web/mangoUi~ngMango~ngMangoServices.js?v=0f03d20f7b30b4a597f9:78:71473) 
WARN  2019-04-12T15:43:53,199 (com.infiniteautomation.mango.rest.v2.ServerRestV2Controller.postClientError:223) - Client error
[user=admin, cause=<div class="bar-display-fill ng-pristine ng-untouched ng-valid" ng-model="max" ng-init="max=1" ng-style="{width: }" style="">, location=http://localhost:8080/ui/administration/edit-pages/8b744c87-6846-492a-b785-d2286d4c0902, userAgent=Mozilla/5.0 (Windows NT 10.0; Win64; x64; rv:66.0) Gecko/20100101 Firefox/66.0, language=en-US, date=2019-04-12T15:43:53.191-04:00, timezone=America/New_York]
Error: [$parse:syntax] Syntax Error: Token '}' not a primary expression at column 9 of the expression [{width: }] starting at [}].
https://errors.angularjs.org/1.7.3/$parse/syntax?p0=%7D&p1=not%20a%20primary%20expression&p2=9&p3=%7Bwidth%3A%20%7D&p4=%7D
	at a/< (http://localhost:8080/modules/mangoUI/web/mangoUi~ngMango~ngMangoServices.js?v=0f03d20f7b30b4a597f9:78:832)
	at throwError (http://localhost:8080/modules/mangoUI/web/mangoUi~ngMango~ngMangoServices.js?v=0f03d20f7b30b4a597f9:78:87907)
	at primary (http://localhost:8080/modules/mangoUI/web/mangoUi~ngMango~ngMangoServices.js?v=0f03d20f7b30b4a597f9:78:86096)
	at unary (http://localhost:8080/modules/mangoUI/web/mangoUi~ngMango~ngMangoServices.js?v=0f03d20f7b30b4a597f9:78:85607)
	at multiplicative (http://localhost:8080/modules/mangoUI/web/mangoUi~ngMango~ngMangoServices.js?v=0f03d20f7b30b4a597f9:78:85353)
	at additive (http://localhost:8080/modules/mangoUI/web/mangoUi~ngMango~ngMangoServices.js?v=0f03d20f7b30b4a597f9:78:85179)
	at relational (http://localhost:8080/modules/mangoUI/web/mangoUi~ngMango~ngMangoServices.js?v=0f03d20f7b30b4a597f9:78:85013)
	at equality (http://localhost:8080/modules/mangoUI/web/mangoUi~ngMango~ngMangoServices.js?v=0f03d20f7b30b4a597f9:78:84837)
	at logicalAND (http://localhost:8080/modules/mangoUI/web/mangoUi~ngMango~ngMangoServices.js?v=0f03d20f7b30b4a597f9:78:84687)
	at logicalOR (http://localhost:8080/modules/mangoUI/web/mangoUi~ngMango~ngMangoServices.js?v=0f03d20f7b30b4a597f9:78:84533)
	at ternary (http://localhost:8080/modules/mangoUI/web/mangoUi~ngMango~ngMangoServices.js?v=0f03d20f7b30b4a597f9:78:84331)
	at assignment (http://localhost:8080/modules/mangoUI/web/mangoUi~ngMango~ngMangoServices.js?v=0f03d20f7b30b4a597f9:78:84108)
	at expression (http://localhost:8080/modules/mangoUI/web/mangoUi~ngMango~ngMangoServices.js?v=0f03d20f7b30b4a597f9:78:84061)
	at object (http://localhost:8080/modules/mangoUI/web/mangoUi~ngMango~ngMangoServices.js?v=0f03d20f7b30b4a597f9:78:87564)
	at primary (http://localhost:8080/modules/mangoUI/web/mangoUi~ngMango~ngMangoServices.js?v=0f03d20f7b30b4a597f9:78:85774)
	at unary (http://localhost:8080/modules/mangoUI/web/mangoUi~ngMango~ngMangoServices.js?v=0f03d20f7b30b4a597f9:78:85607)
	at multiplicative (http://localhost:8080/modules/mangoUI/web/mangoUi~ngMango~ngMangoServices.js?v=0f03d20f7b30b4a597f9:78:85353)
	at additive (http://localhost:8080/modules/mangoUI/web/mangoUi~ngMango~ngMangoServices.js?v=0f03d20f7b30b4a597f9:78:85179)
	at relational (http://localhost:8080/modules/mangoUI/web/mangoUi~ngMango~ngMangoServices.js?v=0f03d20f7b30b4a597f9:78:85013)
	at equality (http://localhost:8080/modules/mangoUI/web/mangoUi~ngMango~ngMangoServices.js?v=0f03d20f7b30b4a597f9:78:84837)
	at logicalAND (http://localhost:8080/modules/mangoUI/web/mangoUi~ngMango~ngMangoServices.js?v=0f03d20f7b30b4a597f9:78:84687)
	at logicalOR (http://localhost:8080/modules/mangoUI/web/mangoUi~ngMango~ngMangoServices.js?v=0f03d20f7b30b4a597f9:78:84533)
	at ternary (http://localhost:8080/modules/mangoUI/web/mangoUi~ngMango~ngMangoServices.js?v=0f03d20f7b30b4a597f9:78:84331)
	at assignment (http://localhost:8080/modules/mangoUI/web/mangoUi~ngMango~ngMangoServices.js?v=0f03d20f7b30b4a597f9:78:84108)
	at expression (http://localhost:8080/modules/mangoUI/web/mangoUi~ngMango~ngMangoServices.js?v=0f03d20f7b30b4a597f9:78:84061)
	at filterChain (http://localhost:8080/modules/mangoUI/web/mangoUi~ngMango~ngMangoServices.js?v=0f03d20f7b30b4a597f9:78:83969)
	at expressionStatement (http://localhost:8080/modules/mangoUI/web/mangoUi~ngMango~ngMangoServices.js?v=0f03d20f7b30b4a597f9:78:83915)
	at program (http://localhost:8080/modules/mangoUI/web/mangoUi~ngMango~ngMangoServices.js?v=0f03d20f7b30b4a597f9:78:83760)
	at ast (http://localhost:8080/modules/mangoUI/web/mangoUi~ngMango~ngMangoServices.js?v=0f03d20f7b30b4a597f9:78:83559)
	at getAst (http://localhost:8080/modules/mangoUI/web/mangoUi~ngMango~ngMangoServices.js?v=0f03d20f7b30b4a597f9:78:118026)
	at parse (http://localhost:8080/modules/mangoUI/web/mangoUi~ngMango~ngMangoServices.js?v=0f03d20f7b30b4a597f9:78:117573)
	at o (http://localhost:8080/modules/mangoUI/web/mangoUi~ngMango~ngMangoServices.js?v=0f03d20f7b30b4a597f9:78:91907)
	at $watchCollection (http://localhost:8080/modules/mangoUI/web/mangoUi~ngMango~ngMangoServices.js?v=0f03d20f7b30b4a597f9:78:99373)
	at co< (http://localhost:8080/modules/mangoUI/web/mangoUi~ngMango~ngMangoServices.js?v=0f03d20f7b30b4a597f9:78:169194)
	at pe/< (http://localhost:8080/modules/mangoUI/web/mangoUi~ngMango~ngMangoServices.js?v=0f03d20f7b30b4a597f9:78:7416)
	at Re (http://localhost:8080/modules/mangoUI/web/mangoUi~ngMango~ngMangoServices.js?v=0f03d20f7b30b4a597f9:78:56644)
	at ie (http://localhost:8080/modules/mangoUI/web/mangoUi~ngMango~ngMangoServices.js?v=0f03d20f7b30b4a597f9:78:51450)
	at ce/< (http://localhost:8080/modules/mangoUI/web/mangoUi~ngMango~ngMangoServices.js?v=0f03d20f7b30b4a597f9:78:44321)
	at ie (http://localhost:8080/modules/mangoUI/web/mangoUi~ngMango~ngMangoServices.js?v=0f03d20f7b30b4a597f9:78:51401)
	at ce/< (http://localhost:8080/modules/mangoUI/web/mangoUi~ngMango~ngMangoServices.js?v=0f03d20f7b30b4a597f9:78:44321)
	at ie (http://localhost:8080/modules/mangoUI/web/mangoUi~ngMango~ngMangoServices.js?v=0f03d20f7b30b4a597f9:78:51401)
	at ce/< (http://localhost:8080/modules/mangoUI/web/mangoUi~ngMango~ngMangoServices.js?v=0f03d20f7b30b4a597f9:78:44321)
	at ce/< (http://localhost:8080/modules/mangoUI/web/mangoUi~ngMango~ngMangoServices.js?v=0f03d20f7b30b4a597f9:78:44338)
	at oe/< (http://localhost:8080/modules/mangoUI/web/mangoUi~ngMango~ngMangoServices.js?v=0f03d20f7b30b4a597f9:78:43534)
	at k.prototype.updatePreview (http://localhost:8080/modules/mangoUI/web/mangoUi.js?v=7420dd568f397afe5313:1:153418)
	at k.prototype.$onChanges (http://localhost:8080/modules/mangoUI/web/mangoUi.js?v=7420dd568f397afe5313:1:153192)
	at l (http://localhost:8080/modules/mangoUI/web/mangoUi~ngMango~ngMangoServices.js?v=0f03d20f7b30b4a597f9:78:56981)
	at I/< (http://localhost:8080/modules/mangoUI/web/mangoUi~ngMango~ngMangoServices.js?v=0f03d20f7b30b4a597f9:78:40422)
	at $eval (http://localhost:8080/modules/mangoUI/web/mangoUi~ngMango~ngMangoServices.js?v=0f03d20f7b30b4a597f9:78:102170)
	at $apply (http://localhost:8080/modules/mangoUI/web/mangoUi~ngMango~ngMangoServices.js?v=0f03d20f7b30b4a597f9:78:102412)
	at I (http://localhost:8080/modules/mangoUI/web/mangoUi~ngMango~ngMangoServices.js?v=0f03d20f7b30b4a597f9:78:40363)
	at $digest (http://localhost:8080/modules/mangoUI/web/mangoUi~ngMango~ngMangoServices.js?v=0f03d20f7b30b4a597f9:78:101076)
	at $apply (http://localhost:8080/modules/mangoUI/web/mangoUi~ngMango~ngMangoServices.js?v=0f03d20f7b30b4a597f9:78:102465)
	at o/c< (http://localhost:8080/modules/mangoUI/web/mangoUi~ngMango~ngMangoServices.js?v=0f03d20f7b30b4a597f9:78:124794)
	at Qr/this.$get</</this.completeTask (http://localhost:8080/modules/mangoUI/web/mangoUi~ngMango~ngMangoServices.js?v=0f03d20f7b30b4a597f9:78:122757)
	at ln/this.$get</</i.defer/r< (http://localhost:8080/modules/mangoUI/web/mangoUi~ngMango~ngMangoServices.js?v=0f03d20f7b30b4a597f9:78:34323) 
WARN  2019-04-12T15:48:42,593 (com.infiniteautomation.mango.rest.v2.ServerRestV2Controller.postClientError:223) - Client error
[user=admin, cause=<div class="bar-display-fill ng-pristine ng-untouched ng-valid" ng-model="max" ng-init="max=100" ng-style="{width: myPoint.renderedValue*}" style="">, location=http://localhost:8080/ui/administration/edit-pages/8b744c87-6846-492a-b785-d2286d4c0902, userAgent=Mozilla/5.0 (Windows NT 10.0; Win64; x64; rv:66.0) Gecko/20100101 Firefox/66.0, language=en-US, date=2019-04-12T15:48:42.586-04:00, timezone=America/New_York]
Error: [$parse:syntax] Syntax Error: Token '}' not a primary expression at column 31 of the expression [{width: myPoint.renderedValue*}] starting at [}].
https://errors.angularjs.org/1.7.3/$parse/syntax?p0=%7D&p1=not%20a%20primary%20expression&p2=31&p3=%7Bwidth%3A%20myPoint.renderedValue*%7D&p4=%7D
	at a/< (http://localhost:8080/modules/mangoUI/web/mangoUi~ngMango~ngMangoServices.js?v=0f03d20f7b30b4a597f9:78:832)
	at throwError (http://localhost:8080/modules/mangoUI/web/mangoUi~ngMango~ngMangoServices.js?v=0f03d20f7b30b4a597f9:78:87907)
	at primary (http://localhost:8080/modules/mangoUI/web/mangoUi~ngMango~ngMangoServices.js?v=0f03d20f7b30b4a597f9:78:86096)
	at unary (http://localhost:8080/modules/mangoUI/web/mangoUi~ngMango~ngMangoServices.js?v=0f03d20f7b30b4a597f9:78:85607)
	at multiplicative (http://localhost:8080/modules/mangoUI/web/mangoUi~ngMango~ngMangoServices.js?v=0f03d20f7b30b4a597f9:78:85451)
	at additive (http://localhost:8080/modules/mangoUI/web/mangoUi~ngMango~ngMangoServices.js?v=0f03d20f7b30b4a597f9:78:85179)
	at relational (http://localhost:8080/modules/mangoUI/web/mangoUi~ngMango~ngMangoServices.js?v=0f03d20f7b30b4a597f9:78:85013)
	at equality (http://localhost:8080/modules/mangoUI/web/mangoUi~ngMango~ngMangoServices.js?v=0f03d20f7b30b4a597f9:78:84837)
	at logicalAND (http://localhost:8080/modules/mangoUI/web/mangoUi~ngMango~ngMangoServices.js?v=0f03d20f7b30b4a597f9:78:84687)
	at logicalOR (http://localhost:8080/modules/mangoUI/web/mangoUi~ngMango~ngMangoServices.js?v=0f03d20f7b30b4a597f9:78:84533)
	at ternary (http://localhost:8080/modules/mangoUI/web/mangoUi~ngMango~ngMangoServices.js?v=0f03d20f7b30b4a597f9:78:84331)
	at assignment (http://localhost:8080/modules/mangoUI/web/mangoUi~ngMango~ngMangoServices.js?v=0f03d20f7b30b4a597f9:78:84108)
	at expression (http://localhost:8080/modules/mangoUI/web/mangoUi~ngMango~ngMangoServices.js?v=0f03d20f7b30b4a597f9:78:84061)
	at object (http://localhost:8080/modules/mangoUI/web/mangoUi~ngMango~ngMangoServices.js?v=0f03d20f7b30b4a597f9:78:87564)
	at primary (http://localhost:8080/modules/mangoUI/web/mangoUi~ngMango~ngMangoServices.js?v=0f03d20f7b30b4a597f9:78:85774)
	at unary (http://localhost:8080/modules/mangoUI/web/mangoUi~ngMango~ngMangoServices.js?v=0f03d20f7b30b4a597f9:78:85607)
	at multiplicative (http://localhost:8080/modules/mangoUI/web/mangoUi~ngMango~ngMangoServices.js?v=0f03d20f7b30b4a597f9:78:85353)
	at additive (http://localhost:8080/modules/mangoUI/web/mangoUi~ngMango~ngMangoServices.js?v=0f03d20f7b30b4a597f9:78:85179)
	at relational (http://localhost:8080/modules/mangoUI/web/mangoUi~ngMango~ngMangoServices.js?v=0f03d20f7b30b4a597f9:78:85013)
	at equality (http://localhost:8080/modules/mangoUI/web/mangoUi~ngMango~ngMangoServices.js?v=0f03d20f7b30b4a597f9:78:84837)
	at logicalAND (http://localhost:8080/modules/mangoUI/web/mangoUi~ngMango~ngMangoServices.js?v=0f03d20f7b30b4a597f9:78:84687)
	at logicalOR (http://localhost:8080/modules/mangoUI/web/mangoUi~ngMango~ngMangoServices.js?v=0f03d20f7b30b4a597f9:78:84533)
	at ternary (http://localhost:8080/modules/mangoUI/web/mangoUi~ngMango~ngMangoServices.js?v=0f03d20f7b30b4a597f9:78:84331)
	at assignment (http://localhost:8080/modules/mangoUI/web/mangoUi~ngMango~ngMangoServices.js?v=0f03d20f7b30b4a597f9:78:84108)
	at expression (http://localhost:8080/modules/mangoUI/web/mangoUi~ngMango~ngMangoServices.js?v=0f03d20f7b30b4a597f9:78:84061)
	at filterChain (http://localhost:8080/modules/mangoUI/web/mangoUi~ngMango~ngMangoServices.js?v=0f03d20f7b30b4a597f9:78:83969)
	at expressionStatement (http://localhost:8080/modules/mangoUI/web/mangoUi~ngMango~ngMangoServices.js?v=0f03d20f7b30b4a597f9:78:83915)
	at program (http://localhost:8080/modules/mangoUI/web/mangoUi~ngMango~ngMangoServices.js?v=0f03d20f7b30b4a597f9:78:83760)
	at ast (http://localhost:8080/modules/mangoUI/web/mangoUi~ngMango~ngMangoServices.js?v=0f03d20f7b30b4a597f9:78:83559)
	at getAst (http://localhost:8080/modules/mangoUI/web/mangoUi~ngMango~ngMangoServices.js?v=0f03d20f7b30b4a597f9:78:118026)
	at parse (http://localhost:8080/modules/mangoUI/web/mangoUi~ngMango~ngMangoServices.js?v=0f03d20f7b30b4a597f9:78:117573)
	at o (http://localhost:8080/modules/mangoUI/web/mangoUi~ngMango~ngMangoServices.js?v=0f03d20f7b30b4a597f9:78:91907)
	at $watchCollection (http://localhost:8080/modules/mangoUI/web/mangoUi~ngMango~ngMangoServices.js?v=0f03d20f7b30b4a597f9:78:99373)
	at co< (http://localhost:8080/modules/mangoUI/web/mangoUi~ngMango~ngMangoServices.js?v=0f03d20f7b30b4a597f9:78:169194)
	at pe/< (http://localhost:8080/modules/mangoUI/web/mangoUi~ngMango~ngMangoServices.js?v=0f03d20f7b30b4a597f9:78:7416)
	at Re (http://localhost:8080/modules/mangoUI/web/mangoUi~ngMango~ngMangoServices.js?v=0f03d20f7b30b4a597f9:78:56644)
	at ie (http://localhost:8080/modules/mangoUI/web/mangoUi~ngMango~ngMangoServices.js?v=0f03d20f7b30b4a597f9:78:51450)
	at ce/< (http://localhost:8080/modules/mangoUI/web/mangoUi~ngMango~ngMangoServices.js?v=0f03d20f7b30b4a597f9:78:44321)
	at ie (http://localhost:8080/modules/mangoUI/web/mangoUi~ngMango~ngMangoServices.js?v=0f03d20f7b30b4a597f9:78:51401)
	at ce/< (http://localhost:8080/modules/mangoUI/web/mangoUi~ngMango~ngMangoServices.js?v=0f03d20f7b30b4a597f9:78:44321)
	at ie (http://localhost:8080/modules/mangoUI/web/mangoUi~ngMango~ngMangoServices.js?v=0f03d20f7b30b4a597f9:78:51401)
	at ce/< (http://localhost:8080/modules/mangoUI/web/mangoUi~ngMango~ngMangoServices.js?v=0f03d20f7b30b4a597f9:78:44321)
	at ce/< (http://localhost:8080/modules/mangoUI/web/mangoUi~ngMango~ngMangoServices.js?v=0f03d20f7b30b4a597f9:78:44338)
	at oe/< (http://localhost:8080/modules/mangoUI/web/mangoUi~ngMango~ngMangoServices.js?v=0f03d20f7b30b4a597f9:78:43534)
	at k.prototype.updatePreview (http://localhost:8080/modules/mangoUI/web/mangoUi.js?v=7420dd568f397afe5313:1:153418)
	at k.prototype.$onChanges (http://localhost:8080/modules/mangoUI/web/mangoUi.js?v=7420dd568f397afe5313:1:153192)
	at l (http://localhost:8080/modules/mangoUI/web/mangoUi~ngMango~ngMangoServices.js?v=0f03d20f7b30b4a597f9:78:56981)
	at I/< (http://localhost:8080/modules/mangoUI/web/mangoUi~ngMango~ngMangoServices.js?v=0f03d20f7b30b4a597f9:78:40422)
	at $eval (http://localhost:8080/modules/mangoUI/web/mangoUi~ngMango~ngMangoServices.js?v=0f03d20f7b30b4a597f9:78:102170)
	at $apply (http://localhost:8080/modules/mangoUI/web/mangoUi~ngMango~ngMangoServices.js?v=0f03d20f7b30b4a597f9:78:102412)
	at I (http://localhost:8080/modules/mangoUI/web/mangoUi~ngMango~ngMangoServices.js?v=0f03d20f7b30b4a597f9:78:40363)
	at $digest (http://localhost:8080/modules/mangoUI/web/mangoUi~ngMango~ngMangoServices.js?v=0f03d20f7b30b4a597f9:78:101076)
	at $apply (http://localhost:8080/modules/mangoUI/web/mangoUi~ngMango~ngMangoServices.js?v=0f03d20f7b30b4a597f9:78:102465)
	at o/c< (http://localhost:8080/modules/mangoUI/web/mangoUi~ngMango~ngMangoServices.js?v=0f03d20f7b30b4a597f9:78:124794)
	at Qr/this.$get</</this.completeTask (http://localhost:8080/modules/mangoUI/web/mangoUi~ngMango~ngMangoServices.js?v=0f03d20f7b30b4a597f9:78:122757)
	at ln/this.$get</</i.defer/r< (http://localhost:8080/modules/mangoUI/web/mangoUi~ngMango~ngMangoServices.js?v=0f03d20f7b30b4a597f9:78:34323) 
