INFO  2019-04-11T15:36:37,533 (com.serotonin.m2m2.Main.main:101) - Starting Mango 3.5.6 with Schema Version: 26 
INFO  2019-04-11T15:36:42,122 (com.serotonin.m2m2.Main.loadModules:588) - Loading module 'asciiFile', v3.5.0 by Infinite Automation Systems Inc. 
INFO  2019-04-11T15:36:42,182 (com.serotonin.m2m2.Main.loadModules:588) - Loading module 'BACnet', v3.5.1 by Infinite Automation Systems Inc. 
INFO  2019-04-11T15:36:42,217 (com.serotonin.m2m2.Main.loadModules:588) - Loading module 'controlcore', v3.5.0 by Infinite Automation Systems Inc. 
INFO  2019-04-11T15:36:42,235 (com.serotonin.m2m2.Main.loadModules:588) - Loading module 'dashboardDesigner', v3.5.1 by Infinite Automation Systems Inc. 
INFO  2019-04-11T15:36:42,243 (com.serotonin.m2m2.util.DocumentationManifest.parseManifestFile:60) - Documentation manifest file not found: C:\free-m2m2-core-3.5.6\web\modules\dashboardDesigner\web\dox\manifest.xml 
INFO  2019-04-11T15:36:42,257 (com.serotonin.m2m2.Main.loadModules:588) - Loading module 'dataFile', v3.5.0 by Infinite Automation Systems Inc. 
INFO  2019-04-11T15:36:42,307 (com.serotonin.m2m2.Main.loadModules:588) - Loading module 'dataImport', v3.5.0 by Infinite Automation Systems Inc. 
INFO  2019-04-11T15:36:42,328 (com.serotonin.m2m2.Main.loadModules:588) - Loading module 'deviceConfig', v3.5.0 by Infinite Automation Systems Inc. 
INFO  2019-04-11T15:36:42,335 (com.serotonin.m2m2.util.DocumentationManifest.parseManifestFile:60) - Documentation manifest file not found: C:\free-m2m2-core-3.5.6\web\modules\deviceConfig\web\dox\manifest.xml 
INFO  2019-04-11T15:36:42,358 (com.serotonin.m2m2.Main.loadModules:588) - Loading module 'dnp3', v3.5.0 by Infinite Automation Systems Inc. 
INFO  2019-04-11T15:36:42,399 (com.serotonin.m2m2.Main.loadModules:588) - Loading module 'egauge', v3.5.0 by Infinite Automation Systems Inc. 
INFO  2019-04-11T15:36:42,417 (com.serotonin.m2m2.Main.loadModules:588) - Loading module 'envcands', v3.5.0 by Infinite Automation Systems Inc. 
INFO  2019-04-11T15:36:42,432 (com.serotonin.m2m2.Main.loadModules:588) - Loading module 'excelReports', v3.5.3 by Infinite Automation Systems Inc. 
INFO  2019-04-11T15:36:42,477 (com.serotonin.m2m2.Main.loadModules:588) - Loading module 'graphicalViews', v3.5.2 by Infinite Automation Systems Inc. 
INFO  2019-04-11T15:36:42,566 (com.serotonin.m2m2.Main.loadModules:588) - Loading module 'Haystack', v3.5.0 by Infinite Automation Systems Inc. 
INFO  2019-04-11T15:36:42,598 (com.serotonin.m2m2.Main.loadModules:588) - Loading module 'http', v3.5.1 by Infinite Automation Systems Inc. 
INFO  2019-04-11T15:36:42,642 (com.serotonin.m2m2.Main.loadModules:588) - Loading module 'jsonFileImport', v3.5.0 by Infinite Automation Systems Inc. 
INFO  2019-04-11T15:36:42,666 (com.serotonin.m2m2.Main.loadModules:588) - Loading module 'log4jDS', v3.5.0 by Infinite Automation Systems Inc. 
INFO  2019-04-11T15:36:42,696 (com.serotonin.m2m2.Main.loadModules:588) - Loading module 'log4JReset', v3.5.0 by Infinite Automation Systems Inc. 
INFO  2019-04-11T15:36:42,705 (com.serotonin.m2m2.Main.loadModules:588) - Loading module 'loggingConsole', v3.5.0 by Infinite Automation Systems Inc. 
INFO  2019-04-11T15:36:42,726 (com.serotonin.m2m2.Main.loadModules:588) - Loading module 'maintenanceEvents', v3.5.0 by Infinite Automation Systems Inc. 
INFO  2019-04-11T15:36:42,763 (com.serotonin.m2m2.Main.loadModules:588) - Loading module 'mangoApi', v3.5.2 by Infinite Automation Systems Inc. 
INFO  2019-04-11T15:36:42,840 (com.serotonin.m2m2.Main.loadModules:588) - Loading module 'mangoUI', v3.5.5 by Infinite Automation Systems Inc. 
INFO  2019-04-11T15:36:42,851 (com.serotonin.m2m2.util.DocumentationManifest.parseManifestFile:60) - Documentation manifest file not found: C:\free-m2m2-core-3.5.6\web\modules\mangoUI\web\dox\manifest.xml 
INFO  2019-04-11T15:36:43,132 (com.serotonin.m2m2.Main.loadModules:588) - Loading module 'mbus', v3.5.0 by Infinite Automation Systems Inc. 
INFO  2019-04-11T15:36:43,155 (com.serotonin.m2m2.Main.loadModules:588) - Loading module 'meta', v3.5.0 by Infinite Automation Systems Inc. 
INFO  2019-04-11T15:36:43,174 (com.serotonin.m2m2.Main.loadModules:588) - Loading module 'modbus', v3.5.0 by Infinite Automation Systems Inc. 
INFO  2019-04-11T15:36:43,201 (com.serotonin.m2m2.Main.loadModules:588) - Loading module 'onewire', v3.5.0 by Infinite Automation Systems Inc. 
INFO  2019-04-11T15:36:43,222 (com.serotonin.m2m2.Main.loadModules:588) - Loading module 'opcda', v3.5.0 by Infinite Automation Systems Inc. 
INFO  2019-04-11T15:36:43,237 (com.serotonin.m2m2.Main.loadModules:588) - Loading module 'pakbus', v3.5.4 by Infinite Automation Systems Inc. 
INFO  2019-04-11T15:36:43,256 (com.serotonin.m2m2.Main.loadModules:588) - Loading module 'pointLinks', v3.5.1 by Infinite Automation Systems Inc. 
INFO  2019-04-11T15:36:43,282 (com.serotonin.m2m2.Main.loadModules:588) - Loading module 'pop3', v3.5.0 by Infinite Automation Systems Inc. 
INFO  2019-04-11T15:36:43,299 (com.serotonin.m2m2.Main.loadModules:588) - Loading module 'reports', v3.5.0 by Infinite Automation Systems Inc. 
INFO  2019-04-11T15:36:43,331 (com.serotonin.m2m2.Main.loadModules:588) - Loading module 'scheduledEvents', v3.5.0 by Infinite Automation Systems Inc. 
INFO  2019-04-11T15:36:43,352 (com.serotonin.m2m2.Main.loadModules:588) - Loading module 'scripting', v3.5.1 by Infinite Automation Systems Inc. 
INFO  2019-04-11T15:36:43,369 (com.serotonin.m2m2.Main.loadModules:588) - Loading module 'serial', v3.5.1 by Infinite Automation Systems Inc. 
INFO  2019-04-11T15:36:43,384 (com.serotonin.m2m2.Main.loadModules:588) - Loading module 'snmp', v3.5.0 by Infinite Automation Systems Inc. 
INFO  2019-04-11T15:36:43,418 (com.serotonin.m2m2.Main.loadModules:588) - Loading module 'sqlConsole', v3.5.1 by Infinite Automation Systems Inc. 
INFO  2019-04-11T15:36:43,439 (com.serotonin.m2m2.Main.loadModules:588) - Loading module 'sqlds', v3.5.0 by Infinite Automation Systems Inc. 
INFO  2019-04-11T15:36:43,459 (com.serotonin.m2m2.Main.loadModules:588) - Loading module 'ssh', v3.5.0 by Infinite Automation Systems Inc. 
INFO  2019-04-11T15:36:43,476 (com.serotonin.m2m2.Main.loadModules:588) - Loading module 'sstGlobalScripts', v3.5.0 by Infinite Automation Systems Inc. 
INFO  2019-04-11T15:36:43,493 (com.serotonin.m2m2.Main.loadModules:588) - Loading module 'sstGraphics', v3.5.0 by Infinite Automation Systems Inc. 
INFO  2019-04-11T15:36:43,615 (com.serotonin.m2m2.Main.loadModules:588) - Loading module 'TCPIP', v3.5.0 by Infinite Automation Systems Inc. 
INFO  2019-04-11T15:36:43,630 (com.serotonin.m2m2.Main.loadModules:588) - Loading module 'templateConfig', v3.5.0 by Infinite Automation Systems Inc. 
INFO  2019-04-11T15:36:43,650 (com.serotonin.m2m2.Main.loadModules:588) - Loading module 'twilio', v3.5.0 by Infinite Automation Systems Inc. 
INFO  2019-04-11T15:36:43,678 (com.serotonin.m2m2.Main.loadModules:588) - Loading module 'virtualDS', v3.5.0 by Infinite Automation Systems Inc. 
INFO  2019-04-11T15:36:43,699 (com.serotonin.m2m2.Main.loadModules:588) - Loading module 'vmstat', v3.5.0 by Infinite Automation Systems Inc. 
INFO  2019-04-11T15:36:43,715 (com.serotonin.m2m2.Main.loadModules:588) - Loading module 'watchlists', v3.5.0 by Infinite Automation Systems Inc. 
INFO  2019-04-11T15:36:43,786 (com.serotonin.m2m2.Main.loadModules:588) - Loading module 'internal', v3.5.0 by Infinite Automation Systems Inc. 
INFO  2019-04-11T15:36:51,148 (com.serotonin.m2m2.Lifecycle.loadLic:604) - Checking license... 
INFO  2019-04-11T15:36:51,149 (com.serotonin.m2m2.Lifecycle.loadLic:690) - License file not found 
INFO  2019-04-11T15:36:51,745 (com.serotonin.m2m2.db.H2Proxy.initializeImpl:42) - Initializing H2 connection manager 
INFO  2019-04-11T15:37:00,040 (com.serotonin.m2m2.db.upgrade.DBUpgrade.checkUpgrade:38) - Starting instance with core version 3.5.6, db 26 
INFO  2019-04-11T15:37:08,408 (com.infiniteautomation.mango.spring.MangoRuntimeContextConfiguration.contextRefreshed:120) - Spring context 'runtimeContext' refreshed: org.springframework.context.annotation.AnnotationConfigApplicationContext@6fa0450e 
INFO  2019-04-11T15:37:08,460 (com.infiniteautomation.mango.spring.MangoRuntimeContextConfiguration.contextStarted:134) - Spring context 'runtimeContext' started: org.springframework.context.annotation.AnnotationConfigApplicationContext@6fa0450e 
INFO  2019-04-11T15:37:09,032 (com.serotonin.m2m2.rt.DataSourceGroupInitializer.initialize:77) - Initializing 3 NORMAL priority data sources in 8 threads. 
INFO  2019-04-11T15:37:09,209 (com.serotonin.m2m2.rt.RuntimeManagerImpl.initializeDataSourceStartup:380) - Data source 'Test' initialized 
INFO  2019-04-11T15:37:09,210 (com.serotonin.m2m2.rt.RuntimeManagerImpl.initializeDataSourceStartup:385) - Data source 'Test' took 158.835756ms to start 
INFO  2019-04-11T15:37:09,291 (com.serotonin.m2m2.rt.RuntimeManagerImpl.initializeDataSourceStartup:380) - Data source 'Mango Internal' initialized 
INFO  2019-04-11T15:37:09,292 (com.serotonin.m2m2.rt.RuntimeManagerImpl.initializeDataSourceStartup:385) - Data source 'Mango Internal' took 240.982606ms to start 
INFO  2019-04-11T15:37:09,556 (com.serotonin.m2m2.rt.RuntimeManagerImpl.initializeDataSourceStartup:380) - Data source 'Test2' initialized 
INFO  2019-04-11T15:37:09,556 (com.serotonin.m2m2.rt.RuntimeManagerImpl.initializeDataSourceStartup:385) - Data source 'Test2' took 505.502305ms to start 
INFO  2019-04-11T15:37:09,640 (com.serotonin.m2m2.rt.DataSourceGroupInitializer.initialize:109) - Initialization of 3 NORMAL priority data sources took 608ms 
INFO  2019-04-11T15:37:09,741 (com.serotonin.m2m2.rt.RuntimeManagerImpl.initialize:156) - Starting 0 Publishers... 
INFO  2019-04-11T15:37:09,742 (com.serotonin.m2m2.rt.RuntimeManagerImpl.initialize:168) - 0 Publisher's started in 4ms 
INFO  2019-04-11T15:37:14,745 (com.serotonin.m2m2.web.M2M2ContextListener.contextInitialized:32) - Mango Automation context starting 
INFO  2019-04-11T15:37:14,746 (com.serotonin.m2m2.web.M2M2ContextListener.contextInitialized:40) - Mango Automation context started 
INFO  2019-04-11T15:37:25,489 (com.infiniteautomation.mango.spring.MangoRuntimeContextConfiguration.contextRefreshed:120) - Spring context 'rootWebContext' refreshed: Root WebApplicationContext 
WARN  2019-04-11T15:37:33,205 (org.springframework.web.servlet.handler.SimpleUrlHandlerMapping.registerHandlers:114) - Neither 'urlMap' nor 'mappings' set on SimpleUrlHandlerMapping 
INFO  2019-04-11T15:37:33,691 (com.infiniteautomation.mango.spring.MangoRuntimeContextConfiguration.contextRefreshed:120) - Spring context 'jspDispatcherContext' refreshed: WebApplicationContext for namespace 'JSP_DISPATCHER-servlet' 
INFO  2019-04-11T15:37:44,089 (com.serotonin.m2m2.web.mvc.rest.v1.DataPointRestController.<init>:76) - Creating Data Point Rest Controller. 
INFO  2019-04-11T15:37:45,747 (com.serotonin.m2m2.web.mvc.rest.v1.DataSourceRestController.<init>:62) - Creating DS Rest Controller 
INFO  2019-04-11T15:37:46,275 (com.serotonin.m2m2.web.mvc.rest.v1.BacnetDiscoveryRestController.<init>:54) - Creating Discovery Rest Controller 
INFO  2019-04-11T15:37:49,152 (com.infiniteautomation.mango.rest.v2.DataPointRestController.<init>:96) - Creating Data Point v2 Rest Controller. 
INFO  2019-04-11T15:37:51,874 (com.infiniteautomation.mango.rest.v2.MetaRestController.<init>:52) - Creating meta rest controller. 
INFO  2019-04-11T15:37:55,310 (com.infiniteautomation.mango.spring.MangoRuntimeContextConfiguration.contextRefreshed:120) - Spring context 'restDispatcherContext' refreshed: WebApplicationContext for namespace 'REST_DISPATCHER-servlet' 
INFO  2019-04-11T15:37:55,317 (com.serotonin.m2m2.Lifecycle.configureDwr:1249) - Added DWR definition for: EnvCanEditDwr 
INFO  2019-04-11T15:37:55,321 (com.serotonin.m2m2.Lifecycle.configureDwr:1249) - Added DWR definition for: HttpDataSourceDwr 
INFO  2019-04-11T15:37:55,324 (com.serotonin.m2m2.Lifecycle.configureDwr:1249) - Added DWR definition for: TcpIpDataSourceEditDwr 
INFO  2019-04-11T15:37:55,327 (com.serotonin.m2m2.Lifecycle.configureDwr:1249) - Added DWR definition for: Pop3EditDwr 
INFO  2019-04-11T15:37:55,350 (com.serotonin.m2m2.Lifecycle.configureDwr:1249) - Added DWR definition for: HaystackDataSourceDwr 
INFO  2019-04-11T15:37:55,350 (com.serotonin.m2m2.Lifecycle.configureDwr:1242) - Duplicate definition of DWR class ignored: com.serotonin.m2m2.http.dwr.HttpDataSourceDwr 
INFO  2019-04-11T15:37:55,358 (com.serotonin.m2m2.Lifecycle.configureDwr:1249) - Added DWR definition for: DataFileDataSourceEditDwr 
INFO  2019-04-11T15:37:55,361 (com.serotonin.m2m2.Lifecycle.configureDwr:1249) - Added DWR definition for: OPCDAEditDwr 
INFO  2019-04-11T15:37:55,367 (com.serotonin.m2m2.Lifecycle.configureDwr:1249) - Added DWR definition for: BACnetMSTPEditDwr 
INFO  2019-04-11T15:37:55,373 (com.serotonin.m2m2.Lifecycle.configureDwr:1249) - Added DWR definition for: PakBusEditDwr 
INFO  2019-04-11T15:37:55,378 (com.serotonin.m2m2.Lifecycle.configureDwr:1249) - Added DWR definition for: MBusEditDwr 
INFO  2019-04-11T15:37:55,378 (com.serotonin.m2m2.Lifecycle.configureDwr:1242) - Duplicate definition of DWR class ignored: com.infiniteautomation.mango.pakbus.dwr.PakBusEditDwr 
INFO  2019-04-11T15:37:55,383 (com.serotonin.m2m2.Lifecycle.configureDwr:1249) - Added DWR definition for: SNMPEditDwr 
INFO  2019-04-11T15:37:55,406 (com.serotonin.m2m2.Lifecycle.configureDwr:1249) - Added DWR definition for: InternalEditDwr 
INFO  2019-04-11T15:37:55,414 (com.serotonin.m2m2.Lifecycle.configureDwr:1249) - Added DWR definition for: SerialEditDwr 
INFO  2019-04-11T15:37:55,420 (com.serotonin.m2m2.Lifecycle.configureDwr:1249) - Added DWR definition for: MetaEditDwr 
INFO  2019-04-11T15:37:55,423 (com.serotonin.m2m2.Lifecycle.configureDwr:1249) - Added DWR definition for: DnpEditDwr 
INFO  2019-04-11T15:37:55,428 (com.serotonin.m2m2.Lifecycle.configureDwr:1249) - Added DWR definition for: ModbusEditDwr 
INFO  2019-04-11T15:37:55,434 (com.serotonin.m2m2.Lifecycle.configureDwr:1249) - Added DWR definition for: Log4jEditDwr 
INFO  2019-04-11T15:37:55,438 (com.serotonin.m2m2.Lifecycle.configureDwr:1249) - Added DWR definition for: ScriptingEditDwr 
INFO  2019-04-11T15:37:55,440 (com.serotonin.m2m2.Lifecycle.configureDwr:1249) - Added DWR definition for: SshDataSourceEditDwr 
INFO  2019-04-11T15:37:55,455 (com.serotonin.m2m2.Lifecycle.configureDwr:1249) - Added DWR definition for: AsciiFileEditDwr 
INFO  2019-04-11T15:37:55,456 (com.serotonin.m2m2.Lifecycle.configureDwr:1242) - Duplicate definition of DWR class ignored: com.serotonin.m2m2.http.dwr.HttpDataSourceDwr 
INFO  2019-04-11T15:37:55,463 (com.serotonin.m2m2.Lifecycle.configureDwr:1249) - Added DWR definition for: OneWireEditDwr 
INFO  2019-04-11T15:37:55,472 (com.serotonin.m2m2.Lifecycle.configureDwr:1249) - Added DWR definition for: SqlEditDwr 
INFO  2019-04-11T15:37:55,479 (com.serotonin.m2m2.Lifecycle.configureDwr:1249) - Added DWR definition for: VMStatEditDwr 
INFO  2019-04-11T15:37:55,484 (com.serotonin.m2m2.Lifecycle.configureDwr:1249) - Added DWR definition for: EgaugeDataSourceDwr 
INFO  2019-04-11T15:37:55,486 (com.serotonin.m2m2.Lifecycle.configureDwr:1242) - Duplicate definition of DWR class ignored: com.serotonin.m2m2.http.dwr.HttpDataSourceDwr 
INFO  2019-04-11T15:37:55,490 (com.serotonin.m2m2.Lifecycle.configureDwr:1249) - Added DWR definition for: BACnetIPEditDwr 
INFO  2019-04-11T15:37:55,490 (com.serotonin.m2m2.Lifecycle.configureDwr:1242) - Duplicate definition of DWR class ignored: br.org.scadabr.dnp3.dwr.DnpEditDwr 
INFO  2019-04-11T15:37:55,493 (com.serotonin.m2m2.Lifecycle.configureDwr:1249) - Added DWR definition for: ControlCoreEditDwr 
INFO  2019-04-11T15:37:55,493 (com.serotonin.m2m2.Lifecycle.configureDwr:1242) - Duplicate definition of DWR class ignored: com.serotonin.m2m2.modbus.dwr.ModbusEditDwr 
INFO  2019-04-11T15:37:55,493 (com.serotonin.m2m2.Lifecycle.configureDwr:1242) - Duplicate definition of DWR class ignored: com.serotonin.m2m2.http.dwr.HttpDataSourceDwr 
INFO  2019-04-11T15:37:55,497 (com.serotonin.m2m2.Lifecycle.configureDwr:1249) - Added DWR definition for: VirtualEditDwr 
INFO  2019-04-11T15:37:55,789 (org.springframework.web.servlet.handler.AbstractUrlHandlerMapping.registerHandler:373) - Mapped URL path [/data_point_details.shtm] onto handler of type [class com.serotonin.m2m2.web.mvc.UrlHandlerController] 
INFO  2019-04-11T15:37:55,789 (org.springframework.web.servlet.handler.AbstractUrlHandlerMapping.registerHandler:373) - Mapped URL path [/events.shtm] onto handler of type [class com.serotonin.m2m2.web.mvc.UrlHandlerController] 
INFO  2019-04-11T15:37:55,790 (org.springframework.web.servlet.handler.AbstractUrlHandlerMapping.registerHandler:373) - Mapped URL path [/pending_alarms.shtm] onto handler of type [class com.serotonin.m2m2.web.mvc.UrlHandlerController] 
INFO  2019-04-11T15:37:55,790 (org.springframework.web.servlet.handler.AbstractUrlHandlerMapping.registerHandler:373) - Mapped URL path [/event_handlers.shtm] onto handler of type [class com.serotonin.m2m2.web.mvc.UrlHandlerController] 
INFO  2019-04-11T15:37:55,790 (org.springframework.web.servlet.handler.AbstractUrlHandlerMapping.registerHandler:373) - Mapped URL path [/data_sources.shtm] onto handler of type [class com.serotonin.m2m2.web.mvc.UrlHandlerController] 
INFO  2019-04-11T15:37:55,790 (org.springframework.web.servlet.handler.AbstractUrlHandlerMapping.registerHandler:373) - Mapped URL path [/point_hierarchy.shtm] onto handler of type [class com.serotonin.m2m2.web.mvc.UrlHandlerController] 
INFO  2019-04-11T15:37:55,790 (org.springframework.web.servlet.handler.AbstractUrlHandlerMapping.registerHandler:373) - Mapped URL path [/mailing_lists.shtm] onto handler of type [class com.serotonin.m2m2.web.mvc.UrlHandlerController] 
INFO  2019-04-11T15:37:55,790 (org.springframework.web.servlet.handler.AbstractUrlHandlerMapping.registerHandler:373) - Mapped URL path [/publishers.shtm] onto handler of type [class com.serotonin.m2m2.web.mvc.UrlHandlerController] 
INFO  2019-04-11T15:37:55,791 (org.springframework.web.servlet.handler.AbstractUrlHandlerMapping.registerHandler:373) - Mapped URL path [/system_settings.shtm] onto handler of type [class com.serotonin.m2m2.web.mvc.UrlHandlerController] 
INFO  2019-04-11T15:37:55,792 (org.springframework.web.servlet.handler.AbstractUrlHandlerMapping.registerHandler:373) - Mapped URL path [/modules.shtm] onto handler of type [class com.serotonin.m2m2.web.mvc.UrlHandlerController] 
INFO  2019-04-11T15:37:55,792 (org.springframework.web.servlet.handler.AbstractUrlHandlerMapping.registerHandler:373) - Mapped URL path [/emport.shtm] onto handler of type [class com.serotonin.m2m2.web.mvc.UrlHandlerController] 
INFO  2019-04-11T15:37:55,792 (org.springframework.web.servlet.handler.AbstractUrlHandlerMapping.registerHandler:373) - Mapped URL path [/error.htm] onto handler of type [class com.serotonin.m2m2.web.mvc.UrlHandlerController] 
INFO  2019-04-11T15:37:55,792 (org.springframework.web.servlet.handler.AbstractUrlHandlerMapping.registerHandler:373) - Mapped URL path [/not-found.htm] onto handler of type [class com.serotonin.m2m2.web.mvc.UrlHandlerController] 
INFO  2019-04-11T15:37:55,792 (org.springframework.web.servlet.handler.AbstractUrlHandlerMapping.registerHandler:373) - Mapped URL path [/unauthorized.htm] onto handler of type [class com.serotonin.m2m2.web.mvc.UrlHandlerController] 
INFO  2019-04-11T15:37:55,792 (org.springframework.web.servlet.handler.AbstractUrlHandlerMapping.registerHandler:373) - Mapped URL path [/upload.shtm] onto handler of type [class com.serotonin.m2m2.web.mvc.UrlHandlerController] 
INFO  2019-04-11T15:37:55,792 (org.springframework.web.servlet.handler.AbstractUrlHandlerMapping.registerHandler:373) - Mapped URL path [/mobile_data_point_details.shtm] onto handler of type [class com.serotonin.m2m2.web.mvc.UrlHandlerController] 
INFO  2019-04-11T15:37:55,793 (org.springframework.web.servlet.handler.AbstractUrlHandlerMapping.registerHandler:373) - Mapped URL path [/dataImport.shtm] onto handler of type [class com.serotonin.m2m2.web.mvc.UrlHandlerController] 
INFO  2019-04-11T15:37:55,797 (org.springframework.web.servlet.handler.AbstractUrlHandlerMapping.registerHandler:373) - Mapped URL path [/csvDataImport.shtm] onto handler of type [class com.serotonin.m2m2.web.mvc.UrlHandlerController] 
INFO  2019-04-11T15:37:55,798 (org.springframework.web.servlet.handler.AbstractUrlHandlerMapping.registerHandler:373) - Mapped URL path [/excel-reports.shtm] onto handler of type [class com.serotonin.m2m2.web.mvc.UrlHandlerController] 
INFO  2019-04-11T15:37:55,800 (org.springframework.web.servlet.handler.AbstractUrlHandlerMapping.registerHandler:373) - Mapped URL path [/views.shtm] onto handler of type [class com.serotonin.m2m2.web.mvc.UrlHandlerController] 
INFO  2019-04-11T15:37:55,803 (org.springframework.web.servlet.handler.AbstractUrlHandlerMapping.registerHandler:373) - Mapped URL path [/public_view.htm] onto handler of type [class com.serotonin.m2m2.web.mvc.UrlHandlerController] 
INFO  2019-04-11T15:37:55,803 (org.springframework.web.servlet.handler.AbstractUrlHandlerMapping.registerHandler:373) - Mapped URL path [/logging_console.shtm] onto handler of type [class com.serotonin.m2m2.web.mvc.UrlHandlerController] 
INFO  2019-04-11T15:37:55,803 (org.springframework.web.servlet.handler.AbstractUrlHandlerMapping.registerHandler:373) - Mapped URL path [/maintenance_events.shtm] onto handler of type [class com.serotonin.m2m2.web.mvc.UrlHandlerController] 
INFO  2019-04-11T15:37:55,803 (org.springframework.web.servlet.handler.AbstractUrlHandlerMapping.registerHandler:373) - Mapped URL path [/point_links.shtm] onto handler of type [class com.serotonin.m2m2.web.mvc.UrlHandlerController] 
INFO  2019-04-11T15:37:55,807 (org.springframework.web.servlet.handler.AbstractUrlHandlerMapping.registerHandler:373) - Mapped URL path [/reportChart.shtm] onto handler of type [class com.serotonin.m2m2.web.mvc.UrlHandlerController] 
INFO  2019-04-11T15:37:55,807 (org.springframework.web.servlet.handler.AbstractUrlHandlerMapping.registerHandler:373) - Mapped URL path [/m2m_report_import.shtm] onto handler of type [class com.serotonin.m2m2.web.mvc.UrlHandlerController] 
INFO  2019-04-11T15:37:55,807 (org.springframework.web.servlet.handler.AbstractUrlHandlerMapping.registerHandler:373) - Mapped URL path [/reports.shtm] onto handler of type [class com.serotonin.m2m2.web.mvc.UrlHandlerController] 
INFO  2019-04-11T15:37:55,808 (org.springframework.web.servlet.handler.AbstractUrlHandlerMapping.registerHandler:373) - Mapped URL path [/templateConfig.shtm] onto handler of type [class com.serotonin.m2m2.web.mvc.UrlHandlerController] 
INFO  2019-04-11T15:37:55,811 (org.springframework.web.servlet.handler.AbstractUrlHandlerMapping.registerHandler:373) - Mapped URL path [/watch_list.shtm] onto handler of type [class com.serotonin.m2m2.web.mvc.UrlHandlerController] 
INFO  2019-04-11T15:37:55,845 (org.springframework.web.servlet.handler.AbstractUrlHandlerMapping.registerHandler:373) - Mapped URL path [/mobile/watch_list.shtm] onto handler of type [class com.serotonin.m2m2.web.mvc.UrlHandlerController] 
INFO  2019-04-11T15:37:55,845 (org.springframework.web.servlet.handler.AbstractUrlHandlerMapping.registerHandler:373) - Mapped URL path [/internal/workItems.shtm] onto handler of type [class com.serotonin.m2m2.web.mvc.UrlHandlerController] 
INFO  2019-04-11T15:37:55,845 (org.springframework.web.servlet.handler.AbstractUrlHandlerMapping.registerHandler:373) - Mapped URL path [/internal/tasks.shtm] onto handler of type [class com.serotonin.m2m2.web.mvc.UrlHandlerController] 
INFO  2019-04-11T15:37:55,845 (org.springframework.web.servlet.handler.AbstractUrlHandlerMapping.registerHandler:373) - Mapped URL path [/internal/status.shtm] onto handler of type [class com.serotonin.m2m2.web.mvc.UrlHandlerController] 
INFO  2019-04-11T15:37:55,846 (org.springframework.web.servlet.handler.AbstractUrlHandlerMapping.registerHandler:373) - Mapped URL path [/internal/threads.shtm] onto handler of type [class com.serotonin.m2m2.web.mvc.UrlHandlerController] 
INFO  2019-04-11T15:37:55,846 (org.springframework.web.servlet.handler.AbstractUrlHandlerMapping.registerHandler:373) - Mapped URL path [/internal/queueStats.shtm] onto handler of type [class com.serotonin.m2m2.web.mvc.UrlHandlerController] 
INFO  2019-04-11T15:37:55,847 (org.springframework.web.servlet.handler.AbstractUrlHandlerMapping.registerHandler:373) - Mapped URL path [/data_point_edit.shtm] onto handler of type [class com.serotonin.m2m2.web.mvc.controller.DataPointEditController] 
INFO  2019-04-11T15:37:55,847 (org.springframework.web.servlet.handler.AbstractUrlHandlerMapping.registerHandler:373) - Mapped URL path [/data_source_properties.shtm] onto handler of type [class com.serotonin.m2m2.web.mvc.controller.DataSourcePropertiesController] 
INFO  2019-04-11T15:37:55,848 (org.springframework.web.servlet.handler.AbstractUrlHandlerMapping.registerHandler:373) - Mapped URL path [/data_source_edit.shtm] onto handler of type [class com.serotonin.m2m2.web.mvc.controller.DataSourceEditController] 
INFO  2019-04-11T15:37:55,848 (org.springframework.web.servlet.handler.AbstractUrlHandlerMapping.registerHandler:373) - Mapped URL path [/data_source_properties_error.shtm] onto handler of type [class com.serotonin.m2m2.web.mvc.controller.DataSourceEditController] 
INFO  2019-04-11T15:37:55,848 (org.springframework.web.servlet.handler.AbstractUrlHandlerMapping.registerHandler:373) - Mapped URL path [/help.htm] onto handler of type [class com.serotonin.m2m2.web.mvc.controller.HelpController] 
INFO  2019-04-11T15:37:55,848 (org.springframework.web.servlet.handler.AbstractUrlHandlerMapping.registerHandler:373) - Mapped URL path [/startup.htm] onto handler of type [class com.serotonin.m2m2.web.mvc.controller.StartupController] 
INFO  2019-04-11T15:37:55,848 (org.springframework.web.servlet.handler.AbstractUrlHandlerMapping.registerHandler:373) - Mapped URL path [/shutdown.htm] onto handler of type [class com.serotonin.m2m2.web.mvc.controller.ShutdownController] 
INFO  2019-04-11T15:37:55,848 (org.springframework.web.servlet.handler.AbstractUrlHandlerMapping.registerHandler:373) - Mapped URL path [/publisher_edit.shtm] onto handler of type [class com.serotonin.m2m2.web.mvc.controller.PublisherEditController] 
INFO  2019-04-11T15:37:55,849 (org.springframework.web.servlet.handler.AbstractUrlHandlerMapping.registerHandler:373) - Mapped URL path [/users.shtm] onto handler of type [class com.serotonin.m2m2.web.mvc.controller.UsersController] 
INFO  2019-04-11T15:37:55,851 (org.springframework.web.servlet.handler.AbstractUrlHandlerMapping.registerHandler:373) - Mapped URL path [/view_edit.shtm] onto handler of type [class com.serotonin.m2m2.web.mvc.UrlHandlerController] 
INFO  2019-04-11T15:37:55,851 (org.springframework.web.servlet.handler.AbstractUrlHandlerMapping.registerHandler:373) - Mapped URL path [/scheduled_events.shtm] onto handler of type [class com.serotonin.m2m2.web.mvc.UrlHandlerController] 
INFO  2019-04-11T15:37:55,854 (org.springframework.web.servlet.handler.AbstractUrlHandlerMapping.registerHandler:373) - Mapped URL path [/sqlConsole.shtm] onto handler of type [class com.serotonin.m2m2.web.mvc.UrlHandlerController] 
INFO  2019-04-11T15:37:55,854 (org.springframework.web.servlet.handler.AbstractUrlHandlerMapping.registerHandler:373) - Mapped URL path [/globalScripts.shtm] onto handler of type [class com.serotonin.m2m2.web.mvc.UrlHandlerController] 
