INFO  2019-04-11T15:27:35,403 (com.serotonin.m2m2.Main.main:101) - Starting Mango 3.5.6 with Schema Version: 26 
INFO  2019-04-11T15:27:36,406 (com.serotonin.m2m2.Main.loadModules:588) - Loading module 'asciiFile', v3.5.0 by Infinite Automation Systems Inc. 
INFO  2019-04-11T15:27:36,428 (com.serotonin.m2m2.Main.loadModules:588) - Loading module 'BACnet', v3.5.1 by Infinite Automation Systems Inc. 
INFO  2019-04-11T15:27:36,436 (com.serotonin.m2m2.Main.loadModules:588) - Loading module 'controlcore', v3.5.0 by Infinite Automation Systems Inc. 
INFO  2019-04-11T15:27:36,446 (com.serotonin.m2m2.Main.loadModules:588) - Loading module 'dashboardDesigner', v3.5.1 by Infinite Automation Systems Inc. 
INFO  2019-04-11T15:27:36,446 (com.serotonin.m2m2.util.DocumentationManifest.parseManifestFile:60) - Documentation manifest file not found: C:\free-m2m2-core-3.5.6\web\modules\dashboardDesigner\web\dox\manifest.xml 
INFO  2019-04-11T15:27:36,446 (com.serotonin.m2m2.Main.loadModules:588) - Loading module 'dataFile', v3.5.0 by Infinite Automation Systems Inc. 
INFO  2019-04-11T15:27:36,462 (com.serotonin.m2m2.Main.loadModules:588) - Loading module 'dataImport', v3.5.0 by Infinite Automation Systems Inc. 
INFO  2019-04-11T15:27:36,478 (com.serotonin.m2m2.Main.loadModules:588) - Loading module 'deviceConfig', v3.5.0 by Infinite Automation Systems Inc. 
INFO  2019-04-11T15:27:36,478 (com.serotonin.m2m2.util.DocumentationManifest.parseManifestFile:60) - Documentation manifest file not found: C:\free-m2m2-core-3.5.6\web\modules\deviceConfig\web\dox\manifest.xml 
INFO  2019-04-11T15:27:36,493 (com.serotonin.m2m2.Main.loadModules:588) - Loading module 'dnp3', v3.5.0 by Infinite Automation Systems Inc. 
INFO  2019-04-11T15:27:36,493 (com.serotonin.m2m2.Main.loadModules:588) - Loading module 'egauge', v3.5.0 by Infinite Automation Systems Inc. 
INFO  2019-04-11T15:27:36,509 (com.serotonin.m2m2.Main.loadModules:588) - Loading module 'envcands', v3.5.0 by Infinite Automation Systems Inc. 
INFO  2019-04-11T15:27:36,509 (com.serotonin.m2m2.Main.loadModules:588) - Loading module 'excelReports', v3.5.3 by Infinite Automation Systems Inc. 
INFO  2019-04-11T15:27:36,540 (com.serotonin.m2m2.Main.loadModules:588) - Loading module 'graphicalViews', v3.5.2 by Infinite Automation Systems Inc. 
INFO  2019-04-11T15:27:36,578 (com.serotonin.m2m2.Main.loadModules:588) - Loading module 'Haystack', v3.5.0 by Infinite Automation Systems Inc. 
INFO  2019-04-11T15:27:36,578 (com.serotonin.m2m2.Main.loadModules:588) - Loading module 'http', v3.5.1 by Infinite Automation Systems Inc. 
INFO  2019-04-11T15:27:36,594 (com.serotonin.m2m2.Main.loadModules:588) - Loading module 'jsonFileImport', v3.5.0 by Infinite Automation Systems Inc. 
INFO  2019-04-11T15:27:36,609 (com.serotonin.m2m2.Main.loadModules:588) - Loading module 'log4jDS', v3.5.0 by Infinite Automation Systems Inc. 
INFO  2019-04-11T15:27:36,609 (com.serotonin.m2m2.Main.loadModules:588) - Loading module 'log4JReset', v3.5.0 by Infinite Automation Systems Inc. 
INFO  2019-04-11T15:27:36,609 (com.serotonin.m2m2.Main.loadModules:588) - Loading module 'loggingConsole', v3.5.0 by Infinite Automation Systems Inc. 
INFO  2019-04-11T15:27:36,625 (com.serotonin.m2m2.Main.loadModules:588) - Loading module 'maintenanceEvents', v3.5.0 by Infinite Automation Systems Inc. 
INFO  2019-04-11T15:27:36,625 (com.serotonin.m2m2.Main.loadModules:588) - Loading module 'mangoApi', v3.5.2 by Infinite Automation Systems Inc. 
INFO  2019-04-11T15:27:36,647 (com.serotonin.m2m2.Main.loadModules:588) - Loading module 'mangoUI', v3.5.5 by Infinite Automation Systems Inc. 
INFO  2019-04-11T15:27:36,647 (com.serotonin.m2m2.util.DocumentationManifest.parseManifestFile:60) - Documentation manifest file not found: C:\free-m2m2-core-3.5.6\web\modules\mangoUI\web\dox\manifest.xml 
INFO  2019-04-11T15:27:36,725 (com.serotonin.m2m2.Main.loadModules:588) - Loading module 'mbus', v3.5.0 by Infinite Automation Systems Inc. 
INFO  2019-04-11T15:27:36,741 (com.serotonin.m2m2.Main.loadModules:588) - Loading module 'meta', v3.5.0 by Infinite Automation Systems Inc. 
INFO  2019-04-11T15:27:36,747 (com.serotonin.m2m2.Main.loadModules:588) - Loading module 'modbus', v3.5.0 by Infinite Automation Systems Inc. 
INFO  2019-04-11T15:27:36,747 (com.serotonin.m2m2.Main.loadModules:588) - Loading module 'onewire', v3.5.0 by Infinite Automation Systems Inc. 
INFO  2019-04-11T15:27:36,763 (com.serotonin.m2m2.Main.loadModules:588) - Loading module 'opcda', v3.5.0 by Infinite Automation Systems Inc. 
INFO  2019-04-11T15:27:36,763 (com.serotonin.m2m2.Main.loadModules:588) - Loading module 'pakbus', v3.5.4 by Infinite Automation Systems Inc. 
INFO  2019-04-11T15:27:36,778 (com.serotonin.m2m2.Main.loadModules:588) - Loading module 'pointLinks', v3.5.1 by Infinite Automation Systems Inc. 
INFO  2019-04-11T15:27:36,794 (com.serotonin.m2m2.Main.loadModules:588) - Loading module 'pop3', v3.5.0 by Infinite Automation Systems Inc. 
INFO  2019-04-11T15:27:36,794 (com.serotonin.m2m2.Main.loadModules:588) - Loading module 'reports', v3.5.0 by Infinite Automation Systems Inc. 
INFO  2019-04-11T15:27:36,810 (com.serotonin.m2m2.Main.loadModules:588) - Loading module 'scheduledEvents', v3.5.0 by Infinite Automation Systems Inc. 
INFO  2019-04-11T15:27:36,825 (com.serotonin.m2m2.Main.loadModules:588) - Loading module 'scripting', v3.5.1 by Infinite Automation Systems Inc. 
INFO  2019-04-11T15:27:36,825 (com.serotonin.m2m2.Main.loadModules:588) - Loading module 'serial', v3.5.1 by Infinite Automation Systems Inc. 
INFO  2019-04-11T15:27:36,841 (com.serotonin.m2m2.Main.loadModules:588) - Loading module 'snmp', v3.5.0 by Infinite Automation Systems Inc. 
INFO  2019-04-11T15:27:36,847 (com.serotonin.m2m2.Main.loadModules:588) - Loading module 'sqlConsole', v3.5.1 by Infinite Automation Systems Inc. 
INFO  2019-04-11T15:27:36,863 (com.serotonin.m2m2.Main.loadModules:588) - Loading module 'sqlds', v3.5.0 by Infinite Automation Systems Inc. 
INFO  2019-04-11T15:27:36,863 (com.serotonin.m2m2.Main.loadModules:588) - Loading module 'ssh', v3.5.0 by Infinite Automation Systems Inc. 
INFO  2019-04-11T15:27:36,879 (com.serotonin.m2m2.Main.loadModules:588) - Loading module 'sstGlobalScripts', v3.5.0 by Infinite Automation Systems Inc. 
INFO  2019-04-11T15:27:36,879 (com.serotonin.m2m2.Main.loadModules:588) - Loading module 'sstGraphics', v3.5.0 by Infinite Automation Systems Inc. 
INFO  2019-04-11T15:27:36,941 (com.serotonin.m2m2.Main.loadModules:588) - Loading module 'TCPIP', v3.5.0 by Infinite Automation Systems Inc. 
INFO  2019-04-11T15:27:36,948 (com.serotonin.m2m2.Main.loadModules:588) - Loading module 'templateConfig', v3.5.0 by Infinite Automation Systems Inc. 
INFO  2019-04-11T15:27:36,948 (com.serotonin.m2m2.Main.loadModules:588) - Loading module 'twilio', v3.5.0 by Infinite Automation Systems Inc. 
INFO  2019-04-11T15:27:36,963 (com.serotonin.m2m2.Main.loadModules:588) - Loading module 'virtualDS', v3.5.0 by Infinite Automation Systems Inc. 
INFO  2019-04-11T15:27:36,963 (com.serotonin.m2m2.Main.loadModules:588) - Loading module 'vmstat', v3.5.0 by Infinite Automation Systems Inc. 
INFO  2019-04-11T15:27:36,979 (com.serotonin.m2m2.Main.loadModules:588) - Loading module 'watchlists', v3.5.0 by Infinite Automation Systems Inc. 
INFO  2019-04-11T15:27:36,995 (com.serotonin.m2m2.Main.loadModules:588) - Loading module 'internal', v3.5.0 by Infinite Automation Systems Inc. 
INFO  2019-04-11T15:27:40,124 (com.serotonin.m2m2.Lifecycle.loadLic:604) - Checking license... 
INFO  2019-04-11T15:27:40,124 (com.serotonin.m2m2.Lifecycle.loadLic:690) - License file not found 
INFO  2019-04-11T15:27:40,356 (com.serotonin.m2m2.db.H2Proxy.initializeImpl:42) - Initializing H2 connection manager 
INFO  2019-04-11T15:27:48,585 (com.serotonin.m2m2.db.upgrade.DBUpgrade.checkUpgrade:38) - Starting instance with core version 3.5.6, db 26 
INFO  2019-04-11T15:27:56,369 (com.infiniteautomation.mango.spring.MangoRuntimeContextConfiguration.contextRefreshed:120) - Spring context 'runtimeContext' refreshed: org.springframework.context.annotation.AnnotationConfigApplicationContext@6d11ceef 
INFO  2019-04-11T15:27:56,391 (com.infiniteautomation.mango.spring.MangoRuntimeContextConfiguration.contextStarted:134) - Spring context 'runtimeContext' started: org.springframework.context.annotation.AnnotationConfigApplicationContext@6d11ceef 
INFO  2019-04-11T15:27:56,907 (com.serotonin.m2m2.rt.DataSourceGroupInitializer.initialize:77) - Initializing 3 NORMAL priority data sources in 8 threads. 
INFO  2019-04-11T15:27:57,119 (com.serotonin.m2m2.rt.RuntimeManagerImpl.initializeDataSourceStartup:380) - Data source 'Test' initialized 
INFO  2019-04-11T15:27:57,119 (com.serotonin.m2m2.rt.RuntimeManagerImpl.initializeDataSourceStartup:385) - Data source 'Test' took 202.339624ms to start 
INFO  2019-04-11T15:27:57,220 (com.serotonin.m2m2.rt.RuntimeManagerImpl.initializeDataSourceStartup:380) - Data source 'Mango Internal' initialized 
INFO  2019-04-11T15:27:57,220 (com.serotonin.m2m2.rt.RuntimeManagerImpl.initializeDataSourceStartup:385) - Data source 'Mango Internal' took 300.335509ms to start 
INFO  2019-04-11T15:27:57,523 (com.serotonin.m2m2.rt.RuntimeManagerImpl.initializeDataSourceStartup:380) - Data source 'Test2' initialized 
INFO  2019-04-11T15:27:57,523 (com.serotonin.m2m2.rt.RuntimeManagerImpl.initializeDataSourceStartup:385) - Data source 'Test2' took 601.687569ms to start 
INFO  2019-04-11T15:27:57,612 (com.serotonin.m2m2.rt.DataSourceGroupInitializer.initialize:109) - Initialization of 3 NORMAL priority data sources took 705ms 
INFO  2019-04-11T15:27:57,736 (com.serotonin.m2m2.rt.RuntimeManagerImpl.initialize:156) - Starting 0 Publishers... 
INFO  2019-04-11T15:27:57,736 (com.serotonin.m2m2.rt.RuntimeManagerImpl.initialize:168) - 0 Publisher's started in 11ms 
INFO  2019-04-11T15:28:01,469 (com.serotonin.m2m2.web.M2M2ContextListener.contextInitialized:32) - Mango Automation context starting 
INFO  2019-04-11T15:28:01,469 (com.serotonin.m2m2.web.M2M2ContextListener.contextInitialized:40) - Mango Automation context started 
INFO  2019-04-11T15:28:09,717 (com.infiniteautomation.mango.spring.MangoRuntimeContextConfiguration.contextRefreshed:120) - Spring context 'rootWebContext' refreshed: Root WebApplicationContext 
WARN  2019-04-11T15:28:12,993 (org.springframework.web.servlet.handler.SimpleUrlHandlerMapping.registerHandlers:114) - Neither 'urlMap' nor 'mappings' set on SimpleUrlHandlerMapping 
INFO  2019-04-11T15:28:13,135 (com.infiniteautomation.mango.spring.MangoRuntimeContextConfiguration.contextRefreshed:120) - Spring context 'jspDispatcherContext' refreshed: WebApplicationContext for namespace 'JSP_DISPATCHER-servlet' 
INFO  2019-04-11T15:28:16,984 (com.serotonin.m2m2.web.mvc.rest.v1.BacnetDiscoveryRestController.<init>:54) - Creating Discovery Rest Controller 
INFO  2019-04-11T15:28:18,442 (com.serotonin.m2m2.web.mvc.rest.v1.DataPointRestController.<init>:76) - Creating Data Point Rest Controller. 
INFO  2019-04-11T15:28:19,484 (com.serotonin.m2m2.web.mvc.rest.v1.DataSourceRestController.<init>:62) - Creating DS Rest Controller 
INFO  2019-04-11T15:28:20,201 (com.infiniteautomation.mango.rest.v2.MetaRestController.<init>:52) - Creating meta rest controller. 
INFO  2019-04-11T15:28:21,333 (com.infiniteautomation.mango.rest.v2.DataPointRestController.<init>:96) - Creating Data Point v2 Rest Controller. 
INFO  2019-04-11T15:28:22,977 (com.infiniteautomation.mango.spring.MangoRuntimeContextConfiguration.contextRefreshed:120) - Spring context 'restDispatcherContext' refreshed: WebApplicationContext for namespace 'REST_DISPATCHER-servlet' 
INFO  2019-04-11T15:28:22,987 (com.serotonin.m2m2.Lifecycle.configureDwr:1249) - Added DWR definition for: EnvCanEditDwr 
INFO  2019-04-11T15:28:22,989 (com.serotonin.m2m2.Lifecycle.configureDwr:1249) - Added DWR definition for: HttpDataSourceDwr 
INFO  2019-04-11T15:28:22,999 (com.serotonin.m2m2.Lifecycle.configureDwr:1249) - Added DWR definition for: TcpIpDataSourceEditDwr 
INFO  2019-04-11T15:28:22,999 (com.serotonin.m2m2.Lifecycle.configureDwr:1249) - Added DWR definition for: Pop3EditDwr 
INFO  2019-04-11T15:28:23,009 (com.serotonin.m2m2.Lifecycle.configureDwr:1249) - Added DWR definition for: HaystackDataSourceDwr 
INFO  2019-04-11T15:28:23,009 (com.serotonin.m2m2.Lifecycle.configureDwr:1242) - Duplicate definition of DWR class ignored: com.serotonin.m2m2.http.dwr.HttpDataSourceDwr 
INFO  2019-04-11T15:28:23,009 (com.serotonin.m2m2.Lifecycle.configureDwr:1249) - Added DWR definition for: DataFileDataSourceEditDwr 
INFO  2019-04-11T15:28:23,019 (com.serotonin.m2m2.Lifecycle.configureDwr:1249) - Added DWR definition for: OPCDAEditDwr 
INFO  2019-04-11T15:28:23,029 (com.serotonin.m2m2.Lifecycle.configureDwr:1249) - Added DWR definition for: BACnetMSTPEditDwr 
INFO  2019-04-11T15:28:23,038 (com.serotonin.m2m2.Lifecycle.configureDwr:1249) - Added DWR definition for: PakBusEditDwr 
INFO  2019-04-11T15:28:23,040 (com.serotonin.m2m2.Lifecycle.configureDwr:1249) - Added DWR definition for: MBusEditDwr 
INFO  2019-04-11T15:28:23,040 (com.serotonin.m2m2.Lifecycle.configureDwr:1242) - Duplicate definition of DWR class ignored: com.infiniteautomation.mango.pakbus.dwr.PakBusEditDwr 
INFO  2019-04-11T15:28:23,050 (com.serotonin.m2m2.Lifecycle.configureDwr:1249) - Added DWR definition for: SNMPEditDwr 
INFO  2019-04-11T15:28:23,050 (com.serotonin.m2m2.Lifecycle.configureDwr:1249) - Added DWR definition for: InternalEditDwr 
INFO  2019-04-11T15:28:23,060 (com.serotonin.m2m2.Lifecycle.configureDwr:1249) - Added DWR definition for: SerialEditDwr 
INFO  2019-04-11T15:28:23,070 (com.serotonin.m2m2.Lifecycle.configureDwr:1249) - Added DWR definition for: MetaEditDwr 
INFO  2019-04-11T15:28:23,070 (com.serotonin.m2m2.Lifecycle.configureDwr:1249) - Added DWR definition for: DnpEditDwr 
INFO  2019-04-11T15:28:23,080 (com.serotonin.m2m2.Lifecycle.configureDwr:1249) - Added DWR definition for: ModbusEditDwr 
INFO  2019-04-11T15:28:23,080 (com.serotonin.m2m2.Lifecycle.configureDwr:1249) - Added DWR definition for: Log4jEditDwr 
INFO  2019-04-11T15:28:23,088 (com.serotonin.m2m2.Lifecycle.configureDwr:1249) - Added DWR definition for: ScriptingEditDwr 
INFO  2019-04-11T15:28:23,090 (com.serotonin.m2m2.Lifecycle.configureDwr:1249) - Added DWR definition for: SshDataSourceEditDwr 
INFO  2019-04-11T15:28:23,100 (com.serotonin.m2m2.Lifecycle.configureDwr:1249) - Added DWR definition for: AsciiFileEditDwr 
INFO  2019-04-11T15:28:23,100 (com.serotonin.m2m2.Lifecycle.configureDwr:1242) - Duplicate definition of DWR class ignored: com.serotonin.m2m2.http.dwr.HttpDataSourceDwr 
INFO  2019-04-11T15:28:23,100 (com.serotonin.m2m2.Lifecycle.configureDwr:1249) - Added DWR definition for: OneWireEditDwr 
INFO  2019-04-11T15:28:23,110 (com.serotonin.m2m2.Lifecycle.configureDwr:1249) - Added DWR definition for: SqlEditDwr 
INFO  2019-04-11T15:28:23,110 (com.serotonin.m2m2.Lifecycle.configureDwr:1249) - Added DWR definition for: VMStatEditDwr 
INFO  2019-04-11T15:28:23,120 (com.serotonin.m2m2.Lifecycle.configureDwr:1249) - Added DWR definition for: EgaugeDataSourceDwr 
INFO  2019-04-11T15:28:23,120 (com.serotonin.m2m2.Lifecycle.configureDwr:1242) - Duplicate definition of DWR class ignored: com.serotonin.m2m2.http.dwr.HttpDataSourceDwr 
INFO  2019-04-11T15:28:23,128 (com.serotonin.m2m2.Lifecycle.configureDwr:1249) - Added DWR definition for: BACnetIPEditDwr 
INFO  2019-04-11T15:28:23,130 (com.serotonin.m2m2.Lifecycle.configureDwr:1242) - Duplicate definition of DWR class ignored: br.org.scadabr.dnp3.dwr.DnpEditDwr 
INFO  2019-04-11T15:28:23,130 (com.serotonin.m2m2.Lifecycle.configureDwr:1249) - Added DWR definition for: ControlCoreEditDwr 
INFO  2019-04-11T15:28:23,130 (com.serotonin.m2m2.Lifecycle.configureDwr:1242) - Duplicate definition of DWR class ignored: com.serotonin.m2m2.modbus.dwr.ModbusEditDwr 
INFO  2019-04-11T15:28:23,130 (com.serotonin.m2m2.Lifecycle.configureDwr:1242) - Duplicate definition of DWR class ignored: com.serotonin.m2m2.http.dwr.HttpDataSourceDwr 
INFO  2019-04-11T15:28:23,149 (com.serotonin.m2m2.Lifecycle.configureDwr:1249) - Added DWR definition for: VirtualEditDwr 
INFO  2019-04-11T15:28:23,333 (org.springframework.web.servlet.handler.AbstractUrlHandlerMapping.registerHandler:373) - Mapped URL path [/data_point_details.shtm] onto handler of type [class com.serotonin.m2m2.web.mvc.UrlHandlerController] 
INFO  2019-04-11T15:28:23,333 (org.springframework.web.servlet.handler.AbstractUrlHandlerMapping.registerHandler:373) - Mapped URL path [/events.shtm] onto handler of type [class com.serotonin.m2m2.web.mvc.UrlHandlerController] 
INFO  2019-04-11T15:28:23,333 (org.springframework.web.servlet.handler.AbstractUrlHandlerMapping.registerHandler:373) - Mapped URL path [/pending_alarms.shtm] onto handler of type [class com.serotonin.m2m2.web.mvc.UrlHandlerController] 
INFO  2019-04-11T15:28:23,333 (org.springframework.web.servlet.handler.AbstractUrlHandlerMapping.registerHandler:373) - Mapped URL path [/event_handlers.shtm] onto handler of type [class com.serotonin.m2m2.web.mvc.UrlHandlerController] 
INFO  2019-04-11T15:28:23,333 (org.springframework.web.servlet.handler.AbstractUrlHandlerMapping.registerHandler:373) - Mapped URL path [/data_sources.shtm] onto handler of type [class com.serotonin.m2m2.web.mvc.UrlHandlerController] 
INFO  2019-04-11T15:28:23,333 (org.springframework.web.servlet.handler.AbstractUrlHandlerMapping.registerHandler:373) - Mapped URL path [/point_hierarchy.shtm] onto handler of type [class com.serotonin.m2m2.web.mvc.UrlHandlerController] 
INFO  2019-04-11T15:28:23,333 (org.springframework.web.servlet.handler.AbstractUrlHandlerMapping.registerHandler:373) - Mapped URL path [/mailing_lists.shtm] onto handler of type [class com.serotonin.m2m2.web.mvc.UrlHandlerController] 
INFO  2019-04-11T15:28:23,333 (org.springframework.web.servlet.handler.AbstractUrlHandlerMapping.registerHandler:373) - Mapped URL path [/publishers.shtm] onto handler of type [class com.serotonin.m2m2.web.mvc.UrlHandlerController] 
INFO  2019-04-11T15:28:23,333 (org.springframework.web.servlet.handler.AbstractUrlHandlerMapping.registerHandler:373) - Mapped URL path [/system_settings.shtm] onto handler of type [class com.serotonin.m2m2.web.mvc.UrlHandlerController] 
INFO  2019-04-11T15:28:23,333 (org.springframework.web.servlet.handler.AbstractUrlHandlerMapping.registerHandler:373) - Mapped URL path [/modules.shtm] onto handler of type [class com.serotonin.m2m2.web.mvc.UrlHandlerController] 
INFO  2019-04-11T15:28:23,333 (org.springframework.web.servlet.handler.AbstractUrlHandlerMapping.registerHandler:373) - Mapped URL path [/emport.shtm] onto handler of type [class com.serotonin.m2m2.web.mvc.UrlHandlerController] 
INFO  2019-04-11T15:28:23,333 (org.springframework.web.servlet.handler.AbstractUrlHandlerMapping.registerHandler:373) - Mapped URL path [/error.htm] onto handler of type [class com.serotonin.m2m2.web.mvc.UrlHandlerController] 
INFO  2019-04-11T15:28:23,333 (org.springframework.web.servlet.handler.AbstractUrlHandlerMapping.registerHandler:373) - Mapped URL path [/not-found.htm] onto handler of type [class com.serotonin.m2m2.web.mvc.UrlHandlerController] 
INFO  2019-04-11T15:28:23,341 (org.springframework.web.servlet.handler.AbstractUrlHandlerMapping.registerHandler:373) - Mapped URL path [/unauthorized.htm] onto handler of type [class com.serotonin.m2m2.web.mvc.UrlHandlerController] 
INFO  2019-04-11T15:28:23,341 (org.springframework.web.servlet.handler.AbstractUrlHandlerMapping.registerHandler:373) - Mapped URL path [/upload.shtm] onto handler of type [class com.serotonin.m2m2.web.mvc.UrlHandlerController] 
INFO  2019-04-11T15:28:23,341 (org.springframework.web.servlet.handler.AbstractUrlHandlerMapping.registerHandler:373) - Mapped URL path [/mobile_data_point_details.shtm] onto handler of type [class com.serotonin.m2m2.web.mvc.UrlHandlerController] 
INFO  2019-04-11T15:28:23,341 (org.springframework.web.servlet.handler.AbstractUrlHandlerMapping.registerHandler:373) - Mapped URL path [/dataImport.shtm] onto handler of type [class com.serotonin.m2m2.web.mvc.UrlHandlerController] 
INFO  2019-04-11T15:28:23,343 (org.springframework.web.servlet.handler.AbstractUrlHandlerMapping.registerHandler:373) - Mapped URL path [/csvDataImport.shtm] onto handler of type [class com.serotonin.m2m2.web.mvc.UrlHandlerController] 
INFO  2019-04-11T15:28:23,343 (org.springframework.web.servlet.handler.AbstractUrlHandlerMapping.registerHandler:373) - Mapped URL path [/excel-reports.shtm] onto handler of type [class com.serotonin.m2m2.web.mvc.UrlHandlerController] 
INFO  2019-04-11T15:28:23,353 (org.springframework.web.servlet.handler.AbstractUrlHandlerMapping.registerHandler:373) - Mapped URL path [/public_view.htm] onto handler of type [class com.serotonin.m2m2.web.mvc.UrlHandlerController] 
INFO  2019-04-11T15:28:23,373 (org.springframework.web.servlet.handler.AbstractUrlHandlerMapping.registerHandler:373) - Mapped URL path [/views.shtm] onto handler of type [class com.serotonin.m2m2.web.mvc.UrlHandlerController] 
INFO  2019-04-11T15:28:23,373 (org.springframework.web.servlet.handler.AbstractUrlHandlerMapping.registerHandler:373) - Mapped URL path [/logging_console.shtm] onto handler of type [class com.serotonin.m2m2.web.mvc.UrlHandlerController] 
INFO  2019-04-11T15:28:23,381 (org.springframework.web.servlet.handler.AbstractUrlHandlerMapping.registerHandler:373) - Mapped URL path [/maintenance_events.shtm] onto handler of type [class com.serotonin.m2m2.web.mvc.UrlHandlerController] 
INFO  2019-04-11T15:28:23,381 (org.springframework.web.servlet.handler.AbstractUrlHandlerMapping.registerHandler:373) - Mapped URL path [/point_links.shtm] onto handler of type [class com.serotonin.m2m2.web.mvc.UrlHandlerController] 
INFO  2019-04-11T15:28:23,381 (org.springframework.web.servlet.handler.AbstractUrlHandlerMapping.registerHandler:373) - Mapped URL path [/m2m_report_import.shtm] onto handler of type [class com.serotonin.m2m2.web.mvc.UrlHandlerController] 
INFO  2019-04-11T15:28:23,381 (org.springframework.web.servlet.handler.AbstractUrlHandlerMapping.registerHandler:373) - Mapped URL path [/reports.shtm] onto handler of type [class com.serotonin.m2m2.web.mvc.UrlHandlerController] 
INFO  2019-04-11T15:28:23,383 (org.springframework.web.servlet.handler.AbstractUrlHandlerMapping.registerHandler:373) - Mapped URL path [/reportChart.shtm] onto handler of type [class com.serotonin.m2m2.web.mvc.UrlHandlerController] 
INFO  2019-04-11T15:28:23,383 (org.springframework.web.servlet.handler.AbstractUrlHandlerMapping.registerHandler:373) - Mapped URL path [/templateConfig.shtm] onto handler of type [class com.serotonin.m2m2.web.mvc.UrlHandlerController] 
INFO  2019-04-11T15:28:23,403 (org.springframework.web.servlet.handler.AbstractUrlHandlerMapping.registerHandler:373) - Mapped URL path [/mobile/watch_list.shtm] onto handler of type [class com.serotonin.m2m2.web.mvc.UrlHandlerController] 
INFO  2019-04-11T15:28:23,403 (org.springframework.web.servlet.handler.AbstractUrlHandlerMapping.registerHandler:373) - Mapped URL path [/watch_list.shtm] onto handler of type [class com.serotonin.m2m2.web.mvc.UrlHandlerController] 
INFO  2019-04-11T15:28:23,403 (org.springframework.web.servlet.handler.AbstractUrlHandlerMapping.registerHandler:373) - Mapped URL path [/internal/status.shtm] onto handler of type [class com.serotonin.m2m2.web.mvc.UrlHandlerController] 
INFO  2019-04-11T15:28:23,412 (org.springframework.web.servlet.handler.AbstractUrlHandlerMapping.registerHandler:373) - Mapped URL path [/internal/threads.shtm] onto handler of type [class com.serotonin.m2m2.web.mvc.UrlHandlerController] 
INFO  2019-04-11T15:28:23,412 (org.springframework.web.servlet.handler.AbstractUrlHandlerMapping.registerHandler:373) - Mapped URL path [/internal/tasks.shtm] onto handler of type [class com.serotonin.m2m2.web.mvc.UrlHandlerController] 
INFO  2019-04-11T15:28:23,412 (org.springframework.web.servlet.handler.AbstractUrlHandlerMapping.registerHandler:373) - Mapped URL path [/internal/queueStats.shtm] onto handler of type [class com.serotonin.m2m2.web.mvc.UrlHandlerController] 
INFO  2019-04-11T15:28:23,412 (org.springframework.web.servlet.handler.AbstractUrlHandlerMapping.registerHandler:373) - Mapped URL path [/internal/workItems.shtm] onto handler of type [class com.serotonin.m2m2.web.mvc.UrlHandlerController] 
INFO  2019-04-11T15:28:23,414 (org.springframework.web.servlet.handler.AbstractUrlHandlerMapping.registerHandler:373) - Mapped URL path [/data_point_edit.shtm] onto handler of type [class com.serotonin.m2m2.web.mvc.controller.DataPointEditController] 
INFO  2019-04-11T15:28:23,414 (org.springframework.web.servlet.handler.AbstractUrlHandlerMapping.registerHandler:373) - Mapped URL path [/data_source_properties.shtm] onto handler of type [class com.serotonin.m2m2.web.mvc.controller.DataSourcePropertiesController] 
INFO  2019-04-11T15:28:23,414 (org.springframework.web.servlet.handler.AbstractUrlHandlerMapping.registerHandler:373) - Mapped URL path [/data_source_edit.shtm] onto handler of type [class com.serotonin.m2m2.web.mvc.controller.DataSourceEditController] 
INFO  2019-04-11T15:28:23,414 (org.springframework.web.servlet.handler.AbstractUrlHandlerMapping.registerHandler:373) - Mapped URL path [/data_source_properties_error.shtm] onto handler of type [class com.serotonin.m2m2.web.mvc.controller.DataSourceEditController] 
INFO  2019-04-11T15:28:23,414 (org.springframework.web.servlet.handler.AbstractUrlHandlerMapping.registerHandler:373) - Mapped URL path [/help.htm] onto handler of type [class com.serotonin.m2m2.web.mvc.controller.HelpController] 
INFO  2019-04-11T15:28:23,414 (org.springframework.web.servlet.handler.AbstractUrlHandlerMapping.registerHandler:373) - Mapped URL path [/startup.htm] onto handler of type [class com.serotonin.m2m2.web.mvc.controller.StartupController] 
INFO  2019-04-11T15:28:23,414 (org.springframework.web.servlet.handler.AbstractUrlHandlerMapping.registerHandler:373) - Mapped URL path [/shutdown.htm] onto handler of type [class com.serotonin.m2m2.web.mvc.controller.ShutdownController] 
INFO  2019-04-11T15:28:23,414 (org.springframework.web.servlet.handler.AbstractUrlHandlerMapping.registerHandler:373) - Mapped URL path [/publisher_edit.shtm] onto handler of type [class com.serotonin.m2m2.web.mvc.controller.PublisherEditController] 
INFO  2019-04-11T15:28:23,414 (org.springframework.web.servlet.handler.AbstractUrlHandlerMapping.registerHandler:373) - Mapped URL path [/users.shtm] onto handler of type [class com.serotonin.m2m2.web.mvc.controller.UsersController] 
INFO  2019-04-11T15:28:23,414 (org.springframework.web.servlet.handler.AbstractUrlHandlerMapping.registerHandler:373) - Mapped URL path [/view_edit.shtm] onto handler of type [class com.serotonin.m2m2.web.mvc.UrlHandlerController] 
INFO  2019-04-11T15:28:23,414 (org.springframework.web.servlet.handler.AbstractUrlHandlerMapping.registerHandler:373) - Mapped URL path [/scheduled_events.shtm] onto handler of type [class com.serotonin.m2m2.web.mvc.UrlHandlerController] 
INFO  2019-04-11T15:28:23,424 (org.springframework.web.servlet.handler.AbstractUrlHandlerMapping.registerHandler:373) - Mapped URL path [/sqlConsole.shtm] onto handler of type [class com.serotonin.m2m2.web.mvc.UrlHandlerController] 
INFO  2019-04-11T15:28:23,424 (org.springframework.web.servlet.handler.AbstractUrlHandlerMapping.registerHandler:373) - Mapped URL path [/globalScripts.shtm] onto handler of type [class com.serotonin.m2m2.web.mvc.UrlHandlerController] 
