INFO  2019-04-20T12:07:18,742 (com.serotonin.m2m2.Main.main:101) - Starting Mango 3.5.6 with Schema Version: 26 
INFO  2019-04-20T12:07:21,491 (com.serotonin.m2m2.Main.loadModules:588) - Loading module 'asciiFile', v3.5.0 by Infinite Automation Systems Inc. 
INFO  2019-04-20T12:07:21,528 (com.serotonin.m2m2.Main.loadModules:588) - Loading module 'BACnet', v3.5.1 by Infinite Automation Systems Inc. 
INFO  2019-04-20T12:07:21,540 (com.serotonin.m2m2.Main.loadModules:588) - Loading module 'cloudConnect', v3.5.2 by Infinite Automation Systems Inc. 
INFO  2019-04-20T12:07:21,545 (com.serotonin.m2m2.util.DocumentationManifest.parseManifestFile:60) - Documentation manifest file not found: C:\Users\USER\Documents\GitHub\Windmill\free-m2m2-core-3.5.6\web\modules\cloudConnect\web\dox\manifest.xml 
INFO  2019-04-20T12:07:21,554 (com.serotonin.m2m2.Main.loadModules:588) - Loading module 'controlcore', v3.5.0 by Infinite Automation Systems Inc. 
INFO  2019-04-20T12:07:21,573 (com.serotonin.m2m2.Main.loadModules:588) - Loading module 'dashboardDesigner', v3.5.1 by Infinite Automation Systems Inc. 
INFO  2019-04-20T12:07:21,577 (com.serotonin.m2m2.util.DocumentationManifest.parseManifestFile:60) - Documentation manifest file not found: C:\Users\USER\Documents\GitHub\Windmill\free-m2m2-core-3.5.6\web\modules\dashboardDesigner\web\dox\manifest.xml 
INFO  2019-04-20T12:07:21,585 (com.serotonin.m2m2.Main.loadModules:588) - Loading module 'dataFile', v3.5.0 by Infinite Automation Systems Inc. 
INFO  2019-04-20T12:07:21,614 (com.serotonin.m2m2.Main.loadModules:588) - Loading module 'dataImport', v3.5.0 by Infinite Automation Systems Inc. 
INFO  2019-04-20T12:07:21,625 (com.serotonin.m2m2.Main.loadModules:588) - Loading module 'deviceConfig', v3.5.0 by Infinite Automation Systems Inc. 
INFO  2019-04-20T12:07:21,629 (com.serotonin.m2m2.util.DocumentationManifest.parseManifestFile:60) - Documentation manifest file not found: C:\Users\USER\Documents\GitHub\Windmill\free-m2m2-core-3.5.6\web\modules\deviceConfig\web\dox\manifest.xml 
INFO  2019-04-20T12:07:21,641 (com.serotonin.m2m2.Main.loadModules:588) - Loading module 'dnp3', v3.5.0 by Infinite Automation Systems Inc. 
INFO  2019-04-20T12:07:21,660 (com.serotonin.m2m2.Main.loadModules:588) - Loading module 'egauge', v3.5.0 by Infinite Automation Systems Inc. 
INFO  2019-04-20T12:07:21,675 (com.serotonin.m2m2.Main.loadModules:588) - Loading module 'envcands', v3.5.0 by Infinite Automation Systems Inc. 
INFO  2019-04-20T12:07:21,687 (com.serotonin.m2m2.Main.loadModules:588) - Loading module 'excelReports', v3.5.3 by Infinite Automation Systems Inc. 
INFO  2019-04-20T12:07:21,721 (com.serotonin.m2m2.Main.loadModules:588) - Loading module 'graphicalViews', v3.5.2 by Infinite Automation Systems Inc. 
INFO  2019-04-20T12:07:21,773 (com.serotonin.m2m2.Main.loadModules:588) - Loading module 'Haystack', v3.5.0 by Infinite Automation Systems Inc. 
INFO  2019-04-20T12:07:21,790 (com.serotonin.m2m2.Main.loadModules:588) - Loading module 'http', v3.5.1 by Infinite Automation Systems Inc. 
INFO  2019-04-20T12:07:21,810 (com.serotonin.m2m2.Main.loadModules:588) - Loading module 'jsonFileImport', v3.5.0 by Infinite Automation Systems Inc. 
INFO  2019-04-20T12:07:21,823 (com.serotonin.m2m2.Main.loadModules:588) - Loading module 'log4jDS', v3.5.0 by Infinite Automation Systems Inc. 
INFO  2019-04-20T12:07:21,833 (com.serotonin.m2m2.Main.loadModules:588) - Loading module 'log4JReset', v3.5.0 by Infinite Automation Systems Inc. 
INFO  2019-04-20T12:07:21,840 (com.serotonin.m2m2.Main.loadModules:588) - Loading module 'loggingConsole', v3.5.0 by Infinite Automation Systems Inc. 
INFO  2019-04-20T12:07:21,851 (com.serotonin.m2m2.Main.loadModules:588) - Loading module 'maintenanceEvents', v3.5.0 by Infinite Automation Systems Inc. 
INFO  2019-04-20T12:07:21,866 (com.serotonin.m2m2.Main.loadModules:588) - Loading module 'mangoApi', v3.5.2 by Infinite Automation Systems Inc. 
INFO  2019-04-20T12:07:21,885 (com.serotonin.m2m2.Main.loadModules:588) - Loading module 'mangoUI', v3.5.5 by Infinite Automation Systems Inc. 
INFO  2019-04-20T12:07:21,891 (com.serotonin.m2m2.util.DocumentationManifest.parseManifestFile:60) - Documentation manifest file not found: C:\Users\USER\Documents\GitHub\Windmill\free-m2m2-core-3.5.6\web\modules\mangoUI\web\dox\manifest.xml 
INFO  2019-04-20T12:07:21,981 (com.serotonin.m2m2.Main.loadModules:588) - Loading module 'mbus', v3.5.0 by Infinite Automation Systems Inc. 
INFO  2019-04-20T12:07:21,998 (com.serotonin.m2m2.Main.loadModules:588) - Loading module 'meta', v3.5.0 by Infinite Automation Systems Inc. 
INFO  2019-04-20T12:07:22,014 (com.serotonin.m2m2.Main.loadModules:588) - Loading module 'modbus', v3.5.0 by Infinite Automation Systems Inc. 
INFO  2019-04-20T12:07:22,036 (com.serotonin.m2m2.Main.loadModules:588) - Loading module 'onewire', v3.5.0 by Infinite Automation Systems Inc. 
INFO  2019-04-20T12:07:22,049 (com.serotonin.m2m2.Main.loadModules:588) - Loading module 'opcda', v3.5.0 by Infinite Automation Systems Inc. 
INFO  2019-04-20T12:07:22,057 (com.serotonin.m2m2.Main.loadModules:588) - Loading module 'pakbus', v3.5.4 by Infinite Automation Systems Inc. 
INFO  2019-04-20T12:07:22,089 (com.serotonin.m2m2.Main.loadModules:588) - Loading module 'pointLinks', v3.5.1 by Infinite Automation Systems Inc. 
INFO  2019-04-20T12:07:22,108 (com.serotonin.m2m2.Main.loadModules:588) - Loading module 'pop3', v3.5.0 by Infinite Automation Systems Inc. 
INFO  2019-04-20T12:07:22,121 (com.serotonin.m2m2.Main.loadModules:588) - Loading module 'reports', v3.5.0 by Infinite Automation Systems Inc. 
INFO  2019-04-20T12:07:22,144 (com.serotonin.m2m2.Main.loadModules:588) - Loading module 'scheduledEvents', v3.5.0 by Infinite Automation Systems Inc. 
INFO  2019-04-20T12:07:22,157 (com.serotonin.m2m2.Main.loadModules:588) - Loading module 'scripting', v3.5.1 by Infinite Automation Systems Inc. 
INFO  2019-04-20T12:07:22,168 (com.serotonin.m2m2.Main.loadModules:588) - Loading module 'serial', v3.5.1 by Infinite Automation Systems Inc. 
INFO  2019-04-20T12:07:22,180 (com.serotonin.m2m2.Main.loadModules:588) - Loading module 'snmp', v3.5.0 by Infinite Automation Systems Inc. 
INFO  2019-04-20T12:07:22,198 (com.serotonin.m2m2.Main.loadModules:588) - Loading module 'sqlConsole', v3.5.1 by Infinite Automation Systems Inc. 
INFO  2019-04-20T12:07:22,211 (com.serotonin.m2m2.Main.loadModules:588) - Loading module 'sqlds', v3.5.0 by Infinite Automation Systems Inc. 
INFO  2019-04-20T12:07:22,223 (com.serotonin.m2m2.Main.loadModules:588) - Loading module 'ssh', v3.5.0 by Infinite Automation Systems Inc. 
INFO  2019-04-20T12:07:22,252 (com.serotonin.m2m2.Main.loadModules:588) - Loading module 'sstGlobalScripts', v3.5.0 by Infinite Automation Systems Inc. 
INFO  2019-04-20T12:07:22,264 (com.serotonin.m2m2.Main.loadModules:588) - Loading module 'sstGraphics', v3.5.0 by Infinite Automation Systems Inc. 
INFO  2019-04-20T12:07:22,397 (com.serotonin.m2m2.Main.loadModules:588) - Loading module 'TCPIP', v3.5.0 by Infinite Automation Systems Inc. 
INFO  2019-04-20T12:07:22,412 (com.serotonin.m2m2.Main.loadModules:588) - Loading module 'templateConfig', v3.5.0 by Infinite Automation Systems Inc. 
INFO  2019-04-20T12:07:22,426 (com.serotonin.m2m2.Main.loadModules:588) - Loading module 'twilio', v3.5.0 by Infinite Automation Systems Inc. 
INFO  2019-04-20T12:07:22,448 (com.serotonin.m2m2.Main.loadModules:588) - Loading module 'virtualDS', v3.5.0 by Infinite Automation Systems Inc. 
INFO  2019-04-20T12:07:22,462 (com.serotonin.m2m2.Main.loadModules:588) - Loading module 'vmstat', v3.5.0 by Infinite Automation Systems Inc. 
INFO  2019-04-20T12:07:22,486 (com.serotonin.m2m2.Main.loadModules:588) - Loading module 'watchlists', v3.5.0 by Infinite Automation Systems Inc. 
INFO  2019-04-20T12:07:22,554 (com.serotonin.m2m2.Main.loadModules:588) - Loading module 'internal', v3.5.0 by Infinite Automation Systems Inc. 
INFO  2019-04-20T12:07:30,154 (com.serotonin.m2m2.Lifecycle.loadLic:604) - Checking license... 
INFO  2019-04-20T12:07:30,157 (com.serotonin.m2m2.Lifecycle.loadLic:690) - License file not found 
INFO  2019-04-20T12:07:30,448 (com.serotonin.m2m2.db.H2Proxy.initializeImpl:42) - Initializing H2 connection manager 
INFO  2019-04-20T12:07:38,008 (com.serotonin.m2m2.db.upgrade.DBUpgrade.checkUpgrade:38) - Starting instance with core version 3.5.6, db 26 
INFO  2019-04-20T12:07:47,597 (com.infiniteautomation.mango.spring.MangoRuntimeContextConfiguration.contextRefreshed:120) - Spring context 'runtimeContext' refreshed: org.springframework.context.annotation.AnnotationConfigApplicationContext@765ffb14 
INFO  2019-04-20T12:07:47,622 (com.infiniteautomation.mango.spring.MangoRuntimeContextConfiguration.contextStarted:134) - Spring context 'runtimeContext' started: org.springframework.context.annotation.AnnotationConfigApplicationContext@765ffb14 
INFO  2019-04-20T12:07:49,097 (com.serotonin.m2m2.rt.DataSourceGroupInitializer.initialize:77) - Initializing 4 NORMAL priority data sources in 8 threads. 
INFO  2019-04-20T12:07:49,322 (com.serotonin.m2m2.rt.RuntimeManagerImpl.initializeDataSourceStartup:380) - Data source 'Test' initialized 
INFO  2019-04-20T12:07:49,322 (com.serotonin.m2m2.rt.RuntimeManagerImpl.initializeDataSourceStartup:385) - Data source 'Test' took 166.481214ms to start 
INFO  2019-04-20T12:07:49,474 (com.serotonin.m2m2.rt.RuntimeManagerImpl.initializeDataSourceStartup:380) - Data source 'Mango Internal' initialized 
INFO  2019-04-20T12:07:49,474 (com.serotonin.m2m2.rt.RuntimeManagerImpl.initializeDataSourceStartup:385) - Data source 'Mango Internal' took 328.871846ms to start 
INFO  2019-04-20T12:07:49,655 (com.serotonin.m2m2.rt.RuntimeManagerImpl.initializeDataSourceStartup:380) - Data source 'Test2' initialized 
INFO  2019-04-20T12:07:49,655 (com.serotonin.m2m2.rt.RuntimeManagerImpl.initializeDataSourceStartup:385) - Data source 'Test2' took 500.513693ms to start 
INFO  2019-04-20T12:07:49,696 (com.serotonin.m2m2.rt.RuntimeManagerImpl.initializeDataSourceStartup:380) - Data source 'Weather' initialized 
INFO  2019-04-20T12:07:49,696 (com.serotonin.m2m2.rt.RuntimeManagerImpl.initializeDataSourceStartup:385) - Data source 'Weather' took 550.430967ms to start 
INFO  2019-04-20T12:07:50,002 (com.serotonin.m2m2.rt.DataSourceGroupInitializer.initialize:109) - Initialization of 4 NORMAL priority data sources took 905ms 
INFO  2019-04-20T12:07:50,272 (com.serotonin.m2m2.rt.RuntimeManagerImpl.initialize:156) - Starting 0 Publishers... 
INFO  2019-04-20T12:07:50,272 (com.serotonin.m2m2.rt.RuntimeManagerImpl.initialize:168) - 0 Publisher's started in 3ms 
INFO  2019-04-20T12:07:57,887 (com.serotonin.m2m2.web.M2M2ContextListener.contextInitialized:32) - Mango Automation context starting 
INFO  2019-04-20T12:07:57,887 (com.serotonin.m2m2.web.M2M2ContextListener.contextInitialized:40) - Mango Automation context started 
INFO  2019-04-20T12:08:09,551 (com.infiniteautomation.mango.spring.MangoRuntimeContextConfiguration.contextRefreshed:120) - Spring context 'rootWebContext' refreshed: Root WebApplicationContext 
WARN  2019-04-20T12:08:16,029 (org.springframework.web.servlet.handler.SimpleUrlHandlerMapping.registerHandlers:114) - Neither 'urlMap' nor 'mappings' set on SimpleUrlHandlerMapping 
INFO  2019-04-20T12:08:16,176 (com.infiniteautomation.mango.spring.MangoRuntimeContextConfiguration.contextRefreshed:120) - Spring context 'jspDispatcherContext' refreshed: WebApplicationContext for namespace 'JSP_DISPATCHER-servlet' 
INFO  2019-04-20T12:08:24,920 (com.serotonin.m2m2.web.mvc.rest.v1.BacnetDiscoveryRestController.<init>:54) - Creating Discovery Rest Controller 
INFO  2019-04-20T12:08:26,805 (com.serotonin.m2m2.web.mvc.rest.v1.DataPointRestController.<init>:76) - Creating Data Point Rest Controller. 
INFO  2019-04-20T12:08:28,383 (com.serotonin.m2m2.web.mvc.rest.v1.DataSourceRestController.<init>:62) - Creating DS Rest Controller 
INFO  2019-04-20T12:08:28,864 (com.infiniteautomation.mango.rest.v2.MetaRestController.<init>:52) - Creating meta rest controller. 
INFO  2019-04-20T12:08:29,962 (com.infiniteautomation.mango.rest.v2.DataPointRestController.<init>:96) - Creating Data Point v2 Rest Controller. 
INFO  2019-04-20T12:08:34,215 (com.infiniteautomation.mango.spring.MangoRuntimeContextConfiguration.contextRefreshed:120) - Spring context 'restDispatcherContext' refreshed: WebApplicationContext for namespace 'REST_DISPATCHER-servlet' 
INFO  2019-04-20T12:08:34,224 (com.serotonin.m2m2.Lifecycle.configureDwr:1249) - Added DWR definition for: EnvCanEditDwr 
INFO  2019-04-20T12:08:34,326 (com.serotonin.m2m2.Lifecycle.configureDwr:1249) - Added DWR definition for: HttpDataSourceDwr 
INFO  2019-04-20T12:08:34,331 (com.serotonin.m2m2.Lifecycle.configureDwr:1249) - Added DWR definition for: TcpIpDataSourceEditDwr 
INFO  2019-04-20T12:08:34,334 (com.serotonin.m2m2.Lifecycle.configureDwr:1249) - Added DWR definition for: Pop3EditDwr 
INFO  2019-04-20T12:08:34,337 (com.serotonin.m2m2.Lifecycle.configureDwr:1249) - Added DWR definition for: HaystackDataSourceDwr 
INFO  2019-04-20T12:08:34,338 (com.serotonin.m2m2.Lifecycle.configureDwr:1242) - Duplicate definition of DWR class ignored: com.serotonin.m2m2.http.dwr.HttpDataSourceDwr 
INFO  2019-04-20T12:08:34,340 (com.serotonin.m2m2.Lifecycle.configureDwr:1249) - Added DWR definition for: DataFileDataSourceEditDwr 
INFO  2019-04-20T12:08:34,344 (com.serotonin.m2m2.Lifecycle.configureDwr:1249) - Added DWR definition for: OPCDAEditDwr 
INFO  2019-04-20T12:08:34,352 (com.serotonin.m2m2.Lifecycle.configureDwr:1249) - Added DWR definition for: BACnetMSTPEditDwr 
INFO  2019-04-20T12:08:34,354 (com.serotonin.m2m2.Lifecycle.configureDwr:1249) - Added DWR definition for: PakBusEditDwr 
INFO  2019-04-20T12:08:34,357 (com.serotonin.m2m2.Lifecycle.configureDwr:1249) - Added DWR definition for: MBusEditDwr 
INFO  2019-04-20T12:08:34,358 (com.serotonin.m2m2.Lifecycle.configureDwr:1242) - Duplicate definition of DWR class ignored: com.infiniteautomation.mango.pakbus.dwr.PakBusEditDwr 
INFO  2019-04-20T12:08:34,360 (com.serotonin.m2m2.Lifecycle.configureDwr:1249) - Added DWR definition for: SNMPEditDwr 
INFO  2019-04-20T12:08:34,375 (com.serotonin.m2m2.Lifecycle.configureDwr:1249) - Added DWR definition for: InternalEditDwr 
INFO  2019-04-20T12:08:34,380 (com.serotonin.m2m2.Lifecycle.configureDwr:1249) - Added DWR definition for: SerialEditDwr 
INFO  2019-04-20T12:08:34,385 (com.serotonin.m2m2.Lifecycle.configureDwr:1249) - Added DWR definition for: MetaEditDwr 
INFO  2019-04-20T12:08:34,388 (com.serotonin.m2m2.Lifecycle.configureDwr:1249) - Added DWR definition for: DnpEditDwr 
INFO  2019-04-20T12:08:34,392 (com.serotonin.m2m2.Lifecycle.configureDwr:1249) - Added DWR definition for: ModbusEditDwr 
INFO  2019-04-20T12:08:34,394 (com.serotonin.m2m2.Lifecycle.configureDwr:1249) - Added DWR definition for: Log4jEditDwr 
INFO  2019-04-20T12:08:34,398 (com.serotonin.m2m2.Lifecycle.configureDwr:1249) - Added DWR definition for: ScriptingEditDwr 
INFO  2019-04-20T12:08:34,403 (com.serotonin.m2m2.Lifecycle.configureDwr:1249) - Added DWR definition for: SshDataSourceEditDwr 
INFO  2019-04-20T12:08:34,405 (com.serotonin.m2m2.Lifecycle.configureDwr:1249) - Added DWR definition for: AsciiFileEditDwr 
INFO  2019-04-20T12:08:34,405 (com.serotonin.m2m2.Lifecycle.configureDwr:1242) - Duplicate definition of DWR class ignored: com.serotonin.m2m2.http.dwr.HttpDataSourceDwr 
INFO  2019-04-20T12:08:34,407 (com.serotonin.m2m2.Lifecycle.configureDwr:1249) - Added DWR definition for: OneWireEditDwr 
INFO  2019-04-20T12:08:34,434 (com.serotonin.m2m2.Lifecycle.configureDwr:1249) - Added DWR definition for: SqlEditDwr 
INFO  2019-04-20T12:08:34,436 (com.serotonin.m2m2.Lifecycle.configureDwr:1249) - Added DWR definition for: VMStatEditDwr 
INFO  2019-04-20T12:08:34,438 (com.serotonin.m2m2.Lifecycle.configureDwr:1249) - Added DWR definition for: EgaugeDataSourceDwr 
INFO  2019-04-20T12:08:34,438 (com.serotonin.m2m2.Lifecycle.configureDwr:1242) - Duplicate definition of DWR class ignored: com.serotonin.m2m2.http.dwr.HttpDataSourceDwr 
INFO  2019-04-20T12:08:34,441 (com.serotonin.m2m2.Lifecycle.configureDwr:1249) - Added DWR definition for: BACnetIPEditDwr 
INFO  2019-04-20T12:08:34,441 (com.serotonin.m2m2.Lifecycle.configureDwr:1242) - Duplicate definition of DWR class ignored: br.org.scadabr.dnp3.dwr.DnpEditDwr 
INFO  2019-04-20T12:08:34,444 (com.serotonin.m2m2.Lifecycle.configureDwr:1249) - Added DWR definition for: ControlCoreEditDwr 
INFO  2019-04-20T12:08:34,444 (com.serotonin.m2m2.Lifecycle.configureDwr:1242) - Duplicate definition of DWR class ignored: com.serotonin.m2m2.modbus.dwr.ModbusEditDwr 
INFO  2019-04-20T12:08:34,444 (com.serotonin.m2m2.Lifecycle.configureDwr:1242) - Duplicate definition of DWR class ignored: com.serotonin.m2m2.http.dwr.HttpDataSourceDwr 
INFO  2019-04-20T12:08:34,445 (com.serotonin.m2m2.Lifecycle.configureDwr:1249) - Added DWR definition for: VirtualEditDwr 
INFO  2019-04-20T12:08:34,872 (org.springframework.web.servlet.handler.AbstractUrlHandlerMapping.registerHandler:373) - Mapped URL path [/data_point_details.shtm] onto handler of type [class com.serotonin.m2m2.web.mvc.UrlHandlerController] 
INFO  2019-04-20T12:08:34,872 (org.springframework.web.servlet.handler.AbstractUrlHandlerMapping.registerHandler:373) - Mapped URL path [/events.shtm] onto handler of type [class com.serotonin.m2m2.web.mvc.UrlHandlerController] 
INFO  2019-04-20T12:08:34,872 (org.springframework.web.servlet.handler.AbstractUrlHandlerMapping.registerHandler:373) - Mapped URL path [/pending_alarms.shtm] onto handler of type [class com.serotonin.m2m2.web.mvc.UrlHandlerController] 
INFO  2019-04-20T12:08:34,872 (org.springframework.web.servlet.handler.AbstractUrlHandlerMapping.registerHandler:373) - Mapped URL path [/event_handlers.shtm] onto handler of type [class com.serotonin.m2m2.web.mvc.UrlHandlerController] 
INFO  2019-04-20T12:08:34,872 (org.springframework.web.servlet.handler.AbstractUrlHandlerMapping.registerHandler:373) - Mapped URL path [/data_sources.shtm] onto handler of type [class com.serotonin.m2m2.web.mvc.UrlHandlerController] 
INFO  2019-04-20T12:08:34,872 (org.springframework.web.servlet.handler.AbstractUrlHandlerMapping.registerHandler:373) - Mapped URL path [/point_hierarchy.shtm] onto handler of type [class com.serotonin.m2m2.web.mvc.UrlHandlerController] 
INFO  2019-04-20T12:08:34,872 (org.springframework.web.servlet.handler.AbstractUrlHandlerMapping.registerHandler:373) - Mapped URL path [/mailing_lists.shtm] onto handler of type [class com.serotonin.m2m2.web.mvc.UrlHandlerController] 
INFO  2019-04-20T12:08:34,872 (org.springframework.web.servlet.handler.AbstractUrlHandlerMapping.registerHandler:373) - Mapped URL path [/publishers.shtm] onto handler of type [class com.serotonin.m2m2.web.mvc.UrlHandlerController] 
INFO  2019-04-20T12:08:34,873 (org.springframework.web.servlet.handler.AbstractUrlHandlerMapping.registerHandler:373) - Mapped URL path [/system_settings.shtm] onto handler of type [class com.serotonin.m2m2.web.mvc.UrlHandlerController] 
INFO  2019-04-20T12:08:34,873 (org.springframework.web.servlet.handler.AbstractUrlHandlerMapping.registerHandler:373) - Mapped URL path [/modules.shtm] onto handler of type [class com.serotonin.m2m2.web.mvc.UrlHandlerController] 
INFO  2019-04-20T12:08:34,873 (org.springframework.web.servlet.handler.AbstractUrlHandlerMapping.registerHandler:373) - Mapped URL path [/emport.shtm] onto handler of type [class com.serotonin.m2m2.web.mvc.UrlHandlerController] 
INFO  2019-04-20T12:08:34,873 (org.springframework.web.servlet.handler.AbstractUrlHandlerMapping.registerHandler:373) - Mapped URL path [/error.htm] onto handler of type [class com.serotonin.m2m2.web.mvc.UrlHandlerController] 
INFO  2019-04-20T12:08:34,874 (org.springframework.web.servlet.handler.AbstractUrlHandlerMapping.registerHandler:373) - Mapped URL path [/not-found.htm] onto handler of type [class com.serotonin.m2m2.web.mvc.UrlHandlerController] 
INFO  2019-04-20T12:08:34,882 (org.springframework.web.servlet.handler.AbstractUrlHandlerMapping.registerHandler:373) - Mapped URL path [/unauthorized.htm] onto handler of type [class com.serotonin.m2m2.web.mvc.UrlHandlerController] 
INFO  2019-04-20T12:08:34,883 (org.springframework.web.servlet.handler.AbstractUrlHandlerMapping.registerHandler:373) - Mapped URL path [/upload.shtm] onto handler of type [class com.serotonin.m2m2.web.mvc.UrlHandlerController] 
INFO  2019-04-20T12:08:34,883 (org.springframework.web.servlet.handler.AbstractUrlHandlerMapping.registerHandler:373) - Mapped URL path [/mobile_data_point_details.shtm] onto handler of type [class com.serotonin.m2m2.web.mvc.UrlHandlerController] 
INFO  2019-04-20T12:08:34,883 (org.springframework.web.servlet.handler.AbstractUrlHandlerMapping.registerHandler:373) - Mapped URL path [/dataImport.shtm] onto handler of type [class com.serotonin.m2m2.web.mvc.UrlHandlerController] 
INFO  2019-04-20T12:08:34,887 (org.springframework.web.servlet.handler.AbstractUrlHandlerMapping.registerHandler:373) - Mapped URL path [/csvDataImport.shtm] onto handler of type [class com.serotonin.m2m2.web.mvc.UrlHandlerController] 
INFO  2019-04-20T12:08:34,888 (org.springframework.web.servlet.handler.AbstractUrlHandlerMapping.registerHandler:373) - Mapped URL path [/excel-reports.shtm] onto handler of type [class com.serotonin.m2m2.web.mvc.UrlHandlerController] 
INFO  2019-04-20T12:08:34,892 (org.springframework.web.servlet.handler.AbstractUrlHandlerMapping.registerHandler:373) - Mapped URL path [/public_view.htm] onto handler of type [class com.serotonin.m2m2.web.mvc.UrlHandlerController] 
INFO  2019-04-20T12:08:34,897 (org.springframework.web.servlet.handler.AbstractUrlHandlerMapping.registerHandler:373) - Mapped URL path [/views.shtm] onto handler of type [class com.serotonin.m2m2.web.mvc.UrlHandlerController] 
INFO  2019-04-20T12:08:34,897 (org.springframework.web.servlet.handler.AbstractUrlHandlerMapping.registerHandler:373) - Mapped URL path [/logging_console.shtm] onto handler of type [class com.serotonin.m2m2.web.mvc.UrlHandlerController] 
INFO  2019-04-20T12:08:34,897 (org.springframework.web.servlet.handler.AbstractUrlHandlerMapping.registerHandler:373) - Mapped URL path [/maintenance_events.shtm] onto handler of type [class com.serotonin.m2m2.web.mvc.UrlHandlerController] 
INFO  2019-04-20T12:08:34,897 (org.springframework.web.servlet.handler.AbstractUrlHandlerMapping.registerHandler:373) - Mapped URL path [/point_links.shtm] onto handler of type [class com.serotonin.m2m2.web.mvc.UrlHandlerController] 
INFO  2019-04-20T12:08:34,933 (org.springframework.web.servlet.handler.AbstractUrlHandlerMapping.registerHandler:373) - Mapped URL path [/m2m_report_import.shtm] onto handler of type [class com.serotonin.m2m2.web.mvc.UrlHandlerController] 
INFO  2019-04-20T12:08:34,933 (org.springframework.web.servlet.handler.AbstractUrlHandlerMapping.registerHandler:373) - Mapped URL path [/reports.shtm] onto handler of type [class com.serotonin.m2m2.web.mvc.UrlHandlerController] 
INFO  2019-04-20T12:08:34,937 (org.springframework.web.servlet.handler.AbstractUrlHandlerMapping.registerHandler:373) - Mapped URL path [/reportChart.shtm] onto handler of type [class com.serotonin.m2m2.web.mvc.UrlHandlerController] 
INFO  2019-04-20T12:08:34,937 (org.springframework.web.servlet.handler.AbstractUrlHandlerMapping.registerHandler:373) - Mapped URL path [/templateConfig.shtm] onto handler of type [class com.serotonin.m2m2.web.mvc.UrlHandlerController] 
INFO  2019-04-20T12:08:34,940 (org.springframework.web.servlet.handler.AbstractUrlHandlerMapping.registerHandler:373) - Mapped URL path [/watch_list.shtm] onto handler of type [class com.serotonin.m2m2.web.mvc.UrlHandlerController] 
INFO  2019-04-20T12:08:34,942 (org.springframework.web.servlet.handler.AbstractUrlHandlerMapping.registerHandler:373) - Mapped URL path [/mobile/watch_list.shtm] onto handler of type [class com.serotonin.m2m2.web.mvc.UrlHandlerController] 
INFO  2019-04-20T12:08:34,946 (org.springframework.web.servlet.handler.AbstractUrlHandlerMapping.registerHandler:373) - Mapped URL path [/internal/workItems.shtm] onto handler of type [class com.serotonin.m2m2.web.mvc.UrlHandlerController] 
INFO  2019-04-20T12:08:34,946 (org.springframework.web.servlet.handler.AbstractUrlHandlerMapping.registerHandler:373) - Mapped URL path [/internal/queueStats.shtm] onto handler of type [class com.serotonin.m2m2.web.mvc.UrlHandlerController] 
INFO  2019-04-20T12:08:34,946 (org.springframework.web.servlet.handler.AbstractUrlHandlerMapping.registerHandler:373) - Mapped URL path [/internal/tasks.shtm] onto handler of type [class com.serotonin.m2m2.web.mvc.UrlHandlerController] 
INFO  2019-04-20T12:08:34,946 (org.springframework.web.servlet.handler.AbstractUrlHandlerMapping.registerHandler:373) - Mapped URL path [/internal/threads.shtm] onto handler of type [class com.serotonin.m2m2.web.mvc.UrlHandlerController] 
INFO  2019-04-20T12:08:34,947 (org.springframework.web.servlet.handler.AbstractUrlHandlerMapping.registerHandler:373) - Mapped URL path [/internal/status.shtm] onto handler of type [class com.serotonin.m2m2.web.mvc.UrlHandlerController] 
INFO  2019-04-20T12:08:34,947 (org.springframework.web.servlet.handler.AbstractUrlHandlerMapping.registerHandler:373) - Mapped URL path [/data_point_edit.shtm] onto handler of type [class com.serotonin.m2m2.web.mvc.controller.DataPointEditController] 
INFO  2019-04-20T12:08:34,947 (org.springframework.web.servlet.handler.AbstractUrlHandlerMapping.registerHandler:373) - Mapped URL path [/data_source_properties.shtm] onto handler of type [class com.serotonin.m2m2.web.mvc.controller.DataSourcePropertiesController] 
INFO  2019-04-20T12:08:34,947 (org.springframework.web.servlet.handler.AbstractUrlHandlerMapping.registerHandler:373) - Mapped URL path [/data_source_edit.shtm] onto handler of type [class com.serotonin.m2m2.web.mvc.controller.DataSourceEditController] 
INFO  2019-04-20T12:08:34,947 (org.springframework.web.servlet.handler.AbstractUrlHandlerMapping.registerHandler:373) - Mapped URL path [/data_source_properties_error.shtm] onto handler of type [class com.serotonin.m2m2.web.mvc.controller.DataSourceEditController] 
INFO  2019-04-20T12:08:34,947 (org.springframework.web.servlet.handler.AbstractUrlHandlerMapping.registerHandler:373) - Mapped URL path [/help.htm] onto handler of type [class com.serotonin.m2m2.web.mvc.controller.HelpController] 
INFO  2019-04-20T12:08:34,947 (org.springframework.web.servlet.handler.AbstractUrlHandlerMapping.registerHandler:373) - Mapped URL path [/startup.htm] onto handler of type [class com.serotonin.m2m2.web.mvc.controller.StartupController] 
INFO  2019-04-20T12:08:34,947 (org.springframework.web.servlet.handler.AbstractUrlHandlerMapping.registerHandler:373) - Mapped URL path [/shutdown.htm] onto handler of type [class com.serotonin.m2m2.web.mvc.controller.ShutdownController] 
INFO  2019-04-20T12:08:34,947 (org.springframework.web.servlet.handler.AbstractUrlHandlerMapping.registerHandler:373) - Mapped URL path [/publisher_edit.shtm] onto handler of type [class com.serotonin.m2m2.web.mvc.controller.PublisherEditController] 
INFO  2019-04-20T12:08:34,948 (org.springframework.web.servlet.handler.AbstractUrlHandlerMapping.registerHandler:373) - Mapped URL path [/users.shtm] onto handler of type [class com.serotonin.m2m2.web.mvc.controller.UsersController] 
INFO  2019-04-20T12:08:34,953 (org.springframework.web.servlet.handler.AbstractUrlHandlerMapping.registerHandler:373) - Mapped URL path [/view_edit.shtm] onto handler of type [class com.serotonin.m2m2.web.mvc.UrlHandlerController] 
INFO  2019-04-20T12:08:34,953 (org.springframework.web.servlet.handler.AbstractUrlHandlerMapping.registerHandler:373) - Mapped URL path [/scheduled_events.shtm] onto handler of type [class com.serotonin.m2m2.web.mvc.UrlHandlerController] 
INFO  2019-04-20T12:08:34,957 (org.springframework.web.servlet.handler.AbstractUrlHandlerMapping.registerHandler:373) - Mapped URL path [/sqlConsole.shtm] onto handler of type [class com.serotonin.m2m2.web.mvc.UrlHandlerController] 
INFO  2019-04-20T12:08:34,957 (org.springframework.web.servlet.handler.AbstractUrlHandlerMapping.registerHandler:373) - Mapped URL path [/globalScripts.shtm] onto handler of type [class com.serotonin.m2m2.web.mvc.UrlHandlerController] 
