INFO  2019-04-20T13:01:18,835 (com.serotonin.m2m2.Main.main:101) - Starting Mango 3.5.6 with Schema Version: 26 
INFO  2019-04-20T13:01:20,285 (com.serotonin.m2m2.Main.loadModules:588) - Loading module 'asciiFile', v3.5.0 by Infinite Automation Systems Inc. 
INFO  2019-04-20T13:01:20,320 (com.serotonin.m2m2.Main.loadModules:588) - Loading module 'BACnet', v3.5.1 by Infinite Automation Systems Inc. 
INFO  2019-04-20T13:01:20,335 (com.serotonin.m2m2.Main.loadModules:588) - Loading module 'cloudConnect', v3.5.2 by Infinite Automation Systems Inc. 
INFO  2019-04-20T13:01:20,341 (com.serotonin.m2m2.util.DocumentationManifest.parseManifestFile:60) - Documentation manifest file not found: C:\Users\USER\Documents\GitHub\Windmill\free-m2m2-core-3.5.6\web\modules\cloudConnect\web\dox\manifest.xml 
INFO  2019-04-20T13:01:20,349 (com.serotonin.m2m2.Main.loadModules:588) - Loading module 'controlcore', v3.5.0 by Infinite Automation Systems Inc. 
INFO  2019-04-20T13:01:20,361 (com.serotonin.m2m2.Main.loadModules:588) - Loading module 'dashboardDesigner', v3.5.1 by Infinite Automation Systems Inc. 
INFO  2019-04-20T13:01:20,366 (com.serotonin.m2m2.util.DocumentationManifest.parseManifestFile:60) - Documentation manifest file not found: C:\Users\USER\Documents\GitHub\Windmill\free-m2m2-core-3.5.6\web\modules\dashboardDesigner\web\dox\manifest.xml 
INFO  2019-04-20T13:01:20,374 (com.serotonin.m2m2.Main.loadModules:588) - Loading module 'dataFile', v3.5.0 by Infinite Automation Systems Inc. 
INFO  2019-04-20T13:01:20,407 (com.serotonin.m2m2.Main.loadModules:588) - Loading module 'dataImport', v3.5.0 by Infinite Automation Systems Inc. 
INFO  2019-04-20T13:01:20,422 (com.serotonin.m2m2.Main.loadModules:588) - Loading module 'deviceConfig', v3.5.0 by Infinite Automation Systems Inc. 
INFO  2019-04-20T13:01:20,430 (com.serotonin.m2m2.util.DocumentationManifest.parseManifestFile:60) - Documentation manifest file not found: C:\Users\USER\Documents\GitHub\Windmill\free-m2m2-core-3.5.6\web\modules\deviceConfig\web\dox\manifest.xml 
INFO  2019-04-20T13:01:20,445 (com.serotonin.m2m2.Main.loadModules:588) - Loading module 'dnp3', v3.5.0 by Infinite Automation Systems Inc. 
INFO  2019-04-20T13:01:20,466 (com.serotonin.m2m2.Main.loadModules:588) - Loading module 'egauge', v3.5.0 by Infinite Automation Systems Inc. 
INFO  2019-04-20T13:01:20,481 (com.serotonin.m2m2.Main.loadModules:588) - Loading module 'envcands', v3.5.0 by Infinite Automation Systems Inc. 
INFO  2019-04-20T13:01:20,496 (com.serotonin.m2m2.Main.loadModules:588) - Loading module 'excelReports', v3.5.3 by Infinite Automation Systems Inc. 
INFO  2019-04-20T13:01:20,545 (com.serotonin.m2m2.Main.loadModules:588) - Loading module 'graphicalViews', v3.5.2 by Infinite Automation Systems Inc. 
INFO  2019-04-20T13:01:20,607 (com.serotonin.m2m2.Main.loadModules:588) - Loading module 'Haystack', v3.5.0 by Infinite Automation Systems Inc. 
INFO  2019-04-20T13:01:20,628 (com.serotonin.m2m2.Main.loadModules:588) - Loading module 'http', v3.5.1 by Infinite Automation Systems Inc. 
INFO  2019-04-20T13:01:20,646 (com.serotonin.m2m2.Main.loadModules:588) - Loading module 'jsonFileImport', v3.5.0 by Infinite Automation Systems Inc. 
INFO  2019-04-20T13:01:20,663 (com.serotonin.m2m2.Main.loadModules:588) - Loading module 'log4jDS', v3.5.0 by Infinite Automation Systems Inc. 
INFO  2019-04-20T13:01:20,686 (com.serotonin.m2m2.Main.loadModules:588) - Loading module 'log4JReset', v3.5.0 by Infinite Automation Systems Inc. 
INFO  2019-04-20T13:01:20,694 (com.serotonin.m2m2.Main.loadModules:588) - Loading module 'loggingConsole', v3.5.0 by Infinite Automation Systems Inc. 
INFO  2019-04-20T13:01:20,708 (com.serotonin.m2m2.Main.loadModules:588) - Loading module 'maintenanceEvents', v3.5.0 by Infinite Automation Systems Inc. 
INFO  2019-04-20T13:01:20,727 (com.serotonin.m2m2.Main.loadModules:588) - Loading module 'mangoApi', v3.5.2 by Infinite Automation Systems Inc. 
INFO  2019-04-20T13:01:20,751 (com.serotonin.m2m2.Main.loadModules:588) - Loading module 'mangoUI', v3.5.5 by Infinite Automation Systems Inc. 
INFO  2019-04-20T13:01:20,757 (com.serotonin.m2m2.util.DocumentationManifest.parseManifestFile:60) - Documentation manifest file not found: C:\Users\USER\Documents\GitHub\Windmill\free-m2m2-core-3.5.6\web\modules\mangoUI\web\dox\manifest.xml 
INFO  2019-04-20T13:01:20,873 (com.serotonin.m2m2.Main.loadModules:588) - Loading module 'mbus', v3.5.0 by Infinite Automation Systems Inc. 
INFO  2019-04-20T13:01:20,894 (com.serotonin.m2m2.Main.loadModules:588) - Loading module 'meta', v3.5.0 by Infinite Automation Systems Inc. 
INFO  2019-04-20T13:01:20,907 (com.serotonin.m2m2.Main.loadModules:588) - Loading module 'modbus', v3.5.0 by Infinite Automation Systems Inc. 
INFO  2019-04-20T13:01:20,931 (com.serotonin.m2m2.Main.loadModules:588) - Loading module 'onewire', v3.5.0 by Infinite Automation Systems Inc. 
INFO  2019-04-20T13:01:20,953 (com.serotonin.m2m2.Main.loadModules:588) - Loading module 'opcda', v3.5.0 by Infinite Automation Systems Inc. 
INFO  2019-04-20T13:01:20,965 (com.serotonin.m2m2.Main.loadModules:588) - Loading module 'pakbus', v3.5.4 by Infinite Automation Systems Inc. 
INFO  2019-04-20T13:01:21,006 (com.serotonin.m2m2.Main.loadModules:588) - Loading module 'pointLinks', v3.5.1 by Infinite Automation Systems Inc. 
INFO  2019-04-20T13:01:21,043 (com.serotonin.m2m2.Main.loadModules:588) - Loading module 'pop3', v3.5.0 by Infinite Automation Systems Inc. 
INFO  2019-04-20T13:01:21,061 (com.serotonin.m2m2.Main.loadModules:588) - Loading module 'reports', v3.5.0 by Infinite Automation Systems Inc. 
INFO  2019-04-20T13:01:21,087 (com.serotonin.m2m2.Main.loadModules:588) - Loading module 'scheduledEvents', v3.5.0 by Infinite Automation Systems Inc. 
INFO  2019-04-20T13:01:21,117 (com.serotonin.m2m2.Main.loadModules:588) - Loading module 'scripting', v3.5.1 by Infinite Automation Systems Inc. 
INFO  2019-04-20T13:01:21,138 (com.serotonin.m2m2.Main.loadModules:588) - Loading module 'serial', v3.5.1 by Infinite Automation Systems Inc. 
INFO  2019-04-20T13:01:21,157 (com.serotonin.m2m2.Main.loadModules:588) - Loading module 'snmp', v3.5.0 by Infinite Automation Systems Inc. 
INFO  2019-04-20T13:01:21,180 (com.serotonin.m2m2.Main.loadModules:588) - Loading module 'sqlConsole', v3.5.1 by Infinite Automation Systems Inc. 
INFO  2019-04-20T13:01:21,200 (com.serotonin.m2m2.Main.loadModules:588) - Loading module 'sqlds', v3.5.0 by Infinite Automation Systems Inc. 
INFO  2019-04-20T13:01:21,215 (com.serotonin.m2m2.Main.loadModules:588) - Loading module 'ssh', v3.5.0 by Infinite Automation Systems Inc. 
INFO  2019-04-20T13:01:21,232 (com.serotonin.m2m2.Main.loadModules:588) - Loading module 'sstGlobalScripts', v3.5.0 by Infinite Automation Systems Inc. 
INFO  2019-04-20T13:01:21,249 (com.serotonin.m2m2.Main.loadModules:588) - Loading module 'sstGraphics', v3.5.0 by Infinite Automation Systems Inc. 
INFO  2019-04-20T13:01:21,323 (com.serotonin.m2m2.Main.loadModules:588) - Loading module 'TCPIP', v3.5.0 by Infinite Automation Systems Inc. 
INFO  2019-04-20T13:01:21,337 (com.serotonin.m2m2.Main.loadModules:588) - Loading module 'templateConfig', v3.5.0 by Infinite Automation Systems Inc. 
INFO  2019-04-20T13:01:21,354 (com.serotonin.m2m2.Main.loadModules:588) - Loading module 'twilio', v3.5.0 by Infinite Automation Systems Inc. 
INFO  2019-04-20T13:01:21,377 (com.serotonin.m2m2.Main.loadModules:588) - Loading module 'virtualDS', v3.5.0 by Infinite Automation Systems Inc. 
INFO  2019-04-20T13:01:21,401 (com.serotonin.m2m2.Main.loadModules:588) - Loading module 'vmstat', v3.5.0 by Infinite Automation Systems Inc. 
INFO  2019-04-20T13:01:21,416 (com.serotonin.m2m2.Main.loadModules:588) - Loading module 'watchlists', v3.5.0 by Infinite Automation Systems Inc. 
INFO  2019-04-20T13:01:21,454 (com.serotonin.m2m2.Main.loadModules:588) - Loading module 'internal', v3.5.0 by Infinite Automation Systems Inc. 
INFO  2019-04-20T13:01:27,811 (com.serotonin.m2m2.Lifecycle.loadLic:604) - Checking license... 
INFO  2019-04-20T13:01:27,813 (com.serotonin.m2m2.Lifecycle.loadLic:690) - License file not found 
INFO  2019-04-20T13:01:28,229 (com.serotonin.m2m2.db.H2Proxy.initializeImpl:42) - Initializing H2 connection manager 
INFO  2019-04-20T13:01:34,211 (com.serotonin.m2m2.db.upgrade.DBUpgrade.checkUpgrade:38) - Starting instance with core version 3.5.6, db 26 
INFO  2019-04-20T13:01:39,156 (com.infiniteautomation.mango.spring.MangoRuntimeContextConfiguration.contextRefreshed:120) - Spring context 'runtimeContext' refreshed: org.springframework.context.annotation.AnnotationConfigApplicationContext@4cbc2e3b 
INFO  2019-04-20T13:01:39,170 (com.infiniteautomation.mango.spring.MangoRuntimeContextConfiguration.contextStarted:134) - Spring context 'runtimeContext' started: org.springframework.context.annotation.AnnotationConfigApplicationContext@4cbc2e3b 
INFO  2019-04-20T13:01:39,573 (com.serotonin.m2m2.rt.DataSourceGroupInitializer.initialize:77) - Initializing 4 NORMAL priority data sources in 8 threads. 
INFO  2019-04-20T13:01:39,744 (com.serotonin.m2m2.rt.RuntimeManagerImpl.initializeDataSourceStartup:380) - Data source 'Test' initialized 
INFO  2019-04-20T13:01:39,744 (com.serotonin.m2m2.rt.RuntimeManagerImpl.initializeDataSourceStartup:385) - Data source 'Test' took 162.431945ms to start 
INFO  2019-04-20T13:01:39,837 (com.serotonin.m2m2.rt.RuntimeManagerImpl.initializeDataSourceStartup:380) - Data source 'Mango Internal' initialized 
INFO  2019-04-20T13:01:39,837 (com.serotonin.m2m2.rt.RuntimeManagerImpl.initializeDataSourceStartup:385) - Data source 'Mango Internal' took 256.928421ms to start 
INFO  2019-04-20T13:01:40,116 (com.serotonin.m2m2.rt.RuntimeManagerImpl.initializeDataSourceStartup:380) - Data source 'Test2' initialized 
INFO  2019-04-20T13:01:40,117 (com.serotonin.m2m2.rt.RuntimeManagerImpl.initializeDataSourceStartup:385) - Data source 'Test2' took 534.804136ms to start 
INFO  2019-04-20T13:01:40,167 (com.serotonin.m2m2.rt.RuntimeManagerImpl.initializeDataSourceStartup:380) - Data source 'Weather' initialized 
INFO  2019-04-20T13:01:40,167 (com.serotonin.m2m2.rt.RuntimeManagerImpl.initializeDataSourceStartup:385) - Data source 'Weather' took 581.282343ms to start 
INFO  2019-04-20T13:01:40,241 (com.serotonin.m2m2.rt.DataSourceGroupInitializer.initialize:109) - Initialization of 4 NORMAL priority data sources took 667ms 
INFO  2019-04-20T13:01:40,351 (com.serotonin.m2m2.rt.RuntimeManagerImpl.initialize:156) - Starting 0 Publishers... 
INFO  2019-04-20T13:01:40,352 (com.serotonin.m2m2.rt.RuntimeManagerImpl.initialize:168) - 0 Publisher's started in 4ms 
INFO  2019-04-20T13:01:43,995 (com.serotonin.m2m2.web.M2M2ContextListener.contextInitialized:32) - Mango Automation context starting 
INFO  2019-04-20T13:01:43,996 (com.serotonin.m2m2.web.M2M2ContextListener.contextInitialized:40) - Mango Automation context started 
INFO  2019-04-20T13:01:50,926 (com.infiniteautomation.mango.spring.MangoRuntimeContextConfiguration.contextRefreshed:120) - Spring context 'rootWebContext' refreshed: Root WebApplicationContext 
WARN  2019-04-20T13:01:53,670 (org.springframework.web.servlet.handler.SimpleUrlHandlerMapping.registerHandlers:114) - Neither 'urlMap' nor 'mappings' set on SimpleUrlHandlerMapping 
INFO  2019-04-20T13:01:53,833 (com.infiniteautomation.mango.spring.MangoRuntimeContextConfiguration.contextRefreshed:120) - Spring context 'jspDispatcherContext' refreshed: WebApplicationContext for namespace 'JSP_DISPATCHER-servlet' 
INFO  2019-04-20T13:01:59,102 (com.serotonin.m2m2.web.mvc.rest.v1.BacnetDiscoveryRestController.<init>:54) - Creating Discovery Rest Controller 
INFO  2019-04-20T13:02:00,099 (com.serotonin.m2m2.web.mvc.rest.v1.DataPointRestController.<init>:76) - Creating Data Point Rest Controller. 
INFO  2019-04-20T13:02:00,943 (com.serotonin.m2m2.web.mvc.rest.v1.DataSourceRestController.<init>:62) - Creating DS Rest Controller 
INFO  2019-04-20T13:02:01,686 (com.infiniteautomation.mango.rest.v2.MetaRestController.<init>:52) - Creating meta rest controller. 
INFO  2019-04-20T13:02:02,864 (com.infiniteautomation.mango.rest.v2.DataPointRestController.<init>:96) - Creating Data Point v2 Rest Controller. 
INFO  2019-04-20T13:02:05,680 (com.infiniteautomation.mango.spring.MangoRuntimeContextConfiguration.contextRefreshed:120) - Spring context 'restDispatcherContext' refreshed: WebApplicationContext for namespace 'REST_DISPATCHER-servlet' 
INFO  2019-04-20T13:02:05,691 (com.serotonin.m2m2.Lifecycle.configureDwr:1249) - Added DWR definition for: EnvCanEditDwr 
INFO  2019-04-20T13:02:05,698 (com.serotonin.m2m2.Lifecycle.configureDwr:1249) - Added DWR definition for: HttpDataSourceDwr 
INFO  2019-04-20T13:02:05,704 (com.serotonin.m2m2.Lifecycle.configureDwr:1249) - Added DWR definition for: TcpIpDataSourceEditDwr 
INFO  2019-04-20T13:02:05,709 (com.serotonin.m2m2.Lifecycle.configureDwr:1249) - Added DWR definition for: Pop3EditDwr 
INFO  2019-04-20T13:02:05,717 (com.serotonin.m2m2.Lifecycle.configureDwr:1249) - Added DWR definition for: HaystackDataSourceDwr 
INFO  2019-04-20T13:02:05,718 (com.serotonin.m2m2.Lifecycle.configureDwr:1242) - Duplicate definition of DWR class ignored: com.serotonin.m2m2.http.dwr.HttpDataSourceDwr 
INFO  2019-04-20T13:02:05,721 (com.serotonin.m2m2.Lifecycle.configureDwr:1249) - Added DWR definition for: DataFileDataSourceEditDwr 
INFO  2019-04-20T13:02:05,735 (com.serotonin.m2m2.Lifecycle.configureDwr:1249) - Added DWR definition for: OPCDAEditDwr 
INFO  2019-04-20T13:02:05,748 (com.serotonin.m2m2.Lifecycle.configureDwr:1249) - Added DWR definition for: BACnetMSTPEditDwr 
INFO  2019-04-20T13:02:05,754 (com.serotonin.m2m2.Lifecycle.configureDwr:1249) - Added DWR definition for: PakBusEditDwr 
INFO  2019-04-20T13:02:05,761 (com.serotonin.m2m2.Lifecycle.configureDwr:1249) - Added DWR definition for: MBusEditDwr 
INFO  2019-04-20T13:02:05,761 (com.serotonin.m2m2.Lifecycle.configureDwr:1242) - Duplicate definition of DWR class ignored: com.infiniteautomation.mango.pakbus.dwr.PakBusEditDwr 
INFO  2019-04-20T13:02:05,770 (com.serotonin.m2m2.Lifecycle.configureDwr:1249) - Added DWR definition for: SNMPEditDwr 
INFO  2019-04-20T13:02:05,777 (com.serotonin.m2m2.Lifecycle.configureDwr:1249) - Added DWR definition for: InternalEditDwr 
INFO  2019-04-20T13:02:05,784 (com.serotonin.m2m2.Lifecycle.configureDwr:1249) - Added DWR definition for: SerialEditDwr 
INFO  2019-04-20T13:02:05,793 (com.serotonin.m2m2.Lifecycle.configureDwr:1249) - Added DWR definition for: MetaEditDwr 
INFO  2019-04-20T13:02:05,801 (com.serotonin.m2m2.Lifecycle.configureDwr:1249) - Added DWR definition for: DnpEditDwr 
INFO  2019-04-20T13:02:05,808 (com.serotonin.m2m2.Lifecycle.configureDwr:1249) - Added DWR definition for: ModbusEditDwr 
INFO  2019-04-20T13:02:05,814 (com.serotonin.m2m2.Lifecycle.configureDwr:1249) - Added DWR definition for: Log4jEditDwr 
INFO  2019-04-20T13:02:05,821 (com.serotonin.m2m2.Lifecycle.configureDwr:1249) - Added DWR definition for: ScriptingEditDwr 
INFO  2019-04-20T13:02:05,830 (com.serotonin.m2m2.Lifecycle.configureDwr:1249) - Added DWR definition for: SshDataSourceEditDwr 
INFO  2019-04-20T13:02:05,836 (com.serotonin.m2m2.Lifecycle.configureDwr:1249) - Added DWR definition for: AsciiFileEditDwr 
INFO  2019-04-20T13:02:05,836 (com.serotonin.m2m2.Lifecycle.configureDwr:1242) - Duplicate definition of DWR class ignored: com.serotonin.m2m2.http.dwr.HttpDataSourceDwr 
INFO  2019-04-20T13:02:05,844 (com.serotonin.m2m2.Lifecycle.configureDwr:1249) - Added DWR definition for: OneWireEditDwr 
INFO  2019-04-20T13:02:05,850 (com.serotonin.m2m2.Lifecycle.configureDwr:1249) - Added DWR definition for: SqlEditDwr 
INFO  2019-04-20T13:02:05,853 (com.serotonin.m2m2.Lifecycle.configureDwr:1249) - Added DWR definition for: VMStatEditDwr 
INFO  2019-04-20T13:02:05,858 (com.serotonin.m2m2.Lifecycle.configureDwr:1249) - Added DWR definition for: EgaugeDataSourceDwr 
INFO  2019-04-20T13:02:05,858 (com.serotonin.m2m2.Lifecycle.configureDwr:1242) - Duplicate definition of DWR class ignored: com.serotonin.m2m2.http.dwr.HttpDataSourceDwr 
INFO  2019-04-20T13:02:05,868 (com.serotonin.m2m2.Lifecycle.configureDwr:1249) - Added DWR definition for: BACnetIPEditDwr 
INFO  2019-04-20T13:02:05,868 (com.serotonin.m2m2.Lifecycle.configureDwr:1242) - Duplicate definition of DWR class ignored: br.org.scadabr.dnp3.dwr.DnpEditDwr 
INFO  2019-04-20T13:02:05,877 (com.serotonin.m2m2.Lifecycle.configureDwr:1249) - Added DWR definition for: ControlCoreEditDwr 
INFO  2019-04-20T13:02:05,878 (com.serotonin.m2m2.Lifecycle.configureDwr:1242) - Duplicate definition of DWR class ignored: com.serotonin.m2m2.modbus.dwr.ModbusEditDwr 
INFO  2019-04-20T13:02:05,878 (com.serotonin.m2m2.Lifecycle.configureDwr:1242) - Duplicate definition of DWR class ignored: com.serotonin.m2m2.http.dwr.HttpDataSourceDwr 
INFO  2019-04-20T13:02:05,884 (com.serotonin.m2m2.Lifecycle.configureDwr:1249) - Added DWR definition for: VirtualEditDwr 
INFO  2019-04-20T13:02:05,983 (org.springframework.web.servlet.handler.AbstractUrlHandlerMapping.registerHandler:373) - Mapped URL path [/data_point_details.shtm] onto handler of type [class com.serotonin.m2m2.web.mvc.UrlHandlerController] 
INFO  2019-04-20T13:02:05,984 (org.springframework.web.servlet.handler.AbstractUrlHandlerMapping.registerHandler:373) - Mapped URL path [/events.shtm] onto handler of type [class com.serotonin.m2m2.web.mvc.UrlHandlerController] 
INFO  2019-04-20T13:02:05,984 (org.springframework.web.servlet.handler.AbstractUrlHandlerMapping.registerHandler:373) - Mapped URL path [/pending_alarms.shtm] onto handler of type [class com.serotonin.m2m2.web.mvc.UrlHandlerController] 
INFO  2019-04-20T13:02:05,984 (org.springframework.web.servlet.handler.AbstractUrlHandlerMapping.registerHandler:373) - Mapped URL path [/event_handlers.shtm] onto handler of type [class com.serotonin.m2m2.web.mvc.UrlHandlerController] 
INFO  2019-04-20T13:02:05,985 (org.springframework.web.servlet.handler.AbstractUrlHandlerMapping.registerHandler:373) - Mapped URL path [/data_sources.shtm] onto handler of type [class com.serotonin.m2m2.web.mvc.UrlHandlerController] 
INFO  2019-04-20T13:02:05,985 (org.springframework.web.servlet.handler.AbstractUrlHandlerMapping.registerHandler:373) - Mapped URL path [/point_hierarchy.shtm] onto handler of type [class com.serotonin.m2m2.web.mvc.UrlHandlerController] 
INFO  2019-04-20T13:02:05,985 (org.springframework.web.servlet.handler.AbstractUrlHandlerMapping.registerHandler:373) - Mapped URL path [/mailing_lists.shtm] onto handler of type [class com.serotonin.m2m2.web.mvc.UrlHandlerController] 
INFO  2019-04-20T13:02:05,985 (org.springframework.web.servlet.handler.AbstractUrlHandlerMapping.registerHandler:373) - Mapped URL path [/publishers.shtm] onto handler of type [class com.serotonin.m2m2.web.mvc.UrlHandlerController] 
INFO  2019-04-20T13:02:05,986 (org.springframework.web.servlet.handler.AbstractUrlHandlerMapping.registerHandler:373) - Mapped URL path [/system_settings.shtm] onto handler of type [class com.serotonin.m2m2.web.mvc.UrlHandlerController] 
INFO  2019-04-20T13:02:05,986 (org.springframework.web.servlet.handler.AbstractUrlHandlerMapping.registerHandler:373) - Mapped URL path [/modules.shtm] onto handler of type [class com.serotonin.m2m2.web.mvc.UrlHandlerController] 
INFO  2019-04-20T13:02:05,986 (org.springframework.web.servlet.handler.AbstractUrlHandlerMapping.registerHandler:373) - Mapped URL path [/emport.shtm] onto handler of type [class com.serotonin.m2m2.web.mvc.UrlHandlerController] 
INFO  2019-04-20T13:02:05,986 (org.springframework.web.servlet.handler.AbstractUrlHandlerMapping.registerHandler:373) - Mapped URL path [/error.htm] onto handler of type [class com.serotonin.m2m2.web.mvc.UrlHandlerController] 
INFO  2019-04-20T13:02:05,987 (org.springframework.web.servlet.handler.AbstractUrlHandlerMapping.registerHandler:373) - Mapped URL path [/not-found.htm] onto handler of type [class com.serotonin.m2m2.web.mvc.UrlHandlerController] 
INFO  2019-04-20T13:02:05,988 (org.springframework.web.servlet.handler.AbstractUrlHandlerMapping.registerHandler:373) - Mapped URL path [/unauthorized.htm] onto handler of type [class com.serotonin.m2m2.web.mvc.UrlHandlerController] 
INFO  2019-04-20T13:02:05,989 (org.springframework.web.servlet.handler.AbstractUrlHandlerMapping.registerHandler:373) - Mapped URL path [/upload.shtm] onto handler of type [class com.serotonin.m2m2.web.mvc.UrlHandlerController] 
INFO  2019-04-20T13:02:05,990 (org.springframework.web.servlet.handler.AbstractUrlHandlerMapping.registerHandler:373) - Mapped URL path [/mobile_data_point_details.shtm] onto handler of type [class com.serotonin.m2m2.web.mvc.UrlHandlerController] 
INFO  2019-04-20T13:02:05,990 (org.springframework.web.servlet.handler.AbstractUrlHandlerMapping.registerHandler:373) - Mapped URL path [/dataImport.shtm] onto handler of type [class com.serotonin.m2m2.web.mvc.UrlHandlerController] 
INFO  2019-04-20T13:02:05,999 (org.springframework.web.servlet.handler.AbstractUrlHandlerMapping.registerHandler:373) - Mapped URL path [/csvDataImport.shtm] onto handler of type [class com.serotonin.m2m2.web.mvc.UrlHandlerController] 
INFO  2019-04-20T13:02:06,000 (org.springframework.web.servlet.handler.AbstractUrlHandlerMapping.registerHandler:373) - Mapped URL path [/excel-reports.shtm] onto handler of type [class com.serotonin.m2m2.web.mvc.UrlHandlerController] 
INFO  2019-04-20T13:02:06,010 (org.springframework.web.servlet.handler.AbstractUrlHandlerMapping.registerHandler:373) - Mapped URL path [/public_view.htm] onto handler of type [class com.serotonin.m2m2.web.mvc.UrlHandlerController] 
INFO  2019-04-20T13:02:06,018 (org.springframework.web.servlet.handler.AbstractUrlHandlerMapping.registerHandler:373) - Mapped URL path [/views.shtm] onto handler of type [class com.serotonin.m2m2.web.mvc.UrlHandlerController] 
INFO  2019-04-20T13:02:06,018 (org.springframework.web.servlet.handler.AbstractUrlHandlerMapping.registerHandler:373) - Mapped URL path [/logging_console.shtm] onto handler of type [class com.serotonin.m2m2.web.mvc.UrlHandlerController] 
INFO  2019-04-20T13:02:06,019 (org.springframework.web.servlet.handler.AbstractUrlHandlerMapping.registerHandler:373) - Mapped URL path [/maintenance_events.shtm] onto handler of type [class com.serotonin.m2m2.web.mvc.UrlHandlerController] 
INFO  2019-04-20T13:02:06,019 (org.springframework.web.servlet.handler.AbstractUrlHandlerMapping.registerHandler:373) - Mapped URL path [/point_links.shtm] onto handler of type [class com.serotonin.m2m2.web.mvc.UrlHandlerController] 
INFO  2019-04-20T13:02:06,020 (org.springframework.web.servlet.handler.AbstractUrlHandlerMapping.registerHandler:373) - Mapped URL path [/m2m_report_import.shtm] onto handler of type [class com.serotonin.m2m2.web.mvc.UrlHandlerController] 
INFO  2019-04-20T13:02:06,020 (org.springframework.web.servlet.handler.AbstractUrlHandlerMapping.registerHandler:373) - Mapped URL path [/reports.shtm] onto handler of type [class com.serotonin.m2m2.web.mvc.UrlHandlerController] 
INFO  2019-04-20T13:02:06,033 (org.springframework.web.servlet.handler.AbstractUrlHandlerMapping.registerHandler:373) - Mapped URL path [/reportChart.shtm] onto handler of type [class com.serotonin.m2m2.web.mvc.UrlHandlerController] 
INFO  2019-04-20T13:02:06,033 (org.springframework.web.servlet.handler.AbstractUrlHandlerMapping.registerHandler:373) - Mapped URL path [/templateConfig.shtm] onto handler of type [class com.serotonin.m2m2.web.mvc.UrlHandlerController] 
INFO  2019-04-20T13:02:06,040 (org.springframework.web.servlet.handler.AbstractUrlHandlerMapping.registerHandler:373) - Mapped URL path [/watch_list.shtm] onto handler of type [class com.serotonin.m2m2.web.mvc.UrlHandlerController] 
INFO  2019-04-20T13:02:06,047 (org.springframework.web.servlet.handler.AbstractUrlHandlerMapping.registerHandler:373) - Mapped URL path [/mobile/watch_list.shtm] onto handler of type [class com.serotonin.m2m2.web.mvc.UrlHandlerController] 
INFO  2019-04-20T13:02:06,047 (org.springframework.web.servlet.handler.AbstractUrlHandlerMapping.registerHandler:373) - Mapped URL path [/internal/workItems.shtm] onto handler of type [class com.serotonin.m2m2.web.mvc.UrlHandlerController] 
INFO  2019-04-20T13:02:06,047 (org.springframework.web.servlet.handler.AbstractUrlHandlerMapping.registerHandler:373) - Mapped URL path [/internal/queueStats.shtm] onto handler of type [class com.serotonin.m2m2.web.mvc.UrlHandlerController] 
INFO  2019-04-20T13:02:06,048 (org.springframework.web.servlet.handler.AbstractUrlHandlerMapping.registerHandler:373) - Mapped URL path [/internal/tasks.shtm] onto handler of type [class com.serotonin.m2m2.web.mvc.UrlHandlerController] 
INFO  2019-04-20T13:02:06,050 (org.springframework.web.servlet.handler.AbstractUrlHandlerMapping.registerHandler:373) - Mapped URL path [/internal/threads.shtm] onto handler of type [class com.serotonin.m2m2.web.mvc.UrlHandlerController] 
INFO  2019-04-20T13:02:06,050 (org.springframework.web.servlet.handler.AbstractUrlHandlerMapping.registerHandler:373) - Mapped URL path [/internal/status.shtm] onto handler of type [class com.serotonin.m2m2.web.mvc.UrlHandlerController] 
INFO  2019-04-20T13:02:06,051 (org.springframework.web.servlet.handler.AbstractUrlHandlerMapping.registerHandler:373) - Mapped URL path [/data_point_edit.shtm] onto handler of type [class com.serotonin.m2m2.web.mvc.controller.DataPointEditController] 
INFO  2019-04-20T13:02:06,051 (org.springframework.web.servlet.handler.AbstractUrlHandlerMapping.registerHandler:373) - Mapped URL path [/data_source_properties.shtm] onto handler of type [class com.serotonin.m2m2.web.mvc.controller.DataSourcePropertiesController] 
INFO  2019-04-20T13:02:06,051 (org.springframework.web.servlet.handler.AbstractUrlHandlerMapping.registerHandler:373) - Mapped URL path [/data_source_edit.shtm] onto handler of type [class com.serotonin.m2m2.web.mvc.controller.DataSourceEditController] 
INFO  2019-04-20T13:02:06,051 (org.springframework.web.servlet.handler.AbstractUrlHandlerMapping.registerHandler:373) - Mapped URL path [/data_source_properties_error.shtm] onto handler of type [class com.serotonin.m2m2.web.mvc.controller.DataSourceEditController] 
INFO  2019-04-20T13:02:06,051 (org.springframework.web.servlet.handler.AbstractUrlHandlerMapping.registerHandler:373) - Mapped URL path [/help.htm] onto handler of type [class com.serotonin.m2m2.web.mvc.controller.HelpController] 
INFO  2019-04-20T13:02:06,052 (org.springframework.web.servlet.handler.AbstractUrlHandlerMapping.registerHandler:373) - Mapped URL path [/startup.htm] onto handler of type [class com.serotonin.m2m2.web.mvc.controller.StartupController] 
INFO  2019-04-20T13:02:06,052 (org.springframework.web.servlet.handler.AbstractUrlHandlerMapping.registerHandler:373) - Mapped URL path [/shutdown.htm] onto handler of type [class com.serotonin.m2m2.web.mvc.controller.ShutdownController] 
INFO  2019-04-20T13:02:06,052 (org.springframework.web.servlet.handler.AbstractUrlHandlerMapping.registerHandler:373) - Mapped URL path [/publisher_edit.shtm] onto handler of type [class com.serotonin.m2m2.web.mvc.controller.PublisherEditController] 
INFO  2019-04-20T13:02:06,052 (org.springframework.web.servlet.handler.AbstractUrlHandlerMapping.registerHandler:373) - Mapped URL path [/users.shtm] onto handler of type [class com.serotonin.m2m2.web.mvc.controller.UsersController] 
INFO  2019-04-20T13:02:06,064 (org.springframework.web.servlet.handler.AbstractUrlHandlerMapping.registerHandler:373) - Mapped URL path [/view_edit.shtm] onto handler of type [class com.serotonin.m2m2.web.mvc.UrlHandlerController] 
INFO  2019-04-20T13:02:06,064 (org.springframework.web.servlet.handler.AbstractUrlHandlerMapping.registerHandler:373) - Mapped URL path [/scheduled_events.shtm] onto handler of type [class com.serotonin.m2m2.web.mvc.UrlHandlerController] 
INFO  2019-04-20T13:02:06,081 (org.springframework.web.servlet.handler.AbstractUrlHandlerMapping.registerHandler:373) - Mapped URL path [/sqlConsole.shtm] onto handler of type [class com.serotonin.m2m2.web.mvc.UrlHandlerController] 
INFO  2019-04-20T13:02:06,081 (org.springframework.web.servlet.handler.AbstractUrlHandlerMapping.registerHandler:373) - Mapped URL path [/globalScripts.shtm] onto handler of type [class com.serotonin.m2m2.web.mvc.UrlHandlerController] 
WARN  2019-04-20T13:04:50,274 (com.serotonin.m2m2.rt.dataSource.PollingDataSource.incrementUnsuccessfulPolls:157) - Data Source Weather aborted 1 polls since it started. 
